{ "Timestamp": "2022-07-22 23:19:59.376 +02:00","RuleTitle": "Permanent WMI Event Consumer","Level": "info","Computer": "SANS-SIFT","Channel": "WMI","EventID": 5861,"RecordID": 867,"Details": {"Namespace": "//./root/subscription","Consumer": "NTEventLogEventConsumer=\"SCM Event Log Consumer\"","Details": "Binding EventFilter: \\ninstance of __EventFilter\\n{\\n\\tCreatorSID = {1, 2, 0, 0, 0, 0, 0, 5, 32, 0, 0, 0, 32, 2, 0, 0};\\n\\tEventNamespace = \"root\\\\cimv2\";\\n\\tName = \"SCM Event Log Filter\";\\n\\tQuery = \"select * from MSFT_SCMEventLogEvent\";\\n\\tQueryLanguage = \"WQL\";\\n};\\nPerm. Consumer: \\ninstance of NTEventLogEventConsumer\\n{\\n\\tCategory = 0;\\n\\tCreatorSID = {1, 2, 0, 0, 0, 0, 0, 5, 32, 0, 0, 0, 32, 2, 0, 0};\\n\\tEventType = 1;\\n\\tName = \"SCM Event Log Consumer\";\\n\\tNameOfUserSIDProperty = \"sid\";\\n\\tSourceName = \"Service Control Manager\";\\n};\\n"},"ExtraFieldInfo": {"ESS": "SCM Event Log Filter","PossibleCause": "Binding EventFilter: \\ninstance of __EventFilter\\n{\\n\\tCreatorSID = {1, 2, 0, 0, 0, 0, 0, 5, 32, 0, 0, 0, 32, 2, 0, 0};\\n\\tEventNamespace = \"root\\\\cimv2\";\\n\\tName = \"SCM Event Log Filter\";\\n\\tQuery = \"select * from MSFT_SCMEventLogEvent\";\\n\\tQueryLanguage = \"WQL\";\\n};\\nPerm. Consumer: \\ninstance of NTEventLogEventConsumer\\n{\\n\\tCategory = 0;\\n\\tCreatorSID = {1, 2, 0, 0, 0, 0, 0, 5, 32, 0, 0, 0, 32, 2, 0, 0};\\n\\tEventType = 1;\\n\\tName = \"SCM Event Log Consumer\";\\n\\tNameOfUserSIDProperty = \"sid\";\\n\\tSourceName = \"Service Control Manager\";\\n};"} }
{ "Timestamp": "2022-07-22 23:25:32.427 +02:00","RuleTitle": "Permanent WMI Event Consumer","Level": "info","Computer": "SANS-SIFT","Channel": "WMI","EventID": 5861,"RecordID": 885,"Details": {"Namespace": "//./root/subscription","Consumer": "NTEventLogEventConsumer=\"SCM Event Log Consumer\"","Details": "Binding EventFilter: \\ninstance of __EventFilter\\n{\\n\\tCreatorSID = {1, 2, 0, 0, 0, 0, 0, 5, 32, 0, 0, 0, 32, 2, 0, 0};\\n\\tEventNamespace = \"root\\\\cimv2\";\\n\\tName = \"SCM Event Log Filter\";\\n\\tQuery = \"select * from MSFT_SCMEventLogEvent\";\\n\\tQueryLanguage = \"WQL\";\\n};\\nPerm. Consumer: \\ninstance of NTEventLogEventConsumer\\n{\\n\\tCategory = 0;\\n\\tCreatorSID = {1, 2, 0, 0, 0, 0, 0, 5, 32, 0, 0, 0, 32, 2, 0, 0};\\n\\tEventType = 1;\\n\\tName = \"SCM Event Log Consumer\";\\n\\tNameOfUserSIDProperty = \"sid\";\\n\\tSourceName = \"Service Control Manager\";\\n};\\n"},"ExtraFieldInfo": {"ESS": "SCM Event Log Filter","PossibleCause": "Binding EventFilter: \\ninstance of __EventFilter\\n{\\n\\tCreatorSID = {1, 2, 0, 0, 0, 0, 0, 5, 32, 0, 0, 0, 32, 2, 0, 0};\\n\\tEventNamespace = \"root\\\\cimv2\";\\n\\tName = \"SCM Event Log Filter\";\\n\\tQuery = \"select * from MSFT_SCMEventLogEvent\";\\n\\tQueryLanguage = \"WQL\";\\n};\\nPerm. Consumer: \\ninstance of NTEventLogEventConsumer\\n{\\n\\tCategory = 0;\\n\\tCreatorSID = {1, 2, 0, 0, 0, 0, 0, 5, 32, 0, 0, 0, 32, 2, 0, 0};\\n\\tEventType = 1;\\n\\tName = \"SCM Event Log Consumer\";\\n\\tNameOfUserSIDProperty = \"sid\";\\n\\tSourceName = \"Service Control Manager\";\\n};"} }
{ "Timestamp": "2022-07-27 03:38:01.273 +02:00","RuleTitle": "Permanent WMI Event Consumer","Level": "info","Computer": "SANS-SIFT","Channel": "WMI","EventID": 5861,"RecordID": 905,"Details": {"Namespace": "//./root/subscription","Consumer": "NTEventLogEventConsumer=\"SCM Event Log Consumer\"","Details": "Binding EventFilter: \\ninstance of __EventFilter\\n{\\n\\tCreatorSID = {1, 2, 0, 0, 0, 0, 0, 5, 32, 0, 0, 0, 32, 2, 0, 0};\\n\\tEventNamespace = \"root\\\\cimv2\";\\n\\tName = \"SCM Event Log Filter\";\\n\\tQuery = \"select * from MSFT_SCMEventLogEvent\";\\n\\tQueryLanguage = \"WQL\";\\n};\\nPerm. Consumer: \\ninstance of NTEventLogEventConsumer\\n{\\n\\tCategory = 0;\\n\\tCreatorSID = {1, 2, 0, 0, 0, 0, 0, 5, 32, 0, 0, 0, 32, 2, 0, 0};\\n\\tEventType = 1;\\n\\tName = \"SCM Event Log Consumer\";\\n\\tNameOfUserSIDProperty = \"sid\";\\n\\tSourceName = \"Service Control Manager\";\\n};\\n"},"ExtraFieldInfo": {"ESS": "SCM Event Log Filter","PossibleCause": "Binding EventFilter: \\ninstance of __EventFilter\\n{\\n\\tCreatorSID = {1, 2, 0, 0, 0, 0, 0, 5, 32, 0, 0, 0, 32, 2, 0, 0};\\n\\tEventNamespace = \"root\\\\cimv2\";\\n\\tName = \"SCM Event Log Filter\";\\n\\tQuery = \"select * from MSFT_SCMEventLogEvent\";\\n\\tQueryLanguage = \"WQL\";\\n};\\nPerm. Consumer: \\ninstance of NTEventLogEventConsumer\\n{\\n\\tCategory = 0;\\n\\tCreatorSID = {1, 2, 0, 0, 0, 0, 0, 5, 32, 0, 0, 0, 32, 2, 0, 0};\\n\\tEventType = 1;\\n\\tName = \"SCM Event Log Consumer\";\\n\\tNameOfUserSIDProperty = \"sid\";\\n\\tSourceName = \"Service Control Manager\";\\n};"} }
{ "Timestamp": "2022-07-27 05:08:01.152 +02:00","RuleTitle": "Permanent WMI Event Consumer","Level": "info","Computer": "SANS-SIFT","Channel": "WMI","EventID": 5861,"RecordID": 941,"Details": {"Namespace": "//./root/subscription","Consumer": "NTEventLogEventConsumer=\"SCM Event Log Consumer\"","Details": "Binding EventFilter: \\ninstance of __EventFilter\\n{\\n\\tCreatorSID = {1, 2, 0, 0, 0, 0, 0, 5, 32, 0, 0, 0, 32, 2, 0, 0};\\n\\tEventNamespace = \"root\\\\cimv2\";\\n\\tName = \"SCM Event Log Filter\";\\n\\tQuery = \"select * from MSFT_SCMEventLogEvent\";\\n\\tQueryLanguage = \"WQL\";\\n};\\nPerm. Consumer: \\ninstance of NTEventLogEventConsumer\\n{\\n\\tCategory = 0;\\n\\tCreatorSID = {1, 2, 0, 0, 0, 0, 0, 5, 32, 0, 0, 0, 32, 2, 0, 0};\\n\\tEventType = 1;\\n\\tName = \"SCM Event Log Consumer\";\\n\\tNameOfUserSIDProperty = \"sid\";\\n\\tSourceName = \"Service Control Manager\";\\n};\\n"},"ExtraFieldInfo": {"ESS": "SCM Event Log Filter","PossibleCause": "Binding EventFilter: \\ninstance of __EventFilter\\n{\\n\\tCreatorSID = {1, 2, 0, 0, 0, 0, 0, 5, 32, 0, 0, 0, 32, 2, 0, 0};\\n\\tEventNamespace = \"root\\\\cimv2\";\\n\\tName = \"SCM Event Log Filter\";\\n\\tQuery = \"select * from MSFT_SCMEventLogEvent\";\\n\\tQueryLanguage = \"WQL\";\\n};\\nPerm. Consumer: \\ninstance of NTEventLogEventConsumer\\n{\\n\\tCategory = 0;\\n\\tCreatorSID = {1, 2, 0, 0, 0, 0, 0, 5, 32, 0, 0, 0, 32, 2, 0, 0};\\n\\tEventType = 1;\\n\\tName = \"SCM Event Log Consumer\";\\n\\tNameOfUserSIDProperty = \"sid\";\\n\\tSourceName = \"Service Control Manager\";\\n};"} }
{ "Timestamp": "2022-07-27 05:18:46.729 +02:00","RuleTitle": "Permanent WMI Event Consumer","Level": "info","Computer": "SANS-SIFT","Channel": "WMI","EventID": 5861,"RecordID": 962,"Details": {"Namespace": "//./root/subscription","Consumer": "NTEventLogEventConsumer=\"SCM Event Log Consumer\"","Details": "Binding EventFilter: \\ninstance of __EventFilter\\n{\\n\\tCreatorSID = {1, 2, 0, 0, 0, 0, 0, 5, 32, 0, 0, 0, 32, 2, 0, 0};\\n\\tEventNamespace = \"root\\\\cimv2\";\\n\\tName = \"SCM Event Log Filter\";\\n\\tQuery = \"select * from MSFT_SCMEventLogEvent\";\\n\\tQueryLanguage = \"WQL\";\\n};\\nPerm. Consumer: \\ninstance of NTEventLogEventConsumer\\n{\\n\\tCategory = 0;\\n\\tCreatorSID = {1, 2, 0, 0, 0, 0, 0, 5, 32, 0, 0, 0, 32, 2, 0, 0};\\n\\tEventType = 1;\\n\\tName = \"SCM Event Log Consumer\";\\n\\tNameOfUserSIDProperty = \"sid\";\\n\\tSourceName = \"Service Control Manager\";\\n};\\n"},"ExtraFieldInfo": {"ESS": "SCM Event Log Filter","PossibleCause": "Binding EventFilter: \\ninstance of __EventFilter\\n{\\n\\tCreatorSID = {1, 2, 0, 0, 0, 0, 0, 5, 32, 0, 0, 0, 32, 2, 0, 0};\\n\\tEventNamespace = \"root\\\\cimv2\";\\n\\tName = \"SCM Event Log Filter\";\\n\\tQuery = \"select * from MSFT_SCMEventLogEvent\";\\n\\tQueryLanguage = \"WQL\";\\n};\\nPerm. Consumer: \\ninstance of NTEventLogEventConsumer\\n{\\n\\tCategory = 0;\\n\\tCreatorSID = {1, 2, 0, 0, 0, 0, 0, 5, 32, 0, 0, 0, 32, 2, 0, 0};\\n\\tEventType = 1;\\n\\tName = \"SCM Event Log Consumer\";\\n\\tNameOfUserSIDProperty = \"sid\";\\n\\tSourceName = \"Service Control Manager\";\\n};"} }
{ "Timestamp": "2022-07-27 05:28:17.106 +02:00","RuleTitle": "Permanent WMI Event Consumer","Level": "info","Computer": "SANS-SIFT","Channel": "WMI","EventID": 5861,"RecordID": 977,"Details": {"Namespace": "//./root/subscription","Consumer": "NTEventLogEventConsumer=\"SCM Event Log Consumer\"","Details": "Binding EventFilter: \\ninstance of __EventFilter\\n{\\n\\tCreatorSID = {1, 2, 0, 0, 0, 0, 0, 5, 32, 0, 0, 0, 32, 2, 0, 0};\\n\\tEventNamespace = \"root\\\\cimv2\";\\n\\tName = \"SCM Event Log Filter\";\\n\\tQuery = \"select * from MSFT_SCMEventLogEvent\";\\n\\tQueryLanguage = \"WQL\";\\n};\\nPerm. Consumer: \\ninstance of NTEventLogEventConsumer\\n{\\n\\tCategory = 0;\\n\\tCreatorSID = {1, 2, 0, 0, 0, 0, 0, 5, 32, 0, 0, 0, 32, 2, 0, 0};\\n\\tEventType = 1;\\n\\tName = \"SCM Event Log Consumer\";\\n\\tNameOfUserSIDProperty = \"sid\";\\n\\tSourceName = \"Service Control Manager\";\\n};\\n"},"ExtraFieldInfo": {"ESS": "SCM Event Log Filter","PossibleCause": "Binding EventFilter: \\ninstance of __EventFilter\\n{\\n\\tCreatorSID = {1, 2, 0, 0, 0, 0, 0, 5, 32, 0, 0, 0, 32, 2, 0, 0};\\n\\tEventNamespace = \"root\\\\cimv2\";\\n\\tName = \"SCM Event Log Filter\";\\n\\tQuery = \"select * from MSFT_SCMEventLogEvent\";\\n\\tQueryLanguage = \"WQL\";\\n};\\nPerm. Consumer: \\ninstance of NTEventLogEventConsumer\\n{\\n\\tCategory = 0;\\n\\tCreatorSID = {1, 2, 0, 0, 0, 0, 0, 5, 32, 0, 0, 0, 32, 2, 0, 0};\\n\\tEventType = 1;\\n\\tName = \"SCM Event Log Consumer\";\\n\\tNameOfUserSIDProperty = \"sid\";\\n\\tSourceName = \"Service Control Manager\";\\n};"} }
{ "Timestamp": "2022-08-11 02:03:55.112 +02:00","RuleTitle": "Permanent WMI Event Consumer","Level": "info","Computer": "SANS-SIFT","Channel": "WMI","EventID": 5861,"RecordID": 989,"Details": {"Namespace": "//./root/subscription","Consumer": "NTEventLogEventConsumer=\"SCM Event Log Consumer\"","Details": "Binding EventFilter: \\ninstance of __EventFilter\\n{\\n\\tCreatorSID = {1, 2, 0, 0, 0, 0, 0, 5, 32, 0, 0, 0, 32, 2, 0, 0};\\n\\tEventNamespace = \"root\\\\cimv2\";\\n\\tName = \"SCM Event Log Filter\";\\n\\tQuery = \"select * from MSFT_SCMEventLogEvent\";\\n\\tQueryLanguage = \"WQL\";\\n};\\nPerm. Consumer: \\ninstance of NTEventLogEventConsumer\\n{\\n\\tCategory = 0;\\n\\tCreatorSID = {1, 2, 0, 0, 0, 0, 0, 5, 32, 0, 0, 0, 32, 2, 0, 0};\\n\\tEventType = 1;\\n\\tName = \"SCM Event Log Consumer\";\\n\\tNameOfUserSIDProperty = \"sid\";\\n\\tSourceName = \"Service Control Manager\";\\n};\\n"},"ExtraFieldInfo": {"ESS": "SCM Event Log Filter","PossibleCause": "Binding EventFilter: \\ninstance of __EventFilter\\n{\\n\\tCreatorSID = {1, 2, 0, 0, 0, 0, 0, 5, 32, 0, 0, 0, 32, 2, 0, 0};\\n\\tEventNamespace = \"root\\\\cimv2\";\\n\\tName = \"SCM Event Log Filter\";\\n\\tQuery = \"select * from MSFT_SCMEventLogEvent\";\\n\\tQueryLanguage = \"WQL\";\\n};\\nPerm. Consumer: \\ninstance of NTEventLogEventConsumer\\n{\\n\\tCategory = 0;\\n\\tCreatorSID = {1, 2, 0, 0, 0, 0, 0, 5, 32, 0, 0, 0, 32, 2, 0, 0};\\n\\tEventType = 1;\\n\\tName = \"SCM Event Log Consumer\";\\n\\tNameOfUserSIDProperty = \"sid\";\\n\\tSourceName = \"Service Control Manager\";\\n};"} }
{ "Timestamp": "2022-08-11 02:32:10.457 +02:00","RuleTitle": "Permanent WMI Event Consumer","Level": "info","Computer": "SANS-SIFT","Channel": "WMI","EventID": 5861,"RecordID": 1013,"Details": {"Namespace": "//./root/subscription","Consumer": "NTEventLogEventConsumer=\"SCM Event Log Consumer\"","Details": "Binding EventFilter: \\ninstance of __EventFilter\\n{\\n\\tCreatorSID = {1, 2, 0, 0, 0, 0, 0, 5, 32, 0, 0, 0, 32, 2, 0, 0};\\n\\tEventNamespace = \"root\\\\cimv2\";\\n\\tName = \"SCM Event Log Filter\";\\n\\tQuery = \"select * from MSFT_SCMEventLogEvent\";\\n\\tQueryLanguage = \"WQL\";\\n};\\nPerm. Consumer: \\ninstance of NTEventLogEventConsumer\\n{\\n\\tCategory = 0;\\n\\tCreatorSID = {1, 2, 0, 0, 0, 0, 0, 5, 32, 0, 0, 0, 32, 2, 0, 0};\\n\\tEventType = 1;\\n\\tName = \"SCM Event Log Consumer\";\\n\\tNameOfUserSIDProperty = \"sid\";\\n\\tSourceName = \"Service Control Manager\";\\n};\\n"},"ExtraFieldInfo": {"ESS": "SCM Event Log Filter","PossibleCause": "Binding EventFilter: \\ninstance of __EventFilter\\n{\\n\\tCreatorSID = {1, 2, 0, 0, 0, 0, 0, 5, 32, 0, 0, 0, 32, 2, 0, 0};\\n\\tEventNamespace = \"root\\\\cimv2\";\\n\\tName = \"SCM Event Log Filter\";\\n\\tQuery = \"select * from MSFT_SCMEventLogEvent\";\\n\\tQueryLanguage = \"WQL\";\\n};\\nPerm. Consumer: \\ninstance of NTEventLogEventConsumer\\n{\\n\\tCategory = 0;\\n\\tCreatorSID = {1, 2, 0, 0, 0, 0, 0, 5, 32, 0, 0, 0, 32, 2, 0, 0};\\n\\tEventType = 1;\\n\\tName = \"SCM Event Log Consumer\";\\n\\tNameOfUserSIDProperty = \"sid\";\\n\\tSourceName = \"Service Control Manager\";\\n};"} }
{ "Timestamp": "2022-08-11 03:07:26.317 +02:00","RuleTitle": "Permanent WMI Event Consumer","Level": "info","Computer": "SANS-SIFT","Channel": "WMI","EventID": 5861,"RecordID": 1027,"Details": {"Namespace": "//./root/subscription","Consumer": "NTEventLogEventConsumer=\"SCM Event Log Consumer\"","Details": "Binding EventFilter: \\ninstance of __EventFilter\\n{\\n\\tCreatorSID = {1, 2, 0, 0, 0, 0, 0, 5, 32, 0, 0, 0, 32, 2, 0, 0};\\n\\tEventNamespace = \"root\\\\cimv2\";\\n\\tName = \"SCM Event Log Filter\";\\n\\tQuery = \"select * from MSFT_SCMEventLogEvent\";\\n\\tQueryLanguage = \"WQL\";\\n};\\nPerm. Consumer: \\ninstance of NTEventLogEventConsumer\\n{\\n\\tCategory = 0;\\n\\tCreatorSID = {1, 2, 0, 0, 0, 0, 0, 5, 32, 0, 0, 0, 32, 2, 0, 0};\\n\\tEventType = 1;\\n\\tName = \"SCM Event Log Consumer\";\\n\\tNameOfUserSIDProperty = \"sid\";\\n\\tSourceName = \"Service Control Manager\";\\n};\\n"},"ExtraFieldInfo": {"ESS": "SCM Event Log Filter","PossibleCause": "Binding EventFilter: \\ninstance of __EventFilter\\n{\\n\\tCreatorSID = {1, 2, 0, 0, 0, 0, 0, 5, 32, 0, 0, 0, 32, 2, 0, 0};\\n\\tEventNamespace = \"root\\\\cimv2\";\\n\\tName = \"SCM Event Log Filter\";\\n\\tQuery = \"select * from MSFT_SCMEventLogEvent\";\\n\\tQueryLanguage = \"WQL\";\\n};\\nPerm. Consumer: \\ninstance of NTEventLogEventConsumer\\n{\\n\\tCategory = 0;\\n\\tCreatorSID = {1, 2, 0, 0, 0, 0, 0, 5, 32, 0, 0, 0, 32, 2, 0, 0};\\n\\tEventType = 1;\\n\\tName = \"SCM Event Log Consumer\";\\n\\tNameOfUserSIDProperty = \"sid\";\\n\\tSourceName = \"Service Control Manager\";\\n};"} }
{ "Timestamp": "2022-08-13 18:31:24.897 +02:00","RuleTitle": "Permanent WMI Event Consumer","Level": "info","Computer": "SANS-SIFT","Channel": "WMI","EventID": 5861,"RecordID": 1097,"Details": {"Namespace": "//./root/subscription","Consumer": "NTEventLogEventConsumer=\"SCM Event Log Consumer\"","Details": "Binding EventFilter: \\ninstance of __EventFilter\\n{\\n\\tCreatorSID = {1, 2, 0, 0, 0, 0, 0, 5, 32, 0, 0, 0, 32, 2, 0, 0};\\n\\tEventNamespace = \"root\\\\cimv2\";\\n\\tName = \"SCM Event Log Filter\";\\n\\tQuery = \"select * from MSFT_SCMEventLogEvent\";\\n\\tQueryLanguage = \"WQL\";\\n};\\nPerm. Consumer: \\ninstance of NTEventLogEventConsumer\\n{\\n\\tCategory = 0;\\n\\tCreatorSID = {1, 2, 0, 0, 0, 0, 0, 5, 32, 0, 0, 0, 32, 2, 0, 0};\\n\\tEventType = 1;\\n\\tName = \"SCM Event Log Consumer\";\\n\\tNameOfUserSIDProperty = \"sid\";\\n\\tSourceName = \"Service Control Manager\";\\n};\\n"},"ExtraFieldInfo": {"ESS": "SCM Event Log Filter","PossibleCause": "Binding EventFilter: \\ninstance of __EventFilter\\n{\\n\\tCreatorSID = {1, 2, 0, 0, 0, 0, 0, 5, 32, 0, 0, 0, 32, 2, 0, 0};\\n\\tEventNamespace = \"root\\\\cimv2\";\\n\\tName = \"SCM Event Log Filter\";\\n\\tQuery = \"select * from MSFT_SCMEventLogEvent\";\\n\\tQueryLanguage = \"WQL\";\\n};\\nPerm. Consumer: \\ninstance of NTEventLogEventConsumer\\n{\\n\\tCategory = 0;\\n\\tCreatorSID = {1, 2, 0, 0, 0, 0, 0, 5, 32, 0, 0, 0, 32, 2, 0, 0};\\n\\tEventType = 1;\\n\\tName = \"SCM Event Log Consumer\";\\n\\tNameOfUserSIDProperty = \"sid\";\\n\\tSourceName = \"Service Control Manager\";\\n};"} }
{ "Timestamp": "2022-08-13 20:29:37.334 +02:00","RuleTitle": "Permanent WMI Event Consumer","Level": "info","Computer": "SANS-SIFT","Channel": "WMI","EventID": 5861,"RecordID": 1122,"Details": {"Namespace": "//./root/subscription","Consumer": "NTEventLogEventConsumer=\"SCM Event Log Consumer\"","Details": "Binding EventFilter: \\ninstance of __EventFilter\\n{\\n\\tCreatorSID = {1, 2, 0, 0, 0, 0, 0, 5, 32, 0, 0, 0, 32, 2, 0, 0};\\n\\tEventNamespace = \"root\\\\cimv2\";\\n\\tName = \"SCM Event Log Filter\";\\n\\tQuery = \"select * from MSFT_SCMEventLogEvent\";\\n\\tQueryLanguage = \"WQL\";\\n};\\nPerm. Consumer: \\ninstance of NTEventLogEventConsumer\\n{\\n\\tCategory = 0;\\n\\tCreatorSID = {1, 2, 0, 0, 0, 0, 0, 5, 32, 0, 0, 0, 32, 2, 0, 0};\\n\\tEventType = 1;\\n\\tName = \"SCM Event Log Consumer\";\\n\\tNameOfUserSIDProperty = \"sid\";\\n\\tSourceName = \"Service Control Manager\";\\n};\\n"},"ExtraFieldInfo": {"ESS": "SCM Event Log Filter","PossibleCause": "Binding EventFilter: \\ninstance of __EventFilter\\n{\\n\\tCreatorSID = {1, 2, 0, 0, 0, 0, 0, 5, 32, 0, 0, 0, 32, 2, 0, 0};\\n\\tEventNamespace = \"root\\\\cimv2\";\\n\\tName = \"SCM Event Log Filter\";\\n\\tQuery = \"select * from MSFT_SCMEventLogEvent\";\\n\\tQueryLanguage = \"WQL\";\\n};\\nPerm. Consumer: \\ninstance of NTEventLogEventConsumer\\n{\\n\\tCategory = 0;\\n\\tCreatorSID = {1, 2, 0, 0, 0, 0, 0, 5, 32, 0, 0, 0, 32, 2, 0, 0};\\n\\tEventType = 1;\\n\\tName = \"SCM Event Log Consumer\";\\n\\tNameOfUserSIDProperty = \"sid\";\\n\\tSourceName = \"Service Control Manager\";\\n};"} }
{ "Timestamp": "2022-07-21 00:54:42.434 +02:00","RuleTitle": "Powershell File and Directory Discovery","Level": "low","Computer": "SANS-SIFT","Channel": "PwSh","EventID": 4104,"RecordID": 1559,"Details": {"ScriptBlock": "# Copyright  2008, Microsoft Corporation. All rights reserved.\\r\\n\\r\\n\\r\\n#Common utility functions\\r\\nImport-LocalizedData -BindingVariable localizationString -FileName CL_LocalizationData\\r\\n\\r\\n# Function to get user troubleshooting history\\r\\nfunction Get-UserTSHistoryPath {\\r\\n return \"${env:localappdata}\\diagnostics\"\\r\\n}\\r\\n\\r\\n# Function to get admin troubleshooting history\\r\\nfunction Get-AdminTSHistoryPath {\\r\\n return \"${env:localappdata}\\elevateddiagnostics\"\\r\\n}\\r\\n\\r\\n# Function to get user report folder path\\r\\nfunction Get-UserReportPath {\\r\\n return \"${env:localappdata}\\Microsoft\\Windows\\WER\\ReportQueue\"\\r\\n}\\r\\n\\r\\n# Function to get system report folder path\\r\\nfunction Get-MachineReportPath {\\r\\n return \"${env:AllUsersProfile}\\Microsoft\\Windows\\WER\\ReportQueue\"\\r\\n}\\r\\n\\r\\n# Function to get threshold to check whether a folder is old\\r\\nfunction Get-ThresholdForCheckOlderFile {\\r\\n [int]$threshold = -1\\r\\n return $threshold\\r\\n}\\r\\n\\r\\n# Function to get threshold for deleting WER folder\\r\\nfunction Get-ThresholdForFileDeleting() {\\r\\n [string]$registryEntryPath = \"HKLM:\\SOFTWARE\\Microsoft\\Windows\\Windows Error Reporting\"\\r\\n [string]$registryEntryName = \"PurgeThreshholdValueInKB\"\\r\\n [double]$defaultValue = 10.0\\r\\n\\r\\n return Get-RegistryValue $registryEntryPath $registryEntryName $defaultValue\\r\\n}\\r\\n\\r\\n# Function to get the size of a directory in kb\\r\\nfunction Get-FolderSize([string]$folder = $(throw \"No folder is specified\")) {\\r\\n if([String]::IsNullOrEmpty($folder) -or (-not(Test-Path $folder))) {\\r\\n return 0\\r\\n }\\r\\n\\r\\n if(-not $Global:DirectoryObject) {\\r\\n $Global:DirectoryObject = New-Object -comobject \"Scripting.FileSystemObject\"\\r\\n }\\r\\n\\r\\n return ($Global:DirectoryObject.GetFolder($folder).Size) / 1kb\\r\\n}\\r\\n\\r\\n# Function to delete a folder\\r\\nfunction Delete-Folder([string]$folder = $(throw \"No folder is specified\")) {\\r\\n if([String]::IsNullOrEmpty($folder) -or (-not(Test-Path $folder))) {\\r\\n return\\r\\n }\\r\\n\\r\\n Remove-Item -literalPath $folder -Recurse -Force\\r\\n}\\r\\n\\r\\n# Function to delete old folders\\r\\nfunction Delete-OldFolders($folder=$(throw \"No folder is specified\")) {\\r\\n if(($folder -eq $null) -or (-not(Test-Path $folder))) {\\r\\n return\\r\\n }\\r\\n\\r\\n [int]$threshold = Get-ThresholdForCheckOlderFile\\r\\n $folders = Get-ChildItem -LiteralPath ($folder.FullName) -Force | Where-Object {$_.PSIsContainer}\\r\\n if($folders -ne $null) {\\r\\n foreach($folder in $folders) {\\r\\n if((($folder.CreationTime).CompareTo((Get-Date).AddMonths($threshold))) -lt 0) {\\r\\n Delete-Folder ($folder.FullName)\\r\\n } else {\\r\\n Delete-OldFolders (Get-Item ($folder.FullName))\\r\\n }\\r\\n }\\r\\n }\\r\\n}\\r\\n\\r\\n# Function to get registry value\\r\\nfunction Get-RegistryValue([string]$registryEntryPath = $(throw \"No registry entry path is specified\"), [string]$registryEntryName = $(throw \"No registry entry name is specified\"), [double]$defaultValue = 0.0) {\\r\\n [double]$registryEntryValue = $defaultValue\\r\\n\\r\\n $registryEntry = Get-ItemProperty -Path $registryEntryPath -Name $registryEntryName\\r\\n if($registryEntry -ne $null) {\\r\\n $registryEntryValue = $registryEntry.$registryEntryName\\r\\n }\\r\\n\\r\\n\\treturn $registryEntryValue\\r\\n}\\r\\n\\r\\n# Function to get the percentage that WER queue can take up\\r\\nfunction Get-Percentage() {\\r\\n [string]$registryEntryPath = \"HKLM:\\SOFTWARE\\Microsoft\\Windows\\Windows Error Reporting\"\\r\\n [string]$registryEntryName = \"MaxQueueSizePercentage\"\\r\\n [double]$defaultValue = 100.0\\r\\n\\r\\n return Get-RegistryValue $registryEntryPath $registryEntryName $defaultValue\\r\\n}\\r\\n\\r\\n# Function to get free disk space on machine\\r\\nfunction Get-FreeSpace {\\r\\n [double]$freeSpace = 0.0\\r\\n [string]$wql = \"SELECT * FROM Win32_LogicalDisk WHERE MediaType=12\"\\r\\n $drives = Get-WmiObject -query $wql\\r\\n if($null -ne $drives) {\\r\\n foreach($drive in $drives) {\\r\\n $freeSpace += ($drive.freeSpace)\\r\\n }\\r\\n }\\r\\n\\r\\n return ($freeSpace / 1KB)\\r\\n}\\r\\n\\r\\n# Function to get all unnecessary files\\r\\nfunction Get-UnnecessaryFiles([string]$folder = $(throw \"No folder is specified\")) {\\r\\n if([String]::IsNullOrEmpty($folder) -or (-not(Test-Path $folder))) {\\r\\n return $null\\r\\n }\\r\\n\\r\\n [int]$threshold = Get-ThresholdForCheckOlderFile\\r\\n\\r\\n return (Get-ChildItem -literalPath $folder -Recurse -Force | Where-Object {($_.PSIsContainer) -and ((($_.CreationTime).CompareTo((Get-Date).AddMonths($threshold))) -lt 0)})\\r\\n}\\r\\n\\r\\n# Function to format disk space (KB -> MB)\\r\\nfunction Format-DiskSpaceMB([double]$space = $(throw \"No space is specified\")) {\\r\\n return [string]([Math]::Round(($space / 1KB), 3))\\r\\n}\\r\\n\\r\\n# Function to format disk space (B -> GB)\\r\\nFunction Format-DiskSpaceGB([double]$space = $(throw \"No space is specified\")) {\\r\\n return [string]([Math]::Round(($space / 1GB), 3))\\r\\n}\\r\\n\\r\\n# Function to attach item to the list with delimiter \"/\"\\r\\nfunction AttachTo-List([string]$list = $(throw \"No list is specified\"), [string]$item = $(throw \"No item is specified\"))\\r\\n{\\r\\n if([String]::IsNullOrEmpty($list))\\r\\n {\\r\\n return $item\\r\\n }\\r\\n\\r\\n if([String]::IsNullOrEmpty($item))\\r\\n {\\r\\n return $list\\r\\n }\\r\\n\\r\\n return $list + \"/\" + $item\\r\\n}\\r\\n\\r\\n# Function to parse the the list with delimiter \"/\"\\r\\nfunction Parse-List([string]$list = $(throw \"No list is specified\"))\\r\\n{\\r\\n if($list -eq $null)\\r\\n {\\r\\n return $null\\r\\n }\\r\\n\\r\\n return $list.Split(\"/\", [StringSplitOptions]::RemoveEmptyEntries)\\r\\n}\\r\\n\\r\\n# Function to get list length\\r\\nfunction Get-ListLength([string]$list = $(throw \"No list is specified\"))\\r\\n{\\r\\n if($list -eq $null)\\r\\n {\\r\\n return 0\\r\\n }\\r\\n\\r\\n $result = Parse-List $list\\r\\n\\r\\n if($result -is [string])\\r\\n {\\r\\n return 1\\r\\n }\\r\\n elseif($result -is [object[]])\\r\\n {\\r\\n return $result.count\\r\\n }\\r\\n else\\r\\n {\\r\\n return 0\\r\\n }\\r\\n}\\r\\n\\r\\n# Function to convert to WQL path\\r\\nfunction ConvertTo-WQLPath([string]$wqlPath = $(throw \"No WQL path is specified\"))\\r\\n{\\r\\n if($wqlPath -eq $null)\\r\\n {\\r\\n return \"\"\\r\\n }\\r\\n\\r\\n return $wqlPath.Replace(\"\\\", \"\\\\\")\\r\\n}\\r\\n\\r\\n# Function to check whether the shortcut is valid\\r\\nfunction Test-ValidLink([Wmi]$wmiLinkFile = $(throw \"No WMI link file is specified\"))\\r\\n{\\r\\n if(($wmiLinkFile -eq $null) -or ([String]::IsNullOrEmpty($wmiLinkFile.Target)))\\r\\n {\\r\\n return $false\\r\\n }\\r\\n\\r\\n return Test-Path $wmiLinkFile.Target\\r\\n}\\r\\n\\r\\n# Function to chech whether have permission to delete the shortcut file\\r\\nfunction Test-Delete([Wmi]$wmiLinkFile = $(throw \"No WMI link file is specified\"))\\r\\n{\\r\\n if($wmiLinkFile -eq $null)\\r\\n {\\r\\n return $false\\r\\n }\\r\\n\\r\\n return ($wmiLinkFile.AccessMask -band 0x10000) -eq 0x10000\\r\\n}\\r\\n\\r\\n# Function to get desktop path\\r\\nfunction Get-DesktopPath()\\r\\n{\\r\\n$methodDefinition = @\"\\r\\n public static string GetDesktopPath\\r\\n {\\r\\n get\\r\\n {\\r\\n return Environment.GetFolderPath(Environment.SpecialFolder.DesktopDirectory);\\r\\n }\\r\\n }\\r\\n\"@\\r\\n\\r\\n $type = Add-Type -MemberDefinition $methodDefinition -Name \"DesktopPath\" -PassThru\\r\\n\\r\\n return $type::GetDesktopPath\\r\\n}\\r\\n\\r\\n# Function to get startup path\\r\\nfunction Get-StartupPath()\\r\\n{\\r\\n$methodDefinition = @\"\\r\\n public static string GetStartupPath\\r\\n {\\r\\n get\\r\\n {\\r\\n return Environment.GetFolderPath(Environment.SpecialFolder.Startup);\\r\\n }\\r\\n }\\r\\n\"@\\r\\n\\r\\n $type = Add-Type -MemberDefinition $methodDefinition -Name \"StartupPath\" -PassThru\\r\\n\\r\\n return $type::GetStartupPath\\r\\n}\\r\\n\\r\\n# Function to remove all files in the list\\r\\nfunction Remove-FileList([string]$list = $(throw \"No list is specified\"))\\r\\n{\\r\\n if([String]::IsNullOrEmpty($list))\\r\\n {\\r\\n return\\r\\n }\\r\\n\\r\\n try\\r\\n {\\r\\n Parse-List $list | Foreach-Object {\\r\\n if(-not([String]::IsNullOrEmpty($_)))\\r\\n {\\r\\n Remove-Item $_ -Force\\r\\n }\\r\\n }\\r\\n }\\r\\n catch\\r\\n {\\r\\n $_ | ConvertTo-Xml | Update-DiagReport -id DeleteFileExceptions -Name $localizationString.filesFailToRemove_name -Description $localizationString.filesFailToRemove_description -Verbosity Warning\\r\\n }\\r\\n}\\r\\n\\r\\n# Function to get the last access time of an Icon\\r\\nfunction Get-LastAccessTime([string]$filePath = $(throw \"No file path is specified\"))\\r\\n{\\r\\n if([String]::IsNullOrEmpty($filePath) -or -not(Test-Path $filePath))\\r\\n {\\r\\n throw \"No file path found\"\\r\\n }\\r\\n\\r\\n$typeDefinition = @\"\\r\\n\\r\\nusing System;\\r\\nusing System.Collections.Generic;\\r\\nusing System.Runtime.InteropServices;\\r\\nusing ComType = System.Runtime.InteropServices.ComTypes;\\r\\n\\r\\npublic sealed class FileInfo\\r\\n{\\r\\n private FileInfo()\\r\\n {\\r\\n }\\r\\n\\r\\n [StructLayout(LayoutKind.Sequential, CharSet = CharSet.Unicode)]\\r\\n struct UAINFO\\r\\n {\\r\\n internal int cbSize;\\r\\n internal int dwMask;\\r\\n internal float R;\\r\\n internal uint cLaunches;\\r\\n internal uint cSwitches;\\r\\n internal int dwTime;\\r\\n internal ComType.FILETIME ftExecute;\\r\\n [MarshalAs(UnmanagedType.Bool)] internal bool fExcludeFromMFU;\\r\\n\\r\\n internal UAINFO(int dwMask)\\r\\n {\\r\\n this.cbSize = Marshal.SizeOf(typeof(UAINFO));\\r\\n this.dwMask = dwMask;\\r\\n this.R = 0;\\r\\n this.cLaunches = 0;\\r\\n this.cSwitches = 0;\\r\\n this.dwTime = 0;\\r\\n this.ftExecute = new ComType.FILETIME();\\r\\n this.fExcludeFromMFU = false;\\r\\n }\\r\\n }\\r\\n\\r\\n internal const int UAIM_FILETIME = 1;\\r\\n internal static Guid UAIID_SHORTCUTS = new Guid(\"F4E57C4B-2036-45F0-A9AB-443BCFE33D9F\");\\r\\n\\r\\n [ComImport, Guid(\"90D75131-43A6-4664-9AF8-DCCEB85A7462\"), InterfaceType(ComInterfaceType.InterfaceIsIUnknown)]\\r\\n interface IShellUserAssist\\r\\n {\\r\\n int FireEvent(ref Guid pguidGrp, int eCmd, string pszPath, int dwTimeElapsed);\\r\\n int QueryEntry(ref Guid pguidGrp, string pszPath, ref UAINFO pui);\\r\\n int SetEntry(ref Guid pguidGrp, string pszPath, ref UAINFO pui);\\r\\n int RenameEntry(ref Guid pguidGrp, string pszFrom, string pszTo);\\r\\n int DeleteEntry(ref Guid pguidGrp, string pszPath);\\r\\n int Enable(bool fEnable);\\r\\n }\\r\\n\\r\\n [ComImport, Guid(\"DD313E04-FEFF-11d1-8ECD-0000F87A470C\")]\\r\\n internal class UserAssist { }\\r\\n\\r\\n public static DateTime GetLastAccessTime(string filePath)\\r\\n {\\r\\n if(String.IsNullOrEmpty(filePath))\\r\\n {\\r\\n throw new ArgumentException(\"The file path is null or empty\");\\r\\n }\\r\\n\\r\\n UAINFO uaInfo = new UAINFO(UAIM_FILETIME);\\r\\n IShellUserAssist iShellUserAssist = new UserAssist() as IShellUserAssist;\\r\\n if (iShellUserAssist == null)\\r\\n {\\r\\n throw new InvalidOperationException(\"Can't get iShellUserAssist interface\");\\r\\n }\\r\\n\\r\\n try\\r\\n {\\r\\n Marshal.ThrowExceptionForHR(iShellUserAssist.QueryEntry(ref UAIID_SHORTCUTS, filePath, ref uaInfo));\\r\\n }\\r\\n catch\\r\\n {\\r\\n throw new InvalidOperationException(\"Can't query info about\" + filePath);\\r\\n }\\r\\n\\r\\n long fileTime = (((long)uaInfo.ftExecute.dwHighDateTime) << 32) + uaInfo.ftExecute.dwLowDateTime;\\r\\n\\r\\n return DateTime.FromFileTime(fileTime);\\r\\n }\\r\\n}\\r\\n\"@\\r\\n\\r\\n $type = Add-Type -TypeDefinition $typeDefinition -PassThru\\r\\n\\r\\n return $type[0]::GetLastAccessTime($filePath)\\r\\n}\\r\\n\\r\\n# Function to check whether the icon is pointing to a file\\r\\nfunction Test-FileShortcut([Wmi]$wmiLinkFile = $(throw \"No wmi link file is specified\"))\\r\\n{\\r\\n if($wmiLinkFile -eq $null)\\r\\n {\\r\\n return $false\\r\\n }\\r\\n\\r\\n [string]$target = $wmiLinkFile.Target\\r\\n if([String]::IsNullOrEmpty($target) -or -not(Test-Path $target))\\r\\n {\\r\\n return $false\\r\\n }\\r\\n\\r\\n return -not((Get-Item $target).PSIsContainer)\\r\\n}\\r\\n\\r\\n# Function to create a choice in interaction page\\r\\nfunction Get-Choice([string]$name = $(throw \"No choice name is specified\"), [string]$description = $(throw \"No choice description is specified\"),\\r\\n [string]$value = $(throw \"No choice value is specified\"), [xml]$extension)\\r\\n{\\r\\n return @{\"Name\"=$name;\"Description\"=$description;\"Value\"=$value;\"ExtensionPoint\"=$extension.InnerXml}\\r\\n}\\r\\n\\r\\n# Function to check whether the current machine is domain joined\\r\\nFunction Test-DomainJoined()\\r\\n{\\r\\n return (Get-WmiObject -query \"select * from win32_ntdomain where Status ='OK'\") -ne $null\\r\\n}\\r\\n\\r\\n# Function to update time source\\r\\nFunction Update-TimeSource([string]$timeSource = $(throw \"No time source is specified\"))\\r\\n{\\r\\n w32tm.exe /config /update /manualpeerlist:\"$timeSource\"\\r\\n}\\r\\n\\r\\n# Function to get system drive info\\r\\nfunction Get-SystemDriveInfo() {\\r\\n [string]$wql = \"SELECT * FROM Win32_LogicalDisk WHERE MediaType=12 AND Name = '\" + ${env:systemdrive} + \"'\"\\r\\n return Get-WmiObject -query $wql\\r\\n}\\r\\n\\r\\n# Function to get time service status\\r\\nfunction Get-ServiceStatus([string]$serviceName=$(throw \"No service name is specified\")) {\\r\\n [bool]$startService = $true\\r\\n\\r\\n [WMI]$timeService = @(Get-WmiObject -Query \"Select * From Win32_Service Where Name = `\"$serviceName`\"\")[0]\\r\\n if($null -ne $timeService) {\\r\\n [ServiceProcess.ServiceControllerStatus]$timeServicesStatus = (Get-Service $serviceName).Status\\r\\n if(([ServiceProcess.ServiceControllerStatus]::Stopped -eq $timeServicesStatus) -or ([ServiceProcess.ServiceControllerStatus]::StopPending -eq $timeServicesStatus)) {\\r\\n $startService = $false\\r\\n }\\r\\n }\\r\\n\\r\\n return $startService\\r\\n}\\r\\n\\r\\n# Function to wait for expected service status\\r\\nfunction WaitFor-ServiceStatus([string]$serviceName=$(throw \"No service name is specified\"), [ServiceProcess.ServiceControllerStatus]$serviceStatus=$(throw \"No service status is specified\")) {\\r\\n [ServiceProcess.ServiceController]$sc = New-Object \"ServiceProcess.ServiceController\" $serviceName\\r\\n [TimeSpan]$timeOut = New-Object TimeSpan(0,0,0,5,0)\\r\\n $sc.WaitForStatus($serviceStatus, $timeOut)\\r\\n}"},"ExtraFieldInfo": {"MessageNumber": 1,"MessageTotal": 1,"Path": "C:\\Windows\\TEMP\\SDIAG_60754633-3045-4b65-bd7c-140edccd3bff\\CL_Utility.ps1","ScriptBlockId": "cb4a02d2-eef3-4b3b-88f6-b2199eb3b4ad"} }
{ "Timestamp": "2022-07-27 04:11:14.742 +02:00","RuleTitle": "Powershell File and Directory Discovery","Level": "low","Computer": "SANS-SIFT","Channel": "PwSh","EventID": 4104,"RecordID": 1579,"Details": {"ScriptBlock": "# Copyright  2008, Microsoft Corporation. All rights reserved.\\r\\n\\r\\n\\r\\n#Common utility functions\\r\\nImport-LocalizedData -BindingVariable localizationString -FileName CL_LocalizationData\\r\\n\\r\\n# Function to get user troubleshooting history\\r\\nfunction Get-UserTSHistoryPath {\\r\\n return \"${env:localappdata}\\diagnostics\"\\r\\n}\\r\\n\\r\\n# Function to get admin troubleshooting history\\r\\nfunction Get-AdminTSHistoryPath {\\r\\n return \"${env:localappdata}\\elevateddiagnostics\"\\r\\n}\\r\\n\\r\\n# Function to get user report folder path\\r\\nfunction Get-UserReportPath {\\r\\n return \"${env:localappdata}\\Microsoft\\Windows\\WER\\ReportQueue\"\\r\\n}\\r\\n\\r\\n# Function to get system report folder path\\r\\nfunction Get-MachineReportPath {\\r\\n return \"${env:AllUsersProfile}\\Microsoft\\Windows\\WER\\ReportQueue\"\\r\\n}\\r\\n\\r\\n# Function to get threshold to check whether a folder is old\\r\\nfunction Get-ThresholdForCheckOlderFile {\\r\\n [int]$threshold = -1\\r\\n return $threshold\\r\\n}\\r\\n\\r\\n# Function to get threshold for deleting WER folder\\r\\nfunction Get-ThresholdForFileDeleting() {\\r\\n [string]$registryEntryPath = \"HKLM:\\SOFTWARE\\Microsoft\\Windows\\Windows Error Reporting\"\\r\\n [string]$registryEntryName = \"PurgeThreshholdValueInKB\"\\r\\n [double]$defaultValue = 10.0\\r\\n\\r\\n return Get-RegistryValue $registryEntryPath $registryEntryName $defaultValue\\r\\n}\\r\\n\\r\\n# Function to get the size of a directory in kb\\r\\nfunction Get-FolderSize([string]$folder = $(throw \"No folder is specified\")) {\\r\\n if([String]::IsNullOrEmpty($folder) -or (-not(Test-Path $folder))) {\\r\\n return 0\\r\\n }\\r\\n\\r\\n if(-not $Global:DirectoryObject) {\\r\\n $Global:DirectoryObject = New-Object -comobject \"Scripting.FileSystemObject\"\\r\\n }\\r\\n\\r\\n return ($Global:DirectoryObject.GetFolder($folder).Size) / 1kb\\r\\n}\\r\\n\\r\\n# Function to delete a folder\\r\\nfunction Delete-Folder([string]$folder = $(throw \"No folder is specified\")) {\\r\\n if([String]::IsNullOrEmpty($folder) -or (-not(Test-Path $folder))) {\\r\\n return\\r\\n }\\r\\n\\r\\n Remove-Item -literalPath $folder -Recurse -Force\\r\\n}\\r\\n\\r\\n# Function to delete old folders\\r\\nfunction Delete-OldFolders($folder=$(throw \"No folder is specified\")) {\\r\\n if(($folder -eq $null) -or (-not(Test-Path $folder))) {\\r\\n return\\r\\n }\\r\\n\\r\\n [int]$threshold = Get-ThresholdForCheckOlderFile\\r\\n $folders = Get-ChildItem -LiteralPath ($folder.FullName) -Force | Where-Object {$_.PSIsContainer}\\r\\n if($folders -ne $null) {\\r\\n foreach($folder in $folders) {\\r\\n if((($folder.CreationTime).CompareTo((Get-Date).AddMonths($threshold))) -lt 0) {\\r\\n Delete-Folder ($folder.FullName)\\r\\n } else {\\r\\n Delete-OldFolders (Get-Item ($folder.FullName))\\r\\n }\\r\\n }\\r\\n }\\r\\n}\\r\\n\\r\\n# Function to get registry value\\r\\nfunction Get-RegistryValue([string]$registryEntryPath = $(throw \"No registry entry path is specified\"), [string]$registryEntryName = $(throw \"No registry entry name is specified\"), [double]$defaultValue = 0.0) {\\r\\n [double]$registryEntryValue = $defaultValue\\r\\n\\r\\n $registryEntry = Get-ItemProperty -Path $registryEntryPath -Name $registryEntryName\\r\\n if($registryEntry -ne $null) {\\r\\n $registryEntryValue = $registryEntry.$registryEntryName\\r\\n }\\r\\n\\r\\n\\treturn $registryEntryValue\\r\\n}\\r\\n\\r\\n# Function to get the percentage that WER queue can take up\\r\\nfunction Get-Percentage() {\\r\\n [string]$registryEntryPath = \"HKLM:\\SOFTWARE\\Microsoft\\Windows\\Windows Error Reporting\"\\r\\n [string]$registryEntryName = \"MaxQueueSizePercentage\"\\r\\n [double]$defaultValue = 100.0\\r\\n\\r\\n return Get-RegistryValue $registryEntryPath $registryEntryName $defaultValue\\r\\n}\\r\\n\\r\\n# Function to get free disk space on machine\\r\\nfunction Get-FreeSpace {\\r\\n [double]$freeSpace = 0.0\\r\\n [string]$wql = \"SELECT * FROM Win32_LogicalDisk WHERE MediaType=12\"\\r\\n $drives = Get-WmiObject -query $wql\\r\\n if($null -ne $drives) {\\r\\n foreach($drive in $drives) {\\r\\n $freeSpace += ($drive.freeSpace)\\r\\n }\\r\\n }\\r\\n\\r\\n return ($freeSpace / 1KB)\\r\\n}\\r\\n\\r\\n# Function to get all unnecessary files\\r\\nfunction Get-UnnecessaryFiles([string]$folder = $(throw \"No folder is specified\")) {\\r\\n if([String]::IsNullOrEmpty($folder) -or (-not(Test-Path $folder))) {\\r\\n return $null\\r\\n }\\r\\n\\r\\n [int]$threshold = Get-ThresholdForCheckOlderFile\\r\\n\\r\\n return (Get-ChildItem -literalPath $folder -Recurse -Force | Where-Object {($_.PSIsContainer) -and ((($_.CreationTime).CompareTo((Get-Date).AddMonths($threshold))) -lt 0)})\\r\\n}\\r\\n\\r\\n# Function to format disk space (KB -> MB)\\r\\nfunction Format-DiskSpaceMB([double]$space = $(throw \"No space is specified\")) {\\r\\n return [string]([Math]::Round(($space / 1KB), 3))\\r\\n}\\r\\n\\r\\n# Function to format disk space (B -> GB)\\r\\nFunction Format-DiskSpaceGB([double]$space = $(throw \"No space is specified\")) {\\r\\n return [string]([Math]::Round(($space / 1GB), 3))\\r\\n}\\r\\n\\r\\n# Function to attach item to the list with delimiter \"/\"\\r\\nfunction AttachTo-List([string]$list = $(throw \"No list is specified\"), [string]$item = $(throw \"No item is specified\"))\\r\\n{\\r\\n if([String]::IsNullOrEmpty($list))\\r\\n {\\r\\n return $item\\r\\n }\\r\\n\\r\\n if([String]::IsNullOrEmpty($item))\\r\\n {\\r\\n return $list\\r\\n }\\r\\n\\r\\n return $list + \"/\" + $item\\r\\n}\\r\\n\\r\\n# Function to parse the the list with delimiter \"/\"\\r\\nfunction Parse-List([string]$list = $(throw \"No list is specified\"))\\r\\n{\\r\\n if($list -eq $null)\\r\\n {\\r\\n return $null\\r\\n }\\r\\n\\r\\n return $list.Split(\"/\", [StringSplitOptions]::RemoveEmptyEntries)\\r\\n}\\r\\n\\r\\n# Function to get list length\\r\\nfunction Get-ListLength([string]$list = $(throw \"No list is specified\"))\\r\\n{\\r\\n if($list -eq $null)\\r\\n {\\r\\n return 0\\r\\n }\\r\\n\\r\\n $result = Parse-List $list\\r\\n\\r\\n if($result -is [string])\\r\\n {\\r\\n return 1\\r\\n }\\r\\n elseif($result -is [object[]])\\r\\n {\\r\\n return $result.count\\r\\n }\\r\\n else\\r\\n {\\r\\n return 0\\r\\n }\\r\\n}\\r\\n\\r\\n# Function to convert to WQL path\\r\\nfunction ConvertTo-WQLPath([string]$wqlPath = $(throw \"No WQL path is specified\"))\\r\\n{\\r\\n if($wqlPath -eq $null)\\r\\n {\\r\\n return \"\"\\r\\n }\\r\\n\\r\\n return $wqlPath.Replace(\"\\\", \"\\\\\")\\r\\n}\\r\\n\\r\\n# Function to check whether the shortcut is valid\\r\\nfunction Test-ValidLink([Wmi]$wmiLinkFile = $(throw \"No WMI link file is specified\"))\\r\\n{\\r\\n if(($wmiLinkFile -eq $null) -or ([String]::IsNullOrEmpty($wmiLinkFile.Target)))\\r\\n {\\r\\n return $false\\r\\n }\\r\\n\\r\\n return Test-Path $wmiLinkFile.Target\\r\\n}\\r\\n\\r\\n# Function to chech whether have permission to delete the shortcut file\\r\\nfunction Test-Delete([Wmi]$wmiLinkFile = $(throw \"No WMI link file is specified\"))\\r\\n{\\r\\n if($wmiLinkFile -eq $null)\\r\\n {\\r\\n return $false\\r\\n }\\r\\n\\r\\n return ($wmiLinkFile.AccessMask -band 0x10000) -eq 0x10000\\r\\n}\\r\\n\\r\\n# Function to get desktop path\\r\\nfunction Get-DesktopPath()\\r\\n{\\r\\n$methodDefinition = @\"\\r\\n public static string GetDesktopPath\\r\\n {\\r\\n get\\r\\n {\\r\\n return Environment.GetFolderPath(Environment.SpecialFolder.DesktopDirectory);\\r\\n }\\r\\n }\\r\\n\"@\\r\\n\\r\\n $type = Add-Type -MemberDefinition $methodDefinition -Name \"DesktopPath\" -PassThru\\r\\n\\r\\n return $type::GetDesktopPath\\r\\n}\\r\\n\\r\\n# Function to get startup path\\r\\nfunction Get-StartupPath()\\r\\n{\\r\\n$methodDefinition = @\"\\r\\n public static string GetStartupPath\\r\\n {\\r\\n get\\r\\n {\\r\\n return Environment.GetFolderPath(Environment.SpecialFolder.Startup);\\r\\n }\\r\\n }\\r\\n\"@\\r\\n\\r\\n $type = Add-Type -MemberDefinition $methodDefinition -Name \"StartupPath\" -PassThru\\r\\n\\r\\n return $type::GetStartupPath\\r\\n}\\r\\n\\r\\n# Function to remove all files in the list\\r\\nfunction Remove-FileList([string]$list = $(throw \"No list is specified\"))\\r\\n{\\r\\n if([String]::IsNullOrEmpty($list))\\r\\n {\\r\\n return\\r\\n }\\r\\n\\r\\n try\\r\\n {\\r\\n Parse-List $list | Foreach-Object {\\r\\n if(-not([String]::IsNullOrEmpty($_)))\\r\\n {\\r\\n Remove-Item $_ -Force\\r\\n }\\r\\n }\\r\\n }\\r\\n catch\\r\\n {\\r\\n $_ | ConvertTo-Xml | Update-DiagReport -id DeleteFileExceptions -Name $localizationString.filesFailToRemove_name -Description $localizationString.filesFailToRemove_description -Verbosity Warning\\r\\n }\\r\\n}\\r\\n\\r\\n# Function to get the last access time of an Icon\\r\\nfunction Get-LastAccessTime([string]$filePath = $(throw \"No file path is specified\"))\\r\\n{\\r\\n if([String]::IsNullOrEmpty($filePath) -or -not(Test-Path $filePath))\\r\\n {\\r\\n throw \"No file path found\"\\r\\n }\\r\\n\\r\\n$typeDefinition = @\"\\r\\n\\r\\nusing System;\\r\\nusing System.Collections.Generic;\\r\\nusing System.Runtime.InteropServices;\\r\\nusing ComType = System.Runtime.InteropServices.ComTypes;\\r\\n\\r\\npublic sealed class FileInfo\\r\\n{\\r\\n private FileInfo()\\r\\n {\\r\\n }\\r\\n\\r\\n [StructLayout(LayoutKind.Sequential, CharSet = CharSet.Unicode)]\\r\\n struct UAINFO\\r\\n {\\r\\n internal int cbSize;\\r\\n internal int dwMask;\\r\\n internal float R;\\r\\n internal uint cLaunches;\\r\\n internal uint cSwitches;\\r\\n internal int dwTime;\\r\\n internal ComType.FILETIME ftExecute;\\r\\n [MarshalAs(UnmanagedType.Bool)] internal bool fExcludeFromMFU;\\r\\n\\r\\n internal UAINFO(int dwMask)\\r\\n {\\r\\n this.cbSize = Marshal.SizeOf(typeof(UAINFO));\\r\\n this.dwMask = dwMask;\\r\\n this.R = 0;\\r\\n this.cLaunches = 0;\\r\\n this.cSwitches = 0;\\r\\n this.dwTime = 0;\\r\\n this.ftExecute = new ComType.FILETIME();\\r\\n this.fExcludeFromMFU = false;\\r\\n }\\r\\n }\\r\\n\\r\\n internal const int UAIM_FILETIME = 1;\\r\\n internal static Guid UAIID_SHORTCUTS = new Guid(\"F4E57C4B-2036-45F0-A9AB-443BCFE33D9F\");\\r\\n\\r\\n [ComImport, Guid(\"90D75131-43A6-4664-9AF8-DCCEB85A7462\"), InterfaceType(ComInterfaceType.InterfaceIsIUnknown)]\\r\\n interface IShellUserAssist\\r\\n {\\r\\n int FireEvent(ref Guid pguidGrp, int eCmd, string pszPath, int dwTimeElapsed);\\r\\n int QueryEntry(ref Guid pguidGrp, string pszPath, ref UAINFO pui);\\r\\n int SetEntry(ref Guid pguidGrp, string pszPath, ref UAINFO pui);\\r\\n int RenameEntry(ref Guid pguidGrp, string pszFrom, string pszTo);\\r\\n int DeleteEntry(ref Guid pguidGrp, string pszPath);\\r\\n int Enable(bool fEnable);\\r\\n }\\r\\n\\r\\n [ComImport, Guid(\"DD313E04-FEFF-11d1-8ECD-0000F87A470C\")]\\r\\n internal class UserAssist { }\\r\\n\\r\\n public static DateTime GetLastAccessTime(string filePath)\\r\\n {\\r\\n if(String.IsNullOrEmpty(filePath))\\r\\n {\\r\\n throw new ArgumentException(\"The file path is null or empty\");\\r\\n }\\r\\n\\r\\n UAINFO uaInfo = new UAINFO(UAIM_FILETIME);\\r\\n IShellUserAssist iShellUserAssist = new UserAssist() as IShellUserAssist;\\r\\n if (iShellUserAssist == null)\\r\\n {\\r\\n throw new InvalidOperationException(\"Can't get iShellUserAssist interface\");\\r\\n }\\r\\n\\r\\n try\\r\\n {\\r\\n Marshal.ThrowExceptionForHR(iShellUserAssist.QueryEntry(ref UAIID_SHORTCUTS, filePath, ref uaInfo));\\r\\n }\\r\\n catch\\r\\n {\\r\\n throw new InvalidOperationException(\"Can't query info about\" + filePath);\\r\\n }\\r\\n\\r\\n long fileTime = (((long)uaInfo.ftExecute.dwHighDateTime) << 32) + uaInfo.ftExecute.dwLowDateTime;\\r\\n\\r\\n return DateTime.FromFileTime(fileTime);\\r\\n }\\r\\n}\\r\\n\"@\\r\\n\\r\\n $type = Add-Type -TypeDefinition $typeDefinition -PassThru\\r\\n\\r\\n return $type[0]::GetLastAccessTime($filePath)\\r\\n}\\r\\n\\r\\n# Function to check whether the icon is pointing to a file\\r\\nfunction Test-FileShortcut([Wmi]$wmiLinkFile = $(throw \"No wmi link file is specified\"))\\r\\n{\\r\\n if($wmiLinkFile -eq $null)\\r\\n {\\r\\n return $false\\r\\n }\\r\\n\\r\\n [string]$target = $wmiLinkFile.Target\\r\\n if([String]::IsNullOrEmpty($target) -or -not(Test-Path $target))\\r\\n {\\r\\n return $false\\r\\n }\\r\\n\\r\\n return -not((Get-Item $target).PSIsContainer)\\r\\n}\\r\\n\\r\\n# Function to create a choice in interaction page\\r\\nfunction Get-Choice([string]$name = $(throw \"No choice name is specified\"), [string]$description = $(throw \"No choice description is specified\"),\\r\\n [string]$value = $(throw \"No choice value is specified\"), [xml]$extension)\\r\\n{\\r\\n return @{\"Name\"=$name;\"Description\"=$description;\"Value\"=$value;\"ExtensionPoint\"=$extension.InnerXml}\\r\\n}\\r\\n\\r\\n# Function to check whether the current machine is domain joined\\r\\nFunction Test-DomainJoined()\\r\\n{\\r\\n return (Get-WmiObject -query \"select * from win32_ntdomain where Status ='OK'\") -ne $null\\r\\n}\\r\\n\\r\\n# Function to update time source\\r\\nFunction Update-TimeSource([string]$timeSource = $(throw \"No time source is specified\"))\\r\\n{\\r\\n w32tm.exe /config /update /manualpeerlist:\"$timeSource\"\\r\\n}\\r\\n\\r\\n# Function to get system drive info\\r\\nfunction Get-SystemDriveInfo() {\\r\\n [string]$wql = \"SELECT * FROM Win32_LogicalDisk WHERE MediaType=12 AND Name = '\" + ${env:systemdrive} + \"'\"\\r\\n return Get-WmiObject -query $wql\\r\\n}\\r\\n\\r\\n# Function to get time service status\\r\\nfunction Get-ServiceStatus([string]$serviceName=$(throw \"No service name is specified\")) {\\r\\n [bool]$startService = $true\\r\\n\\r\\n [WMI]$timeService = @(Get-WmiObject -Query \"Select * From Win32_Service Where Name = `\"$serviceName`\"\")[0]\\r\\n if($null -ne $timeService) {\\r\\n [ServiceProcess.ServiceControllerStatus]$timeServicesStatus = (Get-Service $serviceName).Status\\r\\n if(([ServiceProcess.ServiceControllerStatus]::Stopped -eq $timeServicesStatus) -or ([ServiceProcess.ServiceControllerStatus]::StopPending -eq $timeServicesStatus)) {\\r\\n $startService = $false\\r\\n }\\r\\n }\\r\\n\\r\\n return $startService\\r\\n}\\r\\n\\r\\n# Function to wait for expected service status\\r\\nfunction WaitFor-ServiceStatus([string]$serviceName=$(throw \"No service name is specified\"), [ServiceProcess.ServiceControllerStatus]$serviceStatus=$(throw \"No service status is specified\")) {\\r\\n [ServiceProcess.ServiceController]$sc = New-Object \"ServiceProcess.ServiceController\" $serviceName\\r\\n [TimeSpan]$timeOut = New-Object TimeSpan(0,0,0,5,0)\\r\\n $sc.WaitForStatus($serviceStatus, $timeOut)\\r\\n}"},"ExtraFieldInfo": {"MessageNumber": 1,"MessageTotal": 1,"Path": "C:\\Windows\\TEMP\\SDIAG_69ef575b-b85c-4a1b-889f-c10f5b12ffd0\\CL_Utility.ps1","ScriptBlockId": "0318b2df-77a3-48af-bf4c-5c027b1ea6b6"} }
