{ "Timestamp": "2022-08-11 02:31:43.041 +02:00","RuleTitle": "Device Conn","Level": "info","Computer": "SANS-SIFT","Channel": "MS-Win-Partition/Diagnostic","EventID": 1006,"RecordID": 87,"Details": {"Manufacturer": "NULL","Model": "VMware Virtual NVMe Disk","Revision": "1.0","SerialNumber": "VMWare NVME_0000"},"ExtraFieldInfo": {"Adapter": 3,"AdapterAlignmentMask": 3,"AdapterId": "899CA2A3-061D-11ED-B18F-806E6F6E6963","AdapterMaximumTransferBytes": 1048576,"AdapterMaximumTransferPages": 513,"Bus": 19,"BusType": 17,"BytesOffsetForSectorAlignment": 0,"BytesPerLogicalSector": 512,"BytesPerPhysicalSector": 4096,"BytesPerSector": 512,"Capacity": 268435456000,"Characteristics": 262400,"Device": 0,"DiskId": "7B6F1752-BD95-6E22-E3A5-6EE8419ECAD7","DiskNumber": 1,"DumpCount": 0,"FaultTolerance": 0,"FirmwareSlotCount": 1,"FirmwareSupportsUpgrade": false,"Flags": 8208,"FlushCacheSupported": false,"Function": 0,"HibernationCount": 0,"HybridCacheBytes": 0,"HybridSupported": false,"IdFlags": 4,"IncursSeekPenalty": false,"InterleaveBytes": 0,"IoctlSupport": 63983,"IsPowerProtected": false,"IsSystemCritical": false,"IsThinProvisioned": false,"IsTrimSupported": false,"Location": "nvme0","Lun": 0,"Mbr": "","MbrBytes": 0,"NVCacheEnabled": false,"NumberOfColumns": 0,"NumberOfLogicalCopies": 0,"NumberOfPhysicalCopies": 0,"OptimalUnmapGranularity": 0,"PagingCount": 0,"ParentId": "PCI\\VEN_15AD&DEV_07F0&SUBSYS_07F015AD&REV_00\\4&3b50545d&0&00B8","PartitionCount": 2,"PartitionStyle": 1,"PartitionTable": "010000000200000002A4396319089846B12D312965C6E8310044000000000000007AFF7F3E0000008000000000000000010000000000000000440000000000000000000800000000010000000000000016E3C9E35C0BB84D817DF92DF00215AE2DE4E2C89FD52F488F875CD031D361FA00000000000000004D006900630072006F0073006F0066007400200072006500730065007200760065006400200070006100720074006900740069006F006E0000000000000000000000000000000000010000000000000000001008000000000000E0773E0000000200000000000000A2A0D0EBE5B9334487C068B6B72699C7FFE1505E39D8C743B11D01A5C178DE7C00000000000000004200610073006900630020006400610074006100200070006100720074006900740069006F006E000000000000000000000000000000000000000000000000000000000000000000","PartitionTableBytes": 336,"PoolId": "00000000-0000-0000-0000-000000000000","Port": 0,"PortDriver": 1,"RegistryId": "899CA2A6-061D-11ED-B18F-806E6F6E6963","Slot": 224,"Socket": -1,"StorageId": "31354144564D77617265205669727475616C204E564D65204469736B0000000000000000000000000000000030303031564D57617265204E564D455F3030303000000000","StorageIdAssociation": 0,"StorageIdBytes": 68,"StorageIdCodeSet": 3,"StorageIdCount": 1,"StorageIdType": 8,"Target": 0,"UnmapAlignment": 0,"UserRemovalPolicy": false,"Vbr0": "","Vbr0Bytes": 0,"Vbr1": "","Vbr1Bytes": 0,"Vbr2": "","Vbr2Bytes": 0,"Vbr3": "","Vbr3Size": 0,"WriteCacheChangeable": 0,"WriteCacheEnabled": 0,"WriteCacheType": 0,"WriteThroughSupported": 0} }
{ "Timestamp": "2022-08-11 03:06:56.163 +02:00","RuleTitle": "Device Conn","Level": "info","Computer": "SANS-SIFT","Channel": "MS-Win-Partition/Diagnostic","EventID": 1006,"RecordID": 88,"Details": {"Manufacturer": "VMware,","Model": "VMware Virtual S","Revision": "1.0","SerialNumber": "NULL"},"ExtraFieldInfo": {"Adapter": 0,"AdapterAlignmentMask": 0,"AdapterId": "FF5836D1-C192-11EC-B17B-806E6F6E6963","AdapterMaximumTransferBytes": 16777215,"AdapterMaximumTransferPages": 257,"Bus": 3,"BusType": 10,"BytesOffsetForSectorAlignment": 0,"BytesPerLogicalSector": 512,"BytesPerPhysicalSector": 512,"BytesPerSector": 512,"Capacity": 524288000000,"Characteristics": 262400,"Device": 0,"DiskId": "E40BB4E5-1911-11ED-B1AE-806E6F6E6963","DiskNumber": 0,"DumpCount": 0,"FaultTolerance": 0,"FirmwareSlotCount": 1,"FirmwareSupportsUpgrade": true,"Flags": 538976528,"FlushCacheSupported": false,"Function": 0,"HibernationCount": 0,"HybridCacheBytes": 0,"HybridSupported": false,"IdFlags": 2,"IncursSeekPenalty": false,"InterleaveBytes": 0,"IoctlSupport": 59751,"IsPowerProtected": false,"IsSystemCritical": true,"IsThinProvisioned": false,"IsTrimSupported": false,"Location": "PCI Slot 160 : Bus 3 : Device 0 : Function 0 : Adapter 0 : Port 0 : Target 0 : LUN 0","Lun": 0,"Manufacturer": "VMware,","Mbr": "33C08ED0BC007C8EC08ED8BE007CBF0006B90002FCF3A450681C06CBFBB90400BDBE07807E00007C0B0F850E0183C510E2F1CD1888560055C6461105C6461000B441BBAA55CD135D720F81FB55AA7509F7C101007403FE46106660807E1000742666680000000066FF760868000068007C680100681000B4428A56008BF4CD139F83C4109EEB14B80102BB007C8A56008A76018A4E028A6E03CD136661731CFE4E11750C807E00800F848A00B280EB845532E48A5600CD135DEB9E813EFE7D55AA756EFF7600E88D007517FAB0D1E664E88300B0DFE660E87C00B0FFE664E87500FBB800BBCD1A6623C0753B6681FB54435041753281F90201722C666807BB00006668000200006668080000006653665366556668000000006668007C0000666168000007CD1A5A32F6EA007C0000CD18A0B707EB08A0B607EB03A0B50732E40500078BF0AC3C007409BB0700B40ECD10EBF2F4EBFD2BC9E464EB002402E0F82402C3496E76616C696420706172746974696F6E207461626C65004572726F72206C6F6164696E67206F7065726174696E672073797374656D004D697373696E67206F7065726174696E672073797374656D000000637B9A7AF4A0A100008020210007FEFFFF0008000000F0083D00000000000000000000000000000000000000000000000000000000000000000000000000000000000000000000000055AA","MbrBytes": 512,"NVCacheEnabled": false,"NumberOfColumns": 0,"NumberOfLogicalCopies": 0,"NumberOfPhysicalCopies": 0,"OptimalUnmapGranularity": 0,"PagingCount": 0,"ParentId": "PCI\\VEN_1000&DEV_0054&SUBSYS_197615AD&REV_01\\4&2509f6e&0&00A8","PartitionCount": 4,"PartitionStyle": 0,"PartitionTable": "00000000040000007AF4A0A1EECD7CE40000000000000000000000000000000000000000000000000000000000000000000000000000000000001000000000000000E0117A000000010000000000000007010100000800007AF4A0A100000000000010000000000000000000000000000000000000000000000000000000000000000000000000000000000000000000000000000000000000000000000000000000000000000000000000000000000000000000000000000000000000000000000000000000000000000000000000000000000000000000000000000000000000000000000000007AF4A0A100000000000000000000000000000000000000000000000000000000000000000000000000000000000000000000000000000000000000000000000000000000000000000000000000000000000000000000000000000000000000000000000000000000000000000000000000000000000000000000000000000000000000000000000000000000000000007AF4A0A100000000000000000000000000000000000000000000000000000000000000000000000000000000000000000000000000000000000000000000000000000000000000000000000000000000000000000000000000000000000000000000000000000000000000000000000000000000000000000000000000000000000000000000000000000000000000007AF4A0A100000000000000000000000000000000000000000000000000000000000000000000000000000000000000000000000000000000000000000000000000000000000000000000000000000000000000000000000000000000000000000000000000000000","PartitionTableBytes": 624,"PoolId": "00000000-0000-0000-0000-000000000000","Port": 0,"PortDriver": 1,"RegistryId": "FF5836DE-C192-11EC-B17B-806E6F6E6963","Slot": 160,"Socket": -1,"StorageId": "","StorageIdAssociation": 0,"StorageIdBytes": 0,"StorageIdCodeSet": 0,"StorageIdCount": 0,"StorageIdType": 0,"Target": 0,"UnmapAlignment": 0,"UserRemovalPolicy": false,"Vbr0": "EB52904E5446532020202000020800000000000000F800003F00FF00000800000000000080008000FFEF083D0000000000000C00000000000200000000000000F600000001000000DD7A73B0A273B02200000000FA33C08ED0BC007CFB68C0071F1E686600CB88160E0066813E03004E5446537515B441BBAA55CD13720C81FB55AA7506F7C101007503E9DD001E83EC18681A00B4488A160E008BF4161FCD139F83C4189E581F72E13B060B0075DBA30F00C12E0F00041E5A33DBB900202BC866FF06110003160F008EC2FF061600E84B002BC877EFB800BBCD1A6623C0752D6681FB54435041752481F90201721E166807BB166852111668090066536653665516161668B80166610E07CD1A33C0BF0A13B9F60CFCF3AAE9FE01909066601E0666A111006603061C001E66680000000066500653680100681000B4428A160E00161F8BF4CD1366595B5A665966591F0F82160066FF06110003160F008EC2FF0E160075BC071F6661C3A1F601E80900A1FA01E80300F4EBFD8BF0AC3C007409B40EBB0700CD10EBF2C30D0A41206469736B2072656164206572726F72206F63637572726564000D0A424F4F544D475220697320636F6D70726573736564000D0A5072657373204374726C2B416C742B44656C20746F20726573746172740D0A000000000000000000000000000000000000000000008A01A701BF01000055AA","Vbr0Bytes": 512,"Vbr1": "","Vbr1Bytes": 0,"Vbr2": "","Vbr2Bytes": 0,"Vbr3": "","Vbr3Size": 0,"WriteCacheChangeable": 0,"WriteCacheEnabled": 0,"WriteCacheType": 0,"WriteThroughSupported": 0} }
{ "Timestamp": "2022-08-11 03:06:56.166 +02:00","RuleTitle": "Device Conn","Level": "info","Computer": "SANS-SIFT","Channel": "MS-Win-Partition/Diagnostic","EventID": 1006,"RecordID": 89,"Details": {"Manufacturer": "NULL","Model": "VMware Virtual NVMe Disk","Revision": "1.0","SerialNumber": "VMWare NVME_0000"},"ExtraFieldInfo": {"Adapter": 3,"AdapterAlignmentMask": 3,"AdapterId": "899CA2A3-061D-11ED-B18F-806E6F6E6963","AdapterMaximumTransferBytes": 1048576,"AdapterMaximumTransferPages": 513,"Bus": 19,"BusType": 17,"BytesOffsetForSectorAlignment": 0,"BytesPerLogicalSector": 512,"BytesPerPhysicalSector": 4096,"BytesPerSector": 512,"Capacity": 268435456000,"Characteristics": 262400,"Device": 0,"DiskId": "7B6F1752-BD95-6E22-E3A5-6EE8419ECAD7","DiskNumber": 1,"DumpCount": 0,"FaultTolerance": 0,"FirmwareSlotCount": 1,"FirmwareSupportsUpgrade": false,"Flags": 8208,"FlushCacheSupported": false,"Function": 0,"HibernationCount": 0,"HybridCacheBytes": 0,"HybridSupported": false,"IdFlags": 4,"IncursSeekPenalty": false,"InterleaveBytes": 0,"IoctlSupport": 63983,"IsPowerProtected": false,"IsSystemCritical": false,"IsThinProvisioned": false,"IsTrimSupported": false,"Location": "nvme0","Lun": 0,"Mbr": "","MbrBytes": 0,"NVCacheEnabled": false,"NumberOfColumns": 0,"NumberOfLogicalCopies": 0,"NumberOfPhysicalCopies": 0,"OptimalUnmapGranularity": 0,"PagingCount": 0,"ParentId": "PCI\\VEN_15AD&DEV_07F0&SUBSYS_07F015AD&REV_00\\4&3b50545d&0&00B8","PartitionCount": 2,"PartitionStyle": 1,"PartitionTable": "010000000200000002A4396319089846B12D312965C6E8310044000000000000007AFF7F3E0000008000000000000000010000000000000000440000000000000000000800000000010000000000000016E3C9E35C0BB84D817DF92DF00215AE2DE4E2C89FD52F488F875CD031D361FA00000000000000004D006900630072006F0073006F0066007400200072006500730065007200760065006400200070006100720074006900740069006F006E0000000000000000000000000000000000010000000000000000001008000000000000E0773E0000000200000000000000A2A0D0EBE5B9334487C068B6B72699C7FFE1505E39D8C743B11D01A5C178DE7C00000000000000004200610073006900630020006400610074006100200070006100720074006900740069006F006E000000000000000000000000000000000000000000000000000000000000000000","PartitionTableBytes": 336,"PoolId": "00000000-0000-0000-0000-000000000000","Port": 0,"PortDriver": 1,"RegistryId": "899CA2A6-061D-11ED-B18F-806E6F6E6963","Slot": 224,"Socket": -1,"StorageId": "31354144564D77617265205669727475616C204E564D65204469736B0000000000000000000000000000000030303031564D57617265204E564D455F3030303000000000","StorageIdAssociation": 0,"StorageIdBytes": 68,"StorageIdCodeSet": 3,"StorageIdCount": 1,"StorageIdType": 8,"Target": 0,"UnmapAlignment": 0,"UserRemovalPolicy": false,"Vbr0": "","Vbr0Bytes": 0,"Vbr1": "","Vbr1Bytes": 0,"Vbr2": "","Vbr2Bytes": 0,"Vbr3": "","Vbr3Size": 0,"WriteCacheChangeable": 0,"WriteCacheEnabled": 0,"WriteCacheType": 0,"WriteThroughSupported": 0} }
{ "Timestamp": "2022-08-13 18:30:55.115 +02:00","RuleTitle": "Device Conn","Level": "info","Computer": "SANS-SIFT","Channel": "MS-Win-Partition/Diagnostic","EventID": 1006,"RecordID": 90,"Details": {"Manufacturer": "VMware,","Model": "VMware Virtual S","Revision": "1.0","SerialNumber": "NULL"},"ExtraFieldInfo": {"Adapter": 0,"AdapterAlignmentMask": 0,"AdapterId": "FF5836D1-C192-11EC-B17B-806E6F6E6963","AdapterMaximumTransferBytes": 16777215,"AdapterMaximumTransferPages": 257,"Bus": 3,"BusType": 10,"BytesOffsetForSectorAlignment": 0,"BytesPerLogicalSector": 512,"BytesPerPhysicalSector": 512,"BytesPerSector": 512,"Capacity": 524288000000,"Characteristics": 262400,"Device": 0,"DiskId": "4D100ECE-1B25-11ED-B1AF-806E6F6E6963","DiskNumber": 0,"DumpCount": 0,"FaultTolerance": 0,"FirmwareSlotCount": 1,"FirmwareSupportsUpgrade": true,"Flags": 538976528,"FlushCacheSupported": false,"Function": 0,"HibernationCount": 0,"HybridCacheBytes": 0,"HybridSupported": false,"IdFlags": 2,"IncursSeekPenalty": false,"InterleaveBytes": 0,"IoctlSupport": 59751,"IsPowerProtected": false,"IsSystemCritical": true,"IsThinProvisioned": false,"IsTrimSupported": false,"Location": "PCI Slot 160 : Bus 3 : Device 0 : Function 0 : Adapter 0 : Port 0 : Target 0 : LUN 0","Lun": 0,"Manufacturer": "VMware,","Mbr": "33C08ED0BC007C8EC08ED8BE007CBF0006B90002FCF3A450681C06CBFBB90400BDBE07807E00007C0B0F850E0183C510E2F1CD1888560055C6461105C6461000B441BBAA55CD135D720F81FB55AA7509F7C101007403FE46106660807E1000742666680000000066FF760868000068007C680100681000B4428A56008BF4CD139F83C4109EEB14B80102BB007C8A56008A76018A4E028A6E03CD136661731CFE4E11750C807E00800F848A00B280EB845532E48A5600CD135DEB9E813EFE7D55AA756EFF7600E88D007517FAB0D1E664E88300B0DFE660E87C00B0FFE664E87500FBB800BBCD1A6623C0753B6681FB54435041753281F90201722C666807BB00006668000200006668080000006653665366556668000000006668007C0000666168000007CD1A5A32F6EA007C0000CD18A0B707EB08A0B607EB03A0B50732E40500078BF0AC3C007409BB0700B40ECD10EBF2F4EBFD2BC9E464EB002402E0F82402C3496E76616C696420706172746974696F6E207461626C65004572726F72206C6F6164696E67206F7065726174696E672073797374656D004D697373696E67206F7065726174696E672073797374656D000000637B9A7AF4A0A100008020210007FEFFFF0008000000F0083D00000000000000000000000000000000000000000000000000000000000000000000000000000000000000000000000055AA","MbrBytes": 512,"NVCacheEnabled": false,"NumberOfColumns": 0,"NumberOfLogicalCopies": 0,"NumberOfPhysicalCopies": 0,"OptimalUnmapGranularity": 0,"PagingCount": 0,"ParentId": "PCI\\VEN_1000&DEV_0054&SUBSYS_197615AD&REV_01\\4&2509f6e&0&00A8","PartitionCount": 4,"PartitionStyle": 0,"PartitionTable": "00000000040000007AF4A0A1EECD7CE40000000000000000000000000000000000000000000000000000000000000000000000000000000000001000000000000000E0117A000000010000000000000007010100000800007AF4A0A100000000000010000000000000000000000000000000000000000000000000000000000000000000000000000000000000000000000000000000000000000000000000000000000000000000000000000000000000000000000000000000000000000000000000000000000000000000000000000000000000000000000000000000000000000000000000007AF4A0A100000000000000000000000000000000000000000000000000000000000000000000000000000000000000000000000000000000000000000000000000000000000000000000000000000000000000000000000000000000000000000000000000000000000000000000000000000000000000000000000000000000000000000000000000000000000000007AF4A0A100000000000000000000000000000000000000000000000000000000000000000000000000000000000000000000000000000000000000000000000000000000000000000000000000000000000000000000000000000000000000000000000000000000000000000000000000000000000000000000000000000000000000000000000000000000000000007AF4A0A100000000000000000000000000000000000000000000000000000000000000000000000000000000000000000000000000000000000000000000000000000000000000000000000000000000000000000000000000000000000000000000000000000000","PartitionTableBytes": 624,"PoolId": "00000000-0000-0000-0000-000000000000","Port": 0,"PortDriver": 1,"RegistryId": "FF5836DE-C192-11EC-B17B-806E6F6E6963","Slot": 160,"Socket": -1,"StorageId": "","StorageIdAssociation": 0,"StorageIdBytes": 0,"StorageIdCodeSet": 0,"StorageIdCount": 0,"StorageIdType": 0,"Target": 0,"UnmapAlignment": 0,"UserRemovalPolicy": false,"Vbr0": "EB52904E5446532020202000020800000000000000F800003F00FF00000800000000000080008000FFEF083D0000000000000C00000000000200000000000000F600000001000000DD7A73B0A273B02200000000FA33C08ED0BC007CFB68C0071F1E686600CB88160E0066813E03004E5446537515B441BBAA55CD13720C81FB55AA7506F7C101007503E9DD001E83EC18681A00B4488A160E008BF4161FCD139F83C4189E581F72E13B060B0075DBA30F00C12E0F00041E5A33DBB900202BC866FF06110003160F008EC2FF061600E84B002BC877EFB800BBCD1A6623C0752D6681FB54435041752481F90201721E166807BB166852111668090066536653665516161668B80166610E07CD1A33C0BF0A13B9F60CFCF3AAE9FE01909066601E0666A111006603061C001E66680000000066500653680100681000B4428A160E00161F8BF4CD1366595B5A665966591F0F82160066FF06110003160F008EC2FF0E160075BC071F6661C3A1F601E80900A1FA01E80300F4EBFD8BF0AC3C007409B40EBB0700CD10EBF2C30D0A41206469736B2072656164206572726F72206F63637572726564000D0A424F4F544D475220697320636F6D70726573736564000D0A5072657373204374726C2B416C742B44656C20746F20726573746172740D0A000000000000000000000000000000000000000000008A01A701BF01000055AA","Vbr0Bytes": 512,"Vbr1": "","Vbr1Bytes": 0,"Vbr2": "","Vbr2Bytes": 0,"Vbr3": "","Vbr3Size": 0,"WriteCacheChangeable": 0,"WriteCacheEnabled": 0,"WriteCacheType": 0,"WriteThroughSupported": 0} }
{ "Timestamp": "2022-08-13 18:30:55.118 +02:00","RuleTitle": "Device Conn","Level": "info","Computer": "SANS-SIFT","Channel": "MS-Win-Partition/Diagnostic","EventID": 1006,"RecordID": 91,"Details": {"Manufacturer": "NULL","Model": "VMware Virtual NVMe Disk","Revision": "1.0","SerialNumber": "VMWare NVME_0000"},"ExtraFieldInfo": {"Adapter": 3,"AdapterAlignmentMask": 3,"AdapterId": "899CA2A3-061D-11ED-B18F-806E6F6E6963","AdapterMaximumTransferBytes": 1048576,"AdapterMaximumTransferPages": 513,"Bus": 19,"BusType": 17,"BytesOffsetForSectorAlignment": 0,"BytesPerLogicalSector": 512,"BytesPerPhysicalSector": 4096,"BytesPerSector": 512,"Capacity": 268435456000,"Characteristics": 262400,"Device": 0,"DiskId": "7B6F1752-BD95-6E22-E3A5-6EE8419ECAD7","DiskNumber": 1,"DumpCount": 0,"FaultTolerance": 0,"FirmwareSlotCount": 1,"FirmwareSupportsUpgrade": false,"Flags": 8208,"FlushCacheSupported": false,"Function": 0,"HibernationCount": 0,"HybridCacheBytes": 0,"HybridSupported": false,"IdFlags": 4,"IncursSeekPenalty": false,"InterleaveBytes": 0,"IoctlSupport": 63983,"IsPowerProtected": false,"IsSystemCritical": false,"IsThinProvisioned": false,"IsTrimSupported": false,"Location": "nvme0","Lun": 0,"Mbr": "","MbrBytes": 0,"NVCacheEnabled": false,"NumberOfColumns": 0,"NumberOfLogicalCopies": 0,"NumberOfPhysicalCopies": 0,"OptimalUnmapGranularity": 0,"PagingCount": 0,"ParentId": "PCI\\VEN_15AD&DEV_07F0&SUBSYS_07F015AD&REV_00\\4&3b50545d&0&00B8","PartitionCount": 2,"PartitionStyle": 1,"PartitionTable": "010000000200000002A4396319089846B12D312965C6E8310044000000000000007AFF7F3E0000008000000000000000010000000000000000440000000000000000000800000000010000000000000016E3C9E35C0BB84D817DF92DF00215AE2DE4E2C89FD52F488F875CD031D361FA00000000000000004D006900630072006F0073006F0066007400200072006500730065007200760065006400200070006100720074006900740069006F006E0000000000000000000000000000000000010000000000000000001008000000000000E0773E0000000200000000000000A2A0D0EBE5B9334487C068B6B72699C7FFE1505E39D8C743B11D01A5C178DE7C00000000000000004200610073006900630020006400610074006100200070006100720074006900740069006F006E000000000000000000000000000000000000000000000000000000000000000000","PartitionTableBytes": 336,"PoolId": "00000000-0000-0000-0000-000000000000","Port": 0,"PortDriver": 1,"RegistryId": "899CA2A6-061D-11ED-B18F-806E6F6E6963","Slot": 224,"Socket": -1,"StorageId": "31354144564D77617265205669727475616C204E564D65204469736B0000000000000000000000000000000030303031564D57617265204E564D455F3030303000000000","StorageIdAssociation": 0,"StorageIdBytes": 68,"StorageIdCodeSet": 3,"StorageIdCount": 1,"StorageIdType": 8,"Target": 0,"UnmapAlignment": 0,"UserRemovalPolicy": false,"Vbr0": "","Vbr0Bytes": 0,"Vbr1": "","Vbr1Bytes": 0,"Vbr2": "","Vbr2Bytes": 0,"Vbr3": "","Vbr3Size": 0,"WriteCacheChangeable": 0,"WriteCacheEnabled": 0,"WriteCacheType": 0,"WriteThroughSupported": 0} }
{ "Timestamp": "2022-08-13 20:29:08.151 +02:00","RuleTitle": "Device Conn","Level": "info","Computer": "SANS-SIFT","Channel": "MS-Win-Partition/Diagnostic","EventID": 1006,"RecordID": 92,"Details": {"Manufacturer": "VMware,","Model": "VMware Virtual S","Revision": "1.0","SerialNumber": "NULL"},"ExtraFieldInfo": {"Adapter": 0,"AdapterAlignmentMask": 0,"AdapterId": "FF5836D1-C192-11EC-B17B-806E6F6E6963","AdapterMaximumTransferBytes": 16777215,"AdapterMaximumTransferPages": 257,"Bus": 3,"BusType": 10,"BytesOffsetForSectorAlignment": 0,"BytesPerLogicalSector": 512,"BytesPerPhysicalSector": 512,"BytesPerSector": 512,"Capacity": 524288000000,"Characteristics": 262400,"Device": 0,"DiskId": "D0D6C9F0-1B35-11ED-B1B0-806E6F6E6963","DiskNumber": 0,"DumpCount": 0,"FaultTolerance": 0,"FirmwareSlotCount": 1,"FirmwareSupportsUpgrade": true,"Flags": 538976528,"FlushCacheSupported": false,"Function": 0,"HibernationCount": 0,"HybridCacheBytes": 0,"HybridSupported": false,"IdFlags": 2,"IncursSeekPenalty": false,"InterleaveBytes": 0,"IoctlSupport": 59751,"IsPowerProtected": false,"IsSystemCritical": true,"IsThinProvisioned": false,"IsTrimSupported": false,"Location": "PCI Slot 160 : Bus 3 : Device 0 : Function 0 : Adapter 0 : Port 0 : Target 0 : LUN 0","Lun": 0,"Manufacturer": "VMware,","Mbr": "33C08ED0BC007C8EC08ED8BE007CBF0006B90002FCF3A450681C06CBFBB90400BDBE07807E00007C0B0F850E0183C510E2F1CD1888560055C6461105C6461000B441BBAA55CD135D720F81FB55AA7509F7C101007403FE46106660807E1000742666680000000066FF760868000068007C680100681000B4428A56008BF4CD139F83C4109EEB14B80102BB007C8A56008A76018A4E028A6E03CD136661731CFE4E11750C807E00800F848A00B280EB845532E48A5600CD135DEB9E813EFE7D55AA756EFF7600E88D007517FAB0D1E664E88300B0DFE660E87C00B0FFE664E87500FBB800BBCD1A6623C0753B6681FB54435041753281F90201722C666807BB00006668000200006668080000006653665366556668000000006668007C0000666168000007CD1A5A32F6EA007C0000CD18A0B707EB08A0B607EB03A0B50732E40500078BF0AC3C007409BB0700B40ECD10EBF2F4EBFD2BC9E464EB002402E0F82402C3496E76616C696420706172746974696F6E207461626C65004572726F72206C6F6164696E67206F7065726174696E672073797374656D004D697373696E67206F7065726174696E672073797374656D000000637B9A7AF4A0A100008020210007FEFFFF0008000000F0083D00000000000000000000000000000000000000000000000000000000000000000000000000000000000000000000000055AA","MbrBytes": 512,"NVCacheEnabled": false,"NumberOfColumns": 0,"NumberOfLogicalCopies": 0,"NumberOfPhysicalCopies": 0,"OptimalUnmapGranularity": 0,"PagingCount": 0,"ParentId": "PCI\\VEN_1000&DEV_0054&SUBSYS_197615AD&REV_01\\4&2509f6e&0&00A8","PartitionCount": 4,"PartitionStyle": 0,"PartitionTable": "00000000040000007AF4A0A1EECD7CE40000000000000000000000000000000000000000000000000000000000000000000000000000000000001000000000000000E0117A000000010000000000000007010100000800007AF4A0A100000000000010000000000000000000000000000000000000000000000000000000000000000000000000000000000000000000000000000000000000000000000000000000000000000000000000000000000000000000000000000000000000000000000000000000000000000000000000000000000000000000000000000000000000000000000000007AF4A0A100000000000000000000000000000000000000000000000000000000000000000000000000000000000000000000000000000000000000000000000000000000000000000000000000000000000000000000000000000000000000000000000000000000000000000000000000000000000000000000000000000000000000000000000000000000000000007AF4A0A100000000000000000000000000000000000000000000000000000000000000000000000000000000000000000000000000000000000000000000000000000000000000000000000000000000000000000000000000000000000000000000000000000000000000000000000000000000000000000000000000000000000000000000000000000000000000007AF4A0A100000000000000000000000000000000000000000000000000000000000000000000000000000000000000000000000000000000000000000000000000000000000000000000000000000000000000000000000000000000000000000000000000000000","PartitionTableBytes": 624,"PoolId": "00000000-0000-0000-0000-000000000000","Port": 0,"PortDriver": 1,"RegistryId": "FF5836DE-C192-11EC-B17B-806E6F6E6963","Slot": 160,"Socket": -1,"StorageId": "","StorageIdAssociation": 0,"StorageIdBytes": 0,"StorageIdCodeSet": 0,"StorageIdCount": 0,"StorageIdType": 0,"Target": 0,"UnmapAlignment": 0,"UserRemovalPolicy": false,"Vbr0": "EB52904E5446532020202000020800000000000000F800003F00FF00000800000000000080008000FFEF083D0000000000000C00000000000200000000000000F600000001000000DD7A73B0A273B02200000000FA33C08ED0BC007CFB68C0071F1E686600CB88160E0066813E03004E5446537515B441BBAA55CD13720C81FB55AA7506F7C101007503E9DD001E83EC18681A00B4488A160E008BF4161FCD139F83C4189E581F72E13B060B0075DBA30F00C12E0F00041E5A33DBB900202BC866FF06110003160F008EC2FF061600E84B002BC877EFB800BBCD1A6623C0752D6681FB54435041752481F90201721E166807BB166852111668090066536653665516161668B80166610E07CD1A33C0BF0A13B9F60CFCF3AAE9FE01909066601E0666A111006603061C001E66680000000066500653680100681000B4428A160E00161F8BF4CD1366595B5A665966591F0F82160066FF06110003160F008EC2FF0E160075BC071F6661C3A1F601E80900A1FA01E80300F4EBFD8BF0AC3C007409B40EBB0700CD10EBF2C30D0A41206469736B2072656164206572726F72206F63637572726564000D0A424F4F544D475220697320636F6D70726573736564000D0A5072657373204374726C2B416C742B44656C20746F20726573746172740D0A000000000000000000000000000000000000000000008A01A701BF01000055AA","Vbr0Bytes": 512,"Vbr1": "","Vbr1Bytes": 0,"Vbr2": "","Vbr2Bytes": 0,"Vbr3": "","Vbr3Size": 0,"WriteCacheChangeable": 0,"WriteCacheEnabled": 0,"WriteCacheType": 0,"WriteThroughSupported": 0} }
{ "Timestamp": "2022-08-13 20:29:08.155 +02:00","RuleTitle": "Device Conn","Level": "info","Computer": "SANS-SIFT","Channel": "MS-Win-Partition/Diagnostic","EventID": 1006,"RecordID": 93,"Details": {"Manufacturer": "NULL","Model": "VMware Virtual NVMe Disk","Revision": "1.0","SerialNumber": "VMWare NVME_0000"},"ExtraFieldInfo": {"Adapter": 3,"AdapterAlignmentMask": 3,"AdapterId": "899CA2A3-061D-11ED-B18F-806E6F6E6963","AdapterMaximumTransferBytes": 1048576,"AdapterMaximumTransferPages": 513,"Bus": 19,"BusType": 17,"BytesOffsetForSectorAlignment": 0,"BytesPerLogicalSector": 512,"BytesPerPhysicalSector": 4096,"BytesPerSector": 512,"Capacity": 268435456000,"Characteristics": 262400,"Device": 0,"DiskId": "7B6F1752-BD95-6E22-E3A5-6EE8419ECAD7","DiskNumber": 1,"DumpCount": 0,"FaultTolerance": 0,"FirmwareSlotCount": 1,"FirmwareSupportsUpgrade": false,"Flags": 8208,"FlushCacheSupported": false,"Function": 0,"HibernationCount": 0,"HybridCacheBytes": 0,"HybridSupported": false,"IdFlags": 4,"IncursSeekPenalty": false,"InterleaveBytes": 0,"IoctlSupport": 63983,"IsPowerProtected": false,"IsSystemCritical": false,"IsThinProvisioned": false,"IsTrimSupported": false,"Location": "nvme0","Lun": 0,"Mbr": "","MbrBytes": 0,"NVCacheEnabled": false,"NumberOfColumns": 0,"NumberOfLogicalCopies": 0,"NumberOfPhysicalCopies": 0,"OptimalUnmapGranularity": 0,"PagingCount": 0,"ParentId": "PCI\\VEN_15AD&DEV_07F0&SUBSYS_07F015AD&REV_00\\4&3b50545d&0&00B8","PartitionCount": 2,"PartitionStyle": 1,"PartitionTable": "010000000200000002A4396319089846B12D312965C6E8310044000000000000007AFF7F3E0000008000000000000000010000000000000000440000000000000000000800000000010000000000000016E3C9E35C0BB84D817DF92DF00215AE2DE4E2C89FD52F488F875CD031D361FA00000000000000004D006900630072006F0073006F0066007400200072006500730065007200760065006400200070006100720074006900740069006F006E0000000000000000000000000000000000010000000000000000001008000000000000E0773E0000000200000000000000A2A0D0EBE5B9334487C068B6B72699C7FFE1505E39D8C743B11D01A5C178DE7C00000000000000004200610073006900630020006400610074006100200070006100720074006900740069006F006E000000000000000000000000000000000000000000000000000000000000000000","PartitionTableBytes": 336,"PoolId": "00000000-0000-0000-0000-000000000000","Port": 0,"PortDriver": 1,"RegistryId": "899CA2A6-061D-11ED-B18F-806E6F6E6963","Slot": 224,"Socket": -1,"StorageId": "31354144564D77617265205669727475616C204E564D65204469736B0000000000000000000000000000000030303031564D57617265204E564D455F3030303000000000","StorageIdAssociation": 0,"StorageIdBytes": 68,"StorageIdCodeSet": 3,"StorageIdCount": 1,"StorageIdType": 8,"Target": 0,"UnmapAlignment": 0,"UserRemovalPolicy": false,"Vbr0": "","Vbr0Bytes": 0,"Vbr1": "","Vbr1Bytes": 0,"Vbr2": "","Vbr2Bytes": 0,"Vbr3": "","Vbr3Size": 0,"WriteCacheChangeable": 0,"WriteCacheEnabled": 0,"WriteCacheType": 0,"WriteThroughSupported": 0} }
{ "Timestamp": "2022-07-18 15:34:15.727 +02:00","RuleTitle": "RDP Logoff","Level": "info","Computer": "SANS-SIFT","Channel": "RDS-LSM","EventID": 23,"RecordID": 245,"Details": {"TgtUser": "SANS-SIFT\\sansdfir","SessID": 1},"ExtraFieldInfo": {} }
{ "Timestamp": "2022-07-18 15:44:45.535 +02:00","RuleTitle": "RDP Logoff","Level": "info","Computer": "SANS-SIFT","Channel": "RDS-LSM","EventID": 23,"RecordID": 252,"Details": {"TgtUser": "SANS-SIFT\\sansdfir","SessID": 1},"ExtraFieldInfo": {} }
{ "Timestamp": "2022-07-20 23:01:14.952 +02:00","RuleTitle": "RDP Logoff","Level": "info","Computer": "SANS-SIFT","Channel": "RDS-LSM","EventID": 23,"RecordID": 264,"Details": {"TgtUser": "SANS-SIFT\\sansdfir","SessID": 1},"ExtraFieldInfo": {} }
{ "Timestamp": "2022-07-20 23:05:52.028 +02:00","RuleTitle": "RDP Logoff","Level": "info","Computer": "SANS-SIFT","Channel": "RDS-LSM","EventID": 23,"RecordID": 276,"Details": {"TgtUser": "SANS-SIFT\\sansdfir","SessID": 1},"ExtraFieldInfo": {} }
{ "Timestamp": "2022-07-20 23:07:21.620 +02:00","RuleTitle": "RDP Logoff","Level": "info","Computer": "SANS-SIFT","Channel": "RDS-LSM","EventID": 23,"RecordID": 283,"Details": {"TgtUser": "SANS-SIFT\\sansdfir","SessID": 1},"ExtraFieldInfo": {} }
{ "Timestamp": "2022-07-20 23:08:00.491 +02:00","RuleTitle": "RDP Logoff","Level": "info","Computer": "SANS-SIFT","Channel": "RDS-LSM","EventID": 23,"RecordID": 291,"Details": {"TgtUser": "SANS-SIFT\\sansdfir","SessID": 1},"ExtraFieldInfo": {} }
{ "Timestamp": "2022-07-20 23:10:17.571 +02:00","RuleTitle": "RDP Logoff","Level": "info","Computer": "SANS-SIFT","Channel": "RDS-LSM","EventID": 23,"RecordID": 297,"Details": {"TgtUser": "SANS-SIFT\\sansdfir","SessID": 1},"ExtraFieldInfo": {} }
{ "Timestamp": "2022-07-20 23:17:05.860 +02:00","RuleTitle": "RDP Logoff","Level": "info","Computer": "SANS-SIFT","Channel": "RDS-LSM","EventID": 23,"RecordID": 304,"Details": {"TgtUser": "SANS-SIFT\\sansdfir","SessID": 1},"ExtraFieldInfo": {} }
{ "Timestamp": "2022-07-22 23:24:52.713 +02:00","RuleTitle": "RDP Logoff","Level": "info","Computer": "SANS-SIFT","Channel": "RDS-LSM","EventID": 23,"RecordID": 311,"Details": {"TgtUser": "SANS-SIFT\\sansdfir","SessID": 1},"ExtraFieldInfo": {} }
{ "Timestamp": "2022-07-23 00:21:24.311 +02:00","RuleTitle": "RDP Logoff","Level": "info","Computer": "SANS-SIFT","Channel": "RDS-LSM","EventID": 23,"RecordID": 318,"Details": {"TgtUser": "SANS-SIFT\\sansdfir","SessID": 1},"ExtraFieldInfo": {} }
{ "Timestamp": "2022-07-27 05:07:02.701 +02:00","RuleTitle": "RDP Logoff","Level": "info","Computer": "SANS-SIFT","Channel": "RDS-LSM","EventID": 23,"RecordID": 325,"Details": {"TgtUser": "SANS-SIFT\\sansdfir","SessID": 1},"ExtraFieldInfo": {} }
{ "Timestamp": "2022-07-27 05:16:17.209 +02:00","RuleTitle": "RDP Logoff","Level": "info","Computer": "SANS-SIFT","Channel": "RDS-LSM","EventID": 23,"RecordID": 332,"Details": {"TgtUser": "SANS-SIFT\\sansdfir","SessID": 1},"ExtraFieldInfo": {} }
{ "Timestamp": "2022-07-27 05:17:12.921 +02:00","RuleTitle": "RDP Logoff","Level": "info","Computer": "SANS-SIFT","Channel": "RDS-LSM","EventID": 23,"RecordID": 340,"Details": {"TgtUser": "SANS-SIFT\\sansdfir","SessID": 2},"ExtraFieldInfo": {} }
{ "Timestamp": "2022-07-27 05:27:34.804 +02:00","RuleTitle": "RDP Logoff","Level": "info","Computer": "SANS-SIFT","Channel": "RDS-LSM","EventID": 23,"RecordID": 347,"Details": {"TgtUser": "SANS-SIFT\\sansdfir","SessID": 1},"ExtraFieldInfo": {} }
{ "Timestamp": "2022-07-27 05:29:17.204 +02:00","RuleTitle": "RDP Logoff","Level": "info","Computer": "SANS-SIFT","Channel": "RDS-LSM","EventID": 23,"RecordID": 354,"Details": {"TgtUser": "SANS-SIFT\\sansdfir","SessID": 1},"ExtraFieldInfo": {} }
{ "Timestamp": "2022-08-11 02:31:26.675 +02:00","RuleTitle": "RDP Logoff","Level": "info","Computer": "SANS-SIFT","Channel": "RDS-LSM","EventID": 23,"RecordID": 361,"Details": {"TgtUser": "SANS-SIFT\\sansdfir","SessID": 1},"ExtraFieldInfo": {} }
{ "Timestamp": "2022-08-11 02:58:54.651 +02:00","RuleTitle": "RDP Logoff","Level": "info","Computer": "SANS-SIFT","Channel": "RDS-LSM","EventID": 23,"RecordID": 368,"Details": {"TgtUser": "SANS-SIFT\\sansdfir","SessID": 1},"ExtraFieldInfo": {} }
{ "Timestamp": "2022-08-11 03:29:53.503 +02:00","RuleTitle": "RDP Logoff","Level": "info","Computer": "SANS-SIFT","Channel": "RDS-LSM","EventID": 23,"RecordID": 375,"Details": {"TgtUser": "SANS-SIFT\\sansdfir","SessID": 1},"ExtraFieldInfo": {} }
{ "Timestamp": "2022-08-13 20:15:27.690 +02:00","RuleTitle": "RDP Logoff","Level": "info","Computer": "SANS-SIFT","Channel": "RDS-LSM","EventID": 23,"RecordID": 382,"Details": {"TgtUser": "SANS-SIFT\\sansdfir","SessID": 1},"ExtraFieldInfo": {} }
{ "Timestamp": "2022-08-13 20:55:28.228 +02:00","RuleTitle": "RDP Logoff","Level": "info","Computer": "SANS-SIFT","Channel": "RDS-LSM","EventID": 23,"RecordID": 389,"Details": {"TgtUser": "SANS-SIFT\\sansdfir","SessID": 1},"ExtraFieldInfo": {} }
{ "Timestamp": "2022-07-18 15:44:14.771 +02:00","RuleTitle": "RDP Sess Start (Noisy)","Level": "info","Computer": "SANS-SIFT","Channel": "RDS-LSM","EventID": 22,"RecordID": 251,"Details": {"TgtUser": "SANS-SIFT\\sansdfir","SessID": 1,"SrcIP": "LOCAL"},"ExtraFieldInfo": {} }
{ "Timestamp": "2022-07-20 22:12:51.585 +02:00","RuleTitle": "RDP Sess Start (Noisy)","Level": "info","Computer": "SANS-SIFT","Channel": "RDS-LSM","EventID": 22,"RecordID": 258,"Details": {"TgtUser": "SANS-SIFT\\sansdfir","SessID": 1,"SrcIP": "LOCAL"},"ExtraFieldInfo": {} }
{ "Timestamp": "2022-07-20 23:00:32.241 +02:00","RuleTitle": "RDP Sess Start (Noisy)","Level": "info","Computer": "SANS-SIFT","Channel": "RDS-LSM","EventID": 22,"RecordID": 263,"Details": {"TgtUser": "SANS-SIFT\\sansdfir","SessID": 1,"SrcIP": "LOCAL"},"ExtraFieldInfo": {} }
{ "Timestamp": "2022-07-20 23:01:38.269 +02:00","RuleTitle": "RDP Sess Start (Noisy)","Level": "info","Computer": "SANS-SIFT","Channel": "RDS-LSM","EventID": 22,"RecordID": 275,"Details": {"TgtUser": "SANS-SIFT\\sansdfir","SessID": 1,"SrcIP": "LOCAL"},"ExtraFieldInfo": {} }
{ "Timestamp": "2022-07-20 23:06:19.583 +02:00","RuleTitle": "RDP Sess Start (Noisy)","Level": "info","Computer": "SANS-SIFT","Channel": "RDS-LSM","EventID": 22,"RecordID": 282,"Details": {"TgtUser": "SANS-SIFT\\sansdfir","SessID": 1,"SrcIP": "LOCAL"},"ExtraFieldInfo": {} }
{ "Timestamp": "2022-07-20 23:07:43.887 +02:00","RuleTitle": "RDP Sess Start (Noisy)","Level": "info","Computer": "SANS-SIFT","Channel": "RDS-LSM","EventID": 22,"RecordID": 289,"Details": {"TgtUser": "SANS-SIFT\\sansdfir","SessID": 1,"SrcIP": "LOCAL"},"ExtraFieldInfo": {} }
{ "Timestamp": "2022-07-20 23:08:31.136 +02:00","RuleTitle": "RDP Sess Start (Noisy)","Level": "info","Computer": "SANS-SIFT","Channel": "RDS-LSM","EventID": 22,"RecordID": 296,"Details": {"TgtUser": "SANS-SIFT\\sansdfir","SessID": 1,"SrcIP": "LOCAL"},"ExtraFieldInfo": {} }
{ "Timestamp": "2022-07-21 00:09:35.425 +02:00","RuleTitle": "RDP Sess Start (Noisy)","Level": "info","Computer": "SANS-SIFT","Channel": "RDS-LSM","EventID": 22,"RecordID": 303,"Details": {"TgtUser": "SANS-SIFT\\sansdfir","SessID": 1,"SrcIP": "LOCAL"},"ExtraFieldInfo": {} }
{ "Timestamp": "2022-07-22 23:19:44.842 +02:00","RuleTitle": "RDP Sess Start (Noisy)","Level": "info","Computer": "SANS-SIFT","Channel": "RDS-LSM","EventID": 22,"RecordID": 310,"Details": {"TgtUser": "SANS-SIFT\\sansdfir","SessID": 1,"SrcIP": "LOCAL"},"ExtraFieldInfo": {} }
{ "Timestamp": "2022-07-22 23:25:12.670 +02:00","RuleTitle": "RDP Sess Start (Noisy)","Level": "info","Computer": "SANS-SIFT","Channel": "RDS-LSM","EventID": 22,"RecordID": 317,"Details": {"TgtUser": "SANS-SIFT\\sansdfir","SessID": 1,"SrcIP": "LOCAL"},"ExtraFieldInfo": {} }
{ "Timestamp": "2022-07-27 03:37:43.388 +02:00","RuleTitle": "RDP Sess Start (Noisy)","Level": "info","Computer": "SANS-SIFT","Channel": "RDS-LSM","EventID": 22,"RecordID": 324,"Details": {"TgtUser": "SANS-SIFT\\sansdfir","SessID": 1,"SrcIP": "LOCAL"},"ExtraFieldInfo": {} }
{ "Timestamp": "2022-07-27 05:07:42.770 +02:00","RuleTitle": "RDP Sess Start (Noisy)","Level": "info","Computer": "SANS-SIFT","Channel": "RDS-LSM","EventID": 22,"RecordID": 331,"Details": {"TgtUser": "SANS-SIFT\\sansdfir","SessID": 1,"SrcIP": "LOCAL"},"ExtraFieldInfo": {} }
{ "Timestamp": "2022-07-27 05:16:26.056 +02:00","RuleTitle": "RDP Sess Start (Noisy)","Level": "info","Computer": "SANS-SIFT","Channel": "RDS-LSM","EventID": 22,"RecordID": 339,"Details": {"TgtUser": "SANS-SIFT\\sansdfir","SessID": 2,"SrcIP": "LOCAL"},"ExtraFieldInfo": {} }
{ "Timestamp": "2022-07-27 05:18:27.997 +02:00","RuleTitle": "RDP Sess Start (Noisy)","Level": "info","Computer": "SANS-SIFT","Channel": "RDS-LSM","EventID": 22,"RecordID": 346,"Details": {"TgtUser": "SANS-SIFT\\sansdfir","SessID": 1,"SrcIP": "LOCAL"},"ExtraFieldInfo": {} }
{ "Timestamp": "2022-07-27 05:27:57.976 +02:00","RuleTitle": "RDP Sess Start (Noisy)","Level": "info","Computer": "SANS-SIFT","Channel": "RDS-LSM","EventID": 22,"RecordID": 353,"Details": {"TgtUser": "SANS-SIFT\\sansdfir","SessID": 1,"SrcIP": "LOCAL"},"ExtraFieldInfo": {} }
{ "Timestamp": "2022-08-11 02:03:36.685 +02:00","RuleTitle": "RDP Sess Start (Noisy)","Level": "info","Computer": "SANS-SIFT","Channel": "RDS-LSM","EventID": 22,"RecordID": 360,"Details": {"TgtUser": "SANS-SIFT\\sansdfir","SessID": 1,"SrcIP": "LOCAL"},"ExtraFieldInfo": {} }
{ "Timestamp": "2022-08-11 02:32:37.655 +02:00","RuleTitle": "RDP Sess Start (Noisy)","Level": "info","Computer": "SANS-SIFT","Channel": "RDS-LSM","EventID": 22,"RecordID": 367,"Details": {"TgtUser": "SANS-SIFT\\sansdfir","SessID": 1,"SrcIP": "LOCAL"},"ExtraFieldInfo": {} }
{ "Timestamp": "2022-08-11 03:07:07.070 +02:00","RuleTitle": "RDP Sess Start (Noisy)","Level": "info","Computer": "SANS-SIFT","Channel": "RDS-LSM","EventID": 22,"RecordID": 374,"Details": {"TgtUser": "SANS-SIFT\\sansdfir","SessID": 1,"SrcIP": "LOCAL"},"ExtraFieldInfo": {} }
{ "Timestamp": "2022-08-13 18:31:06.235 +02:00","RuleTitle": "RDP Sess Start (Noisy)","Level": "info","Computer": "SANS-SIFT","Channel": "RDS-LSM","EventID": 22,"RecordID": 381,"Details": {"TgtUser": "SANS-SIFT\\sansdfir","SessID": 1,"SrcIP": "LOCAL"},"ExtraFieldInfo": {} }
{ "Timestamp": "2022-08-13 20:29:20.054 +02:00","RuleTitle": "RDP Sess Start (Noisy)","Level": "info","Computer": "SANS-SIFT","Channel": "RDS-LSM","EventID": 22,"RecordID": 388,"Details": {"TgtUser": "SANS-SIFT\\sansdfir","SessID": 1,"SrcIP": "LOCAL"},"ExtraFieldInfo": {} }
{ "Timestamp": "2022-07-18 15:44:14.724 +02:00","RuleTitle": "RDP Logon","Level": "info","Computer": "SANS-SIFT","Channel": "RDS-LSM","EventID": 21,"RecordID": 250,"Details": {"TgtUser": "SANS-SIFT\\sansdfir","SessID": 1,"SrcIP": "LOCAL"},"ExtraFieldInfo": {} }
{ "Timestamp": "2022-07-20 22:12:51.496 +02:00","RuleTitle": "RDP Logon","Level": "info","Computer": "SANS-SIFT","Channel": "RDS-LSM","EventID": 21,"RecordID": 257,"Details": {"TgtUser": "SANS-SIFT\\sansdfir","SessID": 1,"SrcIP": "LOCAL"},"ExtraFieldInfo": {} }
{ "Timestamp": "2022-07-20 23:00:32.154 +02:00","RuleTitle": "RDP Logon","Level": "info","Computer": "SANS-SIFT","Channel": "RDS-LSM","EventID": 21,"RecordID": 262,"Details": {"TgtUser": "SANS-SIFT\\sansdfir","SessID": 1,"SrcIP": "LOCAL"},"ExtraFieldInfo": {} }
{ "Timestamp": "2022-07-20 23:01:38.215 +02:00","RuleTitle": "RDP Logon","Level": "info","Computer": "SANS-SIFT","Channel": "RDS-LSM","EventID": 21,"RecordID": 274,"Details": {"TgtUser": "SANS-SIFT\\sansdfir","SessID": 1,"SrcIP": "LOCAL"},"ExtraFieldInfo": {} }
{ "Timestamp": "2022-07-20 23:06:19.523 +02:00","RuleTitle": "RDP Logon","Level": "info","Computer": "SANS-SIFT","Channel": "RDS-LSM","EventID": 21,"RecordID": 281,"Details": {"TgtUser": "SANS-SIFT\\sansdfir","SessID": 1,"SrcIP": "LOCAL"},"ExtraFieldInfo": {} }
{ "Timestamp": "2022-07-20 23:07:43.812 +02:00","RuleTitle": "RDP Logon","Level": "info","Computer": "SANS-SIFT","Channel": "RDS-LSM","EventID": 21,"RecordID": 288,"Details": {"TgtUser": "SANS-SIFT\\sansdfir","SessID": 1,"SrcIP": "LOCAL"},"ExtraFieldInfo": {} }
{ "Timestamp": "2022-07-20 23:08:31.032 +02:00","RuleTitle": "RDP Logon","Level": "info","Computer": "SANS-SIFT","Channel": "RDS-LSM","EventID": 21,"RecordID": 295,"Details": {"TgtUser": "SANS-SIFT\\sansdfir","SessID": 1,"SrcIP": "LOCAL"},"ExtraFieldInfo": {} }
{ "Timestamp": "2022-07-21 00:09:35.296 +02:00","RuleTitle": "RDP Logon","Level": "info","Computer": "SANS-SIFT","Channel": "RDS-LSM","EventID": 21,"RecordID": 302,"Details": {"TgtUser": "SANS-SIFT\\sansdfir","SessID": 1,"SrcIP": "LOCAL"},"ExtraFieldInfo": {} }
{ "Timestamp": "2022-07-22 23:19:44.773 +02:00","RuleTitle": "RDP Logon","Level": "info","Computer": "SANS-SIFT","Channel": "RDS-LSM","EventID": 21,"RecordID": 309,"Details": {"TgtUser": "SANS-SIFT\\sansdfir","SessID": 1,"SrcIP": "LOCAL"},"ExtraFieldInfo": {} }
{ "Timestamp": "2022-07-22 23:25:12.549 +02:00","RuleTitle": "RDP Logon","Level": "info","Computer": "SANS-SIFT","Channel": "RDS-LSM","EventID": 21,"RecordID": 316,"Details": {"TgtUser": "SANS-SIFT\\sansdfir","SessID": 1,"SrcIP": "LOCAL"},"ExtraFieldInfo": {} }
{ "Timestamp": "2022-07-27 03:37:43.259 +02:00","RuleTitle": "RDP Logon","Level": "info","Computer": "SANS-SIFT","Channel": "RDS-LSM","EventID": 21,"RecordID": 323,"Details": {"TgtUser": "SANS-SIFT\\sansdfir","SessID": 1,"SrcIP": "LOCAL"},"ExtraFieldInfo": {} }
{ "Timestamp": "2022-07-27 05:07:42.598 +02:00","RuleTitle": "RDP Logon","Level": "info","Computer": "SANS-SIFT","Channel": "RDS-LSM","EventID": 21,"RecordID": 330,"Details": {"TgtUser": "SANS-SIFT\\sansdfir","SessID": 1,"SrcIP": "LOCAL"},"ExtraFieldInfo": {} }
{ "Timestamp": "2022-07-27 05:16:25.967 +02:00","RuleTitle": "RDP Logon","Level": "info","Computer": "SANS-SIFT","Channel": "RDS-LSM","EventID": 21,"RecordID": 338,"Details": {"TgtUser": "SANS-SIFT\\sansdfir","SessID": 2,"SrcIP": "LOCAL"},"ExtraFieldInfo": {} }
{ "Timestamp": "2022-07-27 05:18:27.864 +02:00","RuleTitle": "RDP Logon","Level": "info","Computer": "SANS-SIFT","Channel": "RDS-LSM","EventID": 21,"RecordID": 345,"Details": {"TgtUser": "SANS-SIFT\\sansdfir","SessID": 1,"SrcIP": "LOCAL"},"ExtraFieldInfo": {} }
{ "Timestamp": "2022-07-27 05:27:57.849 +02:00","RuleTitle": "RDP Logon","Level": "info","Computer": "SANS-SIFT","Channel": "RDS-LSM","EventID": 21,"RecordID": 352,"Details": {"TgtUser": "SANS-SIFT\\sansdfir","SessID": 1,"SrcIP": "LOCAL"},"ExtraFieldInfo": {} }
{ "Timestamp": "2022-08-11 02:03:36.592 +02:00","RuleTitle": "RDP Logon","Level": "info","Computer": "SANS-SIFT","Channel": "RDS-LSM","EventID": 21,"RecordID": 359,"Details": {"TgtUser": "SANS-SIFT\\sansdfir","SessID": 1,"SrcIP": "LOCAL"},"ExtraFieldInfo": {} }
{ "Timestamp": "2022-08-11 02:32:37.550 +02:00","RuleTitle": "RDP Logon","Level": "info","Computer": "SANS-SIFT","Channel": "RDS-LSM","EventID": 21,"RecordID": 366,"Details": {"TgtUser": "SANS-SIFT\\sansdfir","SessID": 1,"SrcIP": "LOCAL"},"ExtraFieldInfo": {} }
{ "Timestamp": "2022-08-11 03:07:06.917 +02:00","RuleTitle": "RDP Logon","Level": "info","Computer": "SANS-SIFT","Channel": "RDS-LSM","EventID": 21,"RecordID": 373,"Details": {"TgtUser": "SANS-SIFT\\sansdfir","SessID": 1,"SrcIP": "LOCAL"},"ExtraFieldInfo": {} }
{ "Timestamp": "2022-08-13 18:31:06.129 +02:00","RuleTitle": "RDP Logon","Level": "info","Computer": "SANS-SIFT","Channel": "RDS-LSM","EventID": 21,"RecordID": 380,"Details": {"TgtUser": "SANS-SIFT\\sansdfir","SessID": 1,"SrcIP": "LOCAL"},"ExtraFieldInfo": {} }
{ "Timestamp": "2022-08-13 20:29:19.973 +02:00","RuleTitle": "RDP Logon","Level": "info","Computer": "SANS-SIFT","Channel": "RDS-LSM","EventID": 21,"RecordID": 387,"Details": {"TgtUser": "SANS-SIFT\\sansdfir","SessID": 1,"SrcIP": "LOCAL"},"ExtraFieldInfo": {} }
{ "Timestamp": "2022-07-27 05:16:17.426 +02:00","RuleTitle": "RDP Disconnect","Level": "info","Computer": "SANS-SIFT","Channel": "RDS-LSM","EventID": 24,"RecordID": 335,"Details": {"TgtUser": "SANS-SIFT\\sansdfir","SessID": 1,"SrcIP": "LOCAL"},"ExtraFieldInfo": {} }
{ "Timestamp": "2022-07-20 23:00:09.632 +02:00","RuleTitle": "Unexpected Shutdown","Level": "low","Computer": "SANS-SIFT","Channel": "Sys","EventID": 6008,"RecordID": 4688,"Details": {},"ExtraFieldInfo": {"Binary": "E6070700030014000D000C002C00AE02E60707000300140014000C002C00AE023C0000003C000000000000000000000000000000000000000100000000000000","Data[1]": "1:12:44 PM","Data[2]": "7/20/2022","Data[3]": "","Data[4]": "","Data[5]": 13,"Data[6]": "","Data[7]": ""} }
{ "Timestamp": "2022-07-18 15:44:07.065 +02:00","RuleTitle": "Event Log Svc Started","Level": "info","Computer": "SANS-SIFT","Channel": "Sys","EventID": 6005,"RecordID": 4541,"Details": {},"ExtraFieldInfo": {"Binary": "E6070700010012000D002C00070041000000000000000000"} }
{ "Timestamp": "2022-07-20 22:12:44.653 +02:00","RuleTitle": "Event Log Svc Started","Level": "info","Computer": "SANS-SIFT","Channel": "Sys","EventID": 6005,"RecordID": 4607,"Details": {},"ExtraFieldInfo": {"Binary": "E60707000300140014000C002C008D020000000000000000"} }
{ "Timestamp": "2022-07-20 23:00:09.632 +02:00","RuleTitle": "Event Log Svc Started","Level": "info","Computer": "SANS-SIFT","Channel": "Sys","EventID": 6005,"RecordID": 4690,"Details": {},"ExtraFieldInfo": {"Binary": "E60707000300140015000000090078020000000000000000"} }
{ "Timestamp": "2022-07-20 23:06:03.304 +02:00","RuleTitle": "Event Log Svc Started","Level": "info","Computer": "SANS-SIFT","Channel": "Sys","EventID": 6005,"RecordID": 4958,"Details": {},"ExtraFieldInfo": {"Binary": "E60707000300140015000600030030010000000000000000"} }
{ "Timestamp": "2022-07-20 23:01:12.450 +02:00","RuleTitle": "Event Log Service Startup Type Changed To Disabled","Level": "med","Computer": "SANS-SIFT","Channel": "Sys","EventID": 7040,"RecordID": 4904,"Details": {"OldSetting": "auto start","NewSetting": "disabled"},"ExtraFieldInfo": {"param1": "Windows Event Log","param4": "EventLog"} }
{ "Timestamp": "2022-07-18 15:19:23.701 +02:00","RuleTitle": "Important Log File Cleared","Level": "high","Computer": "SANS-SIFT","Channel": "Sys","EventID": 104,"RecordID": 4526,"Details": {"Log": "System","User": "sansdfir"},"ExtraFieldInfo": {"BackupPath": "","SubjectDomainName": "SANS-SIFT"} }
{ "Timestamp": "2022-07-18 15:19:23.967 +02:00","RuleTitle": "Important Log File Cleared","Level": "high","Computer": "SANS-SIFT","Channel": "Sys","EventID": 104,"RecordID": 4529,"Details": {"Log": "Windows PowerShell","User": "sansdfir"},"ExtraFieldInfo": {"BackupPath": "","SubjectDomainName": "SANS-SIFT"} }
{ "Timestamp": "2022-07-18 15:34:16.055 +02:00","RuleTitle": "Event Log Svc Stopped","Level": "info","Computer": "SANS-SIFT","Channel": "Sys","EventID": 6006,"RecordID": 4533,"Details": {},"ExtraFieldInfo": {"Binary": 100000000000000} }
{ "Timestamp": "2022-07-18 15:44:45.789 +02:00","RuleTitle": "Event Log Svc Stopped","Level": "info","Computer": "SANS-SIFT","Channel": "Sys","EventID": 6006,"RecordID": 4598,"Details": {},"ExtraFieldInfo": {"Binary": 100000000000000} }
{ "Timestamp": "2022-07-20 23:01:15.578 +02:00","RuleTitle": "Event Log Svc Stopped","Level": "info","Computer": "SANS-SIFT","Channel": "Sys","EventID": 6006,"RecordID": 4949,"Details": {},"ExtraFieldInfo": {"Binary": 100000000000000} }
{ "Timestamp": "2022-07-18 15:19:23.936 +02:00","RuleTitle": "Log File Cleared","Level": "med","Computer": "SANS-SIFT","Channel": "Sys","EventID": 104,"RecordID": 4527,"Details": {"Log": "Windows Networking Vpn Plugin Platform/Operational","User": "sansdfir"},"ExtraFieldInfo": {"BackupPath": "","SubjectDomainName": "SANS-SIFT"} }
{ "Timestamp": "2022-07-18 15:19:23.951 +02:00","RuleTitle": "Log File Cleared","Level": "med","Computer": "SANS-SIFT","Channel": "Sys","EventID": 104,"RecordID": 4528,"Details": {"Log": "Windows Networking Vpn Plugin Platform/OperationalVerbose","User": "sansdfir"},"ExtraFieldInfo": {"BackupPath": "","SubjectDomainName": "SANS-SIFT"} }
{ "Timestamp": "2022-07-18 15:44:07.065 +02:00","RuleTitle": "Computer Startup","Level": "info","Computer": "SANS-SIFT","Channel": "Sys","EventID": 6009,"RecordID": 4540,"Details": {"MajorVer": "10.00.","BuildNum": 19044},"ExtraFieldInfo": {"Data[3]": "","Data[4]": "Multiprocessor Free","Data[5]": 0} }
{ "Timestamp": "2022-07-20 22:12:44.653 +02:00","RuleTitle": "Computer Startup","Level": "info","Computer": "SANS-SIFT","Channel": "Sys","EventID": 6009,"RecordID": 4606,"Details": {"MajorVer": "10.00.","BuildNum": 19044},"ExtraFieldInfo": {"Data[3]": "","Data[4]": "Multiprocessor Free","Data[5]": 0} }
{ "Timestamp": "2022-07-20 23:00:09.632 +02:00","RuleTitle": "Computer Startup","Level": "info","Computer": "SANS-SIFT","Channel": "Sys","EventID": 6009,"RecordID": 4689,"Details": {"MajorVer": "10.00.","BuildNum": 19044},"ExtraFieldInfo": {"Data[3]": "","Data[4]": "Multiprocessor Free","Data[5]": 0} }
{ "Timestamp": "2022-07-20 23:06:03.304 +02:00","RuleTitle": "Computer Startup","Level": "info","Computer": "SANS-SIFT","Channel": "Sys","EventID": 6009,"RecordID": 4957,"Details": {"MajorVer": "10.00.","BuildNum": 19044},"ExtraFieldInfo": {"Data[3]": "","Data[4]": "Multiprocessor Free","Data[5]": 0} }
{ "Timestamp": "2022-07-22 23:22:05.925 +02:00","RuleTitle": "Volume Shadow Copy Mount","Level": "low","Computer": "SANS-SIFT","Channel": "Sys","EventID": 98,"RecordID": 6030,"Details": {"Drive": "Local Disk","Device": "\\Device\\HarddiskVolumeShadowCopy1"},"ExtraFieldInfo": {"CorruptionActionState": 0} }
{ "Timestamp": "2022-07-27 04:16:55.241 +02:00","RuleTitle": "Volume Shadow Copy Mount","Level": "low","Computer": "SANS-SIFT","Channel": "Sys","EventID": 98,"RecordID": 6232,"Details": {"Drive": "Local Disk","Device": "\\Device\\HarddiskVolumeShadowCopy2"},"ExtraFieldInfo": {"CorruptionActionState": 0} }
{ "Timestamp": "2022-07-20 23:07:40.206 +02:00","RuleTitle": "Event Log Svc Started","Level": "info","Computer": "SANS-SIFT","Channel": "Sys","EventID": 6005,"RecordID": 5765,"Details": {},"ExtraFieldInfo": {"Binary": "E607070003001400150007002800CE000000000000000000"} }
