{ "Timestamp": "2022-08-13 19:01:08.482 +02:00","RuleTitle": "Potentially Malicious PwSh","Level": "med","Computer": "SANS-SIFT","Channel": "PwSh","EventID": 4104,"RecordID": 1602,"Details": {"ScriptBlock": "# Copyright  2008, Microsoft Corporation. All rights reserved.\\r\\n\\r\\n\\r\\n#Common utility functions\\r\\nImport-LocalizedData -BindingVariable localizationString -FileName CL_LocalizationData\\r\\n\\r\\n# Function to get user troubleshooting history\\r\\nfunction Get-UserTSHistoryPath {\\r\\n return \"${env:localappdata}\\diagnostics\"\\r\\n}\\r\\n\\r\\n# Function to get admin troubleshooting history\\r\\nfunction Get-AdminTSHistoryPath {\\r\\n return \"${env:localappdata}\\elevateddiagnostics\"\\r\\n}\\r\\n\\r\\n# Function to get user report folder path\\r\\nfunction Get-UserReportPath {\\r\\n return \"${env:localappdata}\\Microsoft\\Windows\\WER\\ReportQueue\"\\r\\n}\\r\\n\\r\\n# Function to get system report folder path\\r\\nfunction Get-MachineReportPath {\\r\\n return \"${env:AllUsersProfile}\\Microsoft\\Windows\\WER\\ReportQueue\"\\r\\n}\\r\\n\\r\\n# Function to get threshold to check whether a folder is old\\r\\nfunction Get-ThresholdForCheckOlderFile {\\r\\n [int]$threshold = -1\\r\\n return $threshold\\r\\n}\\r\\n\\r\\n# Function to get threshold for deleting WER folder\\r\\nfunction Get-ThresholdForFileDeleting() {\\r\\n [string]$registryEntryPath = \"HKLM:\\SOFTWARE\\Microsoft\\Windows\\Windows Error Reporting\"\\r\\n [string]$registryEntryName = \"PurgeThreshholdValueInKB\"\\r\\n [double]$defaultValue = 10.0\\r\\n\\r\\n return Get-RegistryValue $registryEntryPath $registryEntryName $defaultValue\\r\\n}\\r\\n\\r\\n# Function to get the size of a directory in kb\\r\\nfunction Get-FolderSize([string]$folder = $(throw \"No folder is specified\")) {\\r\\n if([String]::IsNullOrEmpty($folder) -or (-not(Test-Path $folder))) {\\r\\n return 0\\r\\n }\\r\\n\\r\\n if(-not $Global:DirectoryObject) {\\r\\n $Global:DirectoryObject = New-Object -comobject \"Scripting.FileSystemObject\"\\r\\n }\\r\\n\\r\\n return ($Global:DirectoryObject.GetFolder($folder).Size) / 1kb\\r\\n}\\r\\n\\r\\n# Function to delete a folder\\r\\nfunction Delete-Folder([string]$folder = $(throw \"No folder is specified\")) {\\r\\n if([String]::IsNullOrEmpty($folder) -or (-not(Test-Path $folder))) {\\r\\n return\\r\\n }\\r\\n\\r\\n Remove-Item -literalPath $folder -Recurse -Force\\r\\n}\\r\\n\\r\\n# Function to delete old folders\\r\\nfunction Delete-OldFolders($folder=$(throw \"No folder is specified\")) {\\r\\n if(($folder -eq $null) -or (-not(Test-Path $folder))) {\\r\\n return\\r\\n }\\r\\n\\r\\n [int]$threshold = Get-ThresholdForCheckOlderFile\\r\\n $folders = Get-ChildItem -LiteralPath ($folder.FullName) -Force | Where-Object {$_.PSIsContainer}\\r\\n if($folders -ne $null) {\\r\\n foreach($folder in $folders) {\\r\\n if((($folder.CreationTime).CompareTo((Get-Date).AddMonths($threshold))) -lt 0) {\\r\\n Delete-Folder ($folder.FullName)\\r\\n } else {\\r\\n Delete-OldFolders (Get-Item ($folder.FullName))\\r\\n }\\r\\n }\\r\\n }\\r\\n}\\r\\n\\r\\n# Function to get registry value\\r\\nfunction Get-RegistryValue([string]$registryEntryPath = $(throw \"No registry entry path is specified\"), [string]$registryEntryName = $(throw \"No registry entry name is specified\"), [double]$defaultValue = 0.0) {\\r\\n [double]$registryEntryValue = $defaultValue\\r\\n\\r\\n $registryEntry = Get-ItemProperty -Path $registryEntryPath -Name $registryEntryName\\r\\n if($registryEntry -ne $null) {\\r\\n $registryEntryValue = $registryEntry.$registryEntryName\\r\\n }\\r\\n\\r\\n\\treturn $registryEntryValue\\r\\n}\\r\\n\\r\\n# Function to get the percentage that WER queue can take up\\r\\nfunction Get-Percentage() {\\r\\n [string]$registryEntryPath = \"HKLM:\\SOFTWARE\\Microsoft\\Windows\\Windows Error Reporting\"\\r\\n [string]$registryEntryName = \"MaxQueueSizePercentage\"\\r\\n [double]$defaultValue = 100.0\\r\\n\\r\\n return Get-RegistryValue $registryEntryPath $registryEntryName $defaultValue\\r\\n}\\r\\n\\r\\n# Function to get free disk space on machine\\r\\nfunction Get-FreeSpace {\\r\\n [double]$freeSpace = 0.0\\r\\n [string]$wql = \"SELECT * FROM Win32_LogicalDisk WHERE MediaType=12\"\\r\\n $drives = Get-WmiObject -query $wql\\r\\n if($null -ne $drives) {\\r\\n foreach($drive in $drives) {\\r\\n $freeSpace += ($drive.freeSpace)\\r\\n }\\r\\n }\\r\\n\\r\\n return ($freeSpace / 1KB)\\r\\n}\\r\\n\\r\\n# Function to get all unnecessary files\\r\\nfunction Get-UnnecessaryFiles([string]$folder = $(throw \"No folder is specified\")) {\\r\\n if([String]::IsNullOrEmpty($folder) -or (-not(Test-Path $folder))) {\\r\\n return $null\\r\\n }\\r\\n\\r\\n [int]$threshold = Get-ThresholdForCheckOlderFile\\r\\n\\r\\n return (Get-ChildItem -literalPath $folder -Recurse -Force | Where-Object {($_.PSIsContainer) -and ((($_.CreationTime).CompareTo((Get-Date).AddMonths($threshold))) -lt 0)})\\r\\n}\\r\\n\\r\\n# Function to format disk space (KB -> MB)\\r\\nfunction Format-DiskSpaceMB([double]$space = $(throw \"No space is specified\")) {\\r\\n return [string]([Math]::Round(($space / 1KB), 3))\\r\\n}\\r\\n\\r\\n# Function to format disk space (B -> GB)\\r\\nFunction Format-DiskSpaceGB([double]$space = $(throw \"No space is specified\")) {\\r\\n return [string]([Math]::Round(($space / 1GB), 3))\\r\\n}\\r\\n\\r\\n# Function to attach item to the list with delimiter \"/\"\\r\\nfunction AttachTo-List([string]$list = $(throw \"No list is specified\"), [string]$item = $(throw \"No item is specified\"))\\r\\n{\\r\\n if([String]::IsNullOrEmpty($list))\\r\\n {\\r\\n return $item\\r\\n }\\r\\n\\r\\n if([String]::IsNullOrEmpty($item))\\r\\n {\\r\\n return $list\\r\\n }\\r\\n\\r\\n return $list + \"/\" + $item\\r\\n}\\r\\n\\r\\n# Function to parse the the list with delimiter \"/\"\\r\\nfunction Parse-List([string]$list = $(throw \"No list is specified\"))\\r\\n{\\r\\n if($list -eq $null)\\r\\n {\\r\\n return $null\\r\\n }\\r\\n\\r\\n return $list.Split(\"/\", [StringSplitOptions]::RemoveEmptyEntries)\\r\\n}\\r\\n\\r\\n# Function to get list length\\r\\nfunction Get-ListLength([string]$list = $(throw \"No list is specified\"))\\r\\n{\\r\\n if($list -eq $null)\\r\\n {\\r\\n return 0\\r\\n }\\r\\n\\r\\n $result = Parse-List $list\\r\\n\\r\\n if($result -is [string])\\r\\n {\\r\\n return 1\\r\\n }\\r\\n elseif($result -is [object[]])\\r\\n {\\r\\n return $result.count\\r\\n }\\r\\n else\\r\\n {\\r\\n return 0\\r\\n }\\r\\n}\\r\\n\\r\\n# Function to convert to WQL path\\r\\nfunction ConvertTo-WQLPath([string]$wqlPath = $(throw \"No WQL path is specified\"))\\r\\n{\\r\\n if($wqlPath -eq $null)\\r\\n {\\r\\n return \"\"\\r\\n }\\r\\n\\r\\n return $wqlPath.Replace(\"\\\", \"\\\\\")\\r\\n}\\r\\n\\r\\n# Function to check whether the shortcut is valid\\r\\nfunction Test-ValidLink([Wmi]$wmiLinkFile = $(throw \"No WMI link file is specified\"))\\r\\n{\\r\\n if(($wmiLinkFile -eq $null) -or ([String]::IsNullOrEmpty($wmiLinkFile.Target)))\\r\\n {\\r\\n return $false\\r\\n }\\r\\n\\r\\n return Test-Path $wmiLinkFile.Target\\r\\n}\\r\\n\\r\\n# Function to chech whether have permission to delete the shortcut file\\r\\nfunction Test-Delete([Wmi]$wmiLinkFile = $(throw \"No WMI link file is specified\"))\\r\\n{\\r\\n if($wmiLinkFile -eq $null)\\r\\n {\\r\\n return $false\\r\\n }\\r\\n\\r\\n return ($wmiLinkFile.AccessMask -band 0x10000) -eq 0x10000\\r\\n}\\r\\n\\r\\n# Function to get desktop path\\r\\nfunction Get-DesktopPath()\\r\\n{\\r\\n$methodDefinition = @\"\\r\\n public static string GetDesktopPath\\r\\n {\\r\\n get\\r\\n {\\r\\n return Environment.GetFolderPath(Environment.SpecialFolder.DesktopDirectory);\\r\\n }\\r\\n }\\r\\n\"@\\r\\n\\r\\n $type = Add-Type -MemberDefinition $methodDefinition -Name \"DesktopPath\" -PassThru\\r\\n\\r\\n return $type::GetDesktopPath\\r\\n}\\r\\n\\r\\n# Function to get startup path\\r\\nfunction Get-StartupPath()\\r\\n{\\r\\n$methodDefinition = @\"\\r\\n public static string GetStartupPath\\r\\n {\\r\\n get\\r\\n {\\r\\n return Environment.GetFolderPath(Environment.SpecialFolder.Startup);\\r\\n }\\r\\n }\\r\\n\"@\\r\\n\\r\\n $type = Add-Type -MemberDefinition $methodDefinition -Name \"StartupPath\" -PassThru\\r\\n\\r\\n return $type::GetStartupPath\\r\\n}\\r\\n\\r\\n# Function to remove all files in the list\\r\\nfunction Remove-FileList([string]$list = $(throw \"No list is specified\"))\\r\\n{\\r\\n if([String]::IsNullOrEmpty($list))\\r\\n {\\r\\n return\\r\\n }\\r\\n\\r\\n try\\r\\n {\\r\\n Parse-List $list | Foreach-Object {\\r\\n if(-not([String]::IsNullOrEmpty($_)))\\r\\n {\\r\\n Remove-Item $_ -Force\\r\\n }\\r\\n }\\r\\n }\\r\\n catch\\r\\n {\\r\\n $_ | ConvertTo-Xml | Update-DiagReport -id DeleteFileExceptions -Name $localizationString.filesFailToRemove_name -Description $localizationString.filesFailToRemove_description -Verbosity Warning\\r\\n }\\r\\n}\\r\\n\\r\\n# Function to get the last access time of an Icon\\r\\nfunction Get-LastAccessTime([string]$filePath = $(throw \"No file path is specified\"))\\r\\n{\\r\\n if([String]::IsNullOrEmpty($filePath) -or -not(Test-Path $filePath))\\r\\n {\\r\\n throw \"No file path found\"\\r\\n }\\r\\n\\r\\n$typeDefinition = @\"\\r\\n\\r\\nusing System;\\r\\nusing System.Collections.Generic;\\r\\nusing System.Runtime.InteropServices;\\r\\nusing ComType = System.Runtime.InteropServices.ComTypes;\\r\\n\\r\\npublic sealed class FileInfo\\r\\n{\\r\\n private FileInfo()\\r\\n {\\r\\n }\\r\\n\\r\\n [StructLayout(LayoutKind.Sequential, CharSet = CharSet.Unicode)]\\r\\n struct UAINFO\\r\\n {\\r\\n internal int cbSize;\\r\\n internal int dwMask;\\r\\n internal float R;\\r\\n internal uint cLaunches;\\r\\n internal uint cSwitches;\\r\\n internal int dwTime;\\r\\n internal ComType.FILETIME ftExecute;\\r\\n [MarshalAs(UnmanagedType.Bool)] internal bool fExcludeFromMFU;\\r\\n\\r\\n internal UAINFO(int dwMask)\\r\\n {\\r\\n this.cbSize = Marshal.SizeOf(typeof(UAINFO));\\r\\n this.dwMask = dwMask;\\r\\n this.R = 0;\\r\\n this.cLaunches = 0;\\r\\n this.cSwitches = 0;\\r\\n this.dwTime = 0;\\r\\n this.ftExecute = new ComType.FILETIME();\\r\\n this.fExcludeFromMFU = false;\\r\\n }\\r\\n }\\r\\n\\r\\n internal const int UAIM_FILETIME = 1;\\r\\n internal static Guid UAIID_SHORTCUTS = new Guid(\"F4E57C4B-2036-45F0-A9AB-443BCFE33D9F\");\\r\\n\\r\\n [ComImport, Guid(\"90D75131-43A6-4664-9AF8-DCCEB85A7462\"), InterfaceType(ComInterfaceType.InterfaceIsIUnknown)]\\r\\n interface IShellUserAssist\\r\\n {\\r\\n int FireEvent(ref Guid pguidGrp, int eCmd, string pszPath, int dwTimeElapsed);\\r\\n int QueryEntry(ref Guid pguidGrp, string pszPath, ref UAINFO pui);\\r\\n int SetEntry(ref Guid pguidGrp, string pszPath, ref UAINFO pui);\\r\\n int RenameEntry(ref Guid pguidGrp, string pszFrom, string pszTo);\\r\\n int DeleteEntry(ref Guid pguidGrp, string pszPath);\\r\\n int Enable(bool fEnable);\\r\\n }\\r\\n\\r\\n [ComImport, Guid(\"DD313E04-FEFF-11d1-8ECD-0000F87A470C\")]\\r\\n internal class UserAssist { }\\r\\n\\r\\n public static DateTime GetLastAccessTime(string filePath)\\r\\n {\\r\\n if(String.IsNullOrEmpty(filePath))\\r\\n {\\r\\n throw new ArgumentException(\"The file path is null or empty\");\\r\\n }\\r\\n\\r\\n UAINFO uaInfo = new UAINFO(UAIM_FILETIME);\\r\\n IShellUserAssist iShellUserAssist = new UserAssist() as IShellUserAssist;\\r\\n if (iShellUserAssist == null)\\r\\n {\\r\\n throw new InvalidOperationException(\"Can't get iShellUserAssist interface\");\\r\\n }\\r\\n\\r\\n try\\r\\n {\\r\\n Marshal.ThrowExceptionForHR(iShellUserAssist.QueryEntry(ref UAIID_SHORTCUTS, filePath, ref uaInfo));\\r\\n }\\r\\n catch\\r\\n {\\r\\n throw new InvalidOperationException(\"Can't query info about\" + filePath);\\r\\n }\\r\\n\\r\\n long fileTime = (((long)uaInfo.ftExecute.dwHighDateTime) << 32) + uaInfo.ftExecute.dwLowDateTime;\\r\\n\\r\\n return DateTime.FromFileTime(fileTime);\\r\\n }\\r\\n}\\r\\n\"@\\r\\n\\r\\n $type = Add-Type -TypeDefinition $typeDefinition -PassThru\\r\\n\\r\\n return $type[0]::GetLastAccessTime($filePath)\\r\\n}\\r\\n\\r\\n# Function to check whether the icon is pointing to a file\\r\\nfunction Test-FileShortcut([Wmi]$wmiLinkFile = $(throw \"No wmi link file is specified\"))\\r\\n{\\r\\n if($wmiLinkFile -eq $null)\\r\\n {\\r\\n return $false\\r\\n }\\r\\n\\r\\n [string]$target = $wmiLinkFile.Target\\r\\n if([String]::IsNullOrEmpty($target) -or -not(Test-Path $target))\\r\\n {\\r\\n return $false\\r\\n }\\r\\n\\r\\n return -not((Get-Item $target).PSIsContainer)\\r\\n}\\r\\n\\r\\n# Function to create a choice in interaction page\\r\\nfunction Get-Choice([string]$name = $(throw \"No choice name is specified\"), [string]$description = $(throw \"No choice description is specified\"),\\r\\n [string]$value = $(throw \"No choice value is specified\"), [xml]$extension)\\r\\n{\\r\\n return @{\"Name\"=$name;\"Description\"=$description;\"Value\"=$value;\"ExtensionPoint\"=$extension.InnerXml}\\r\\n}\\r\\n\\r\\n# Function to check whether the current machine is domain joined\\r\\nFunction Test-DomainJoined()\\r\\n{\\r\\n return (Get-WmiObject -query \"select * from win32_ntdomain where Status ='OK'\") -ne $null\\r\\n}\\r\\n\\r\\n# Function to update time source\\r\\nFunction Update-TimeSource([string]$timeSource = $(throw \"No time source is specified\"))\\r\\n{\\r\\n w32tm.exe /config /update /manualpeerlist:\"$timeSource\"\\r\\n}\\r\\n\\r\\n# Function to get system drive info\\r\\nfunction Get-SystemDriveInfo() {\\r\\n [string]$wql = \"SELECT * FROM Win32_LogicalDisk WHERE MediaType=12 AND Name = '\" + ${env:systemdrive} + \"'\"\\r\\n return Get-WmiObject -query $wql\\r\\n}\\r\\n\\r\\n# Function to get time service status\\r\\nfunction Get-ServiceStatus([string]$serviceName=$(throw \"No service name is specified\")) {\\r\\n [bool]$startService = $true\\r\\n\\r\\n [WMI]$timeService = @(Get-WmiObject -Query \"Select * From Win32_Service Where Name = `\"$serviceName`\"\")[0]\\r\\n if($null -ne $timeService) {\\r\\n [ServiceProcess.ServiceControllerStatus]$timeServicesStatus = (Get-Service $serviceName).Status\\r\\n if(([ServiceProcess.ServiceControllerStatus]::Stopped -eq $timeServicesStatus) -or ([ServiceProcess.ServiceControllerStatus]::StopPending -eq $timeServicesStatus)) {\\r\\n $startService = $false\\r\\n }\\r\\n }\\r\\n\\r\\n return $startService\\r\\n}\\r\\n\\r\\n# Function to wait for expected service status\\r\\nfunction WaitFor-ServiceStatus([string]$serviceName=$(throw \"No service name is specified\"), [ServiceProcess.ServiceControllerStatus]$serviceStatus=$(throw \"No service status is specified\")) {\\r\\n [ServiceProcess.ServiceController]$sc = New-Object \"ServiceProcess.ServiceController\" $serviceName\\r\\n [TimeSpan]$timeOut = New-Object TimeSpan(0,0,0,5,0)\\r\\n $sc.WaitForStatus($serviceStatus, $timeOut)\\r\\n}"},"ExtraFieldInfo": {"MessageNumber": 1,"MessageTotal": 1,"Path": "C:\\Windows\\TEMP\\SDIAG_f3708628-27c7-48f6-bece-caa87123f602\\CL_Utility.ps1","ScriptBlockId": "b556b045-8ee4-4a32-8442-2d1c1958d893"} }
{ "Timestamp": "2022-08-11 03:22:01.591 +02:00","RuleTitle": "Windows Defender Threat Detection Disabled","Level": "high","Computer": "SANS-SIFT","Channel": "Defender","EventID": 5001,"RecordID": 598,"Details": {},"ExtraFieldInfo": {"Product Name": "Microsoft Defender Antivirus","Product Version": "4.18.2205.7"} }
{ "Timestamp": "2022-08-11 03:22:01.591 +02:00","RuleTitle": "Windows Defender Real-time Protection Disabled","Level": "high","Computer": "SANS-SIFT","Channel": "Defender","EventID": 5001,"RecordID": 598,"Details": {},"ExtraFieldInfo": {"Product Name": "Microsoft Defender Antivirus","Product Version": "4.18.2205.7"} }
{ "Timestamp": "2022-07-20 23:01:32.264 +02:00","RuleTitle": "Windows Defender Real-Time Protection Failure/Restart","Level": "med","Computer": "SANS-SIFT","Channel": "Defender","EventID": 3002,"RecordID": 488,"Details": {},"ExtraFieldInfo": {"Error Code": "0x8007043c","Error Description": "This service cannot be started in Safe Mode","Feature ID": 3,"Feature Name": "On Access","Product Name": "Microsoft Defender Antivirus","Product Version": "4.18.2205.7","Reason": "Antimalware security intelligence has stopped functioning for an unknown reason. In some instances, restarting the service may resolve the problem."} }
{ "Timestamp": "2022-08-11 02:03:48.345 +02:00","RuleTitle": "Windows Defender Malware Detection History Deletion","Level": "info","Computer": "SANS-SIFT","Channel": "Defender","EventID": 1013,"RecordID": 556,"Details": {"Time": "7/27/2022 12:03:48 AM","User": "SYSTEM"},"ExtraFieldInfo": {"Domain": "NT AUTHORITY","Product Name": "Microsoft Defender Antivirus","Product Version": "4.18.2205.7","SID": "S-1-5-18","Unused2": "","Unused3": "","Unused4": "","Unused": ""} }
{ "Timestamp": "2022-08-11 03:16:19.677 +02:00","RuleTitle": "Win Defender Restored Quarantine File","Level": "high","Computer": "SANS-SIFT","Channel": "Defender","EventID": 1009,"RecordID": 564,"Details": {},"ExtraFieldInfo": {"Category ID": 8,"Category Name": "Trojan","Domain": "SANS-SIFT","Engine Version": "1.1.19500.2","FWLink": "https://go.microsoft.com/fwlink/?linkid=37020&name=Trojan:Script/Phonzy.A!rfn&threatid=2147779530&enterprise=0","Path": "file:_C:\\Forensic_Program_Files\\NirSoft\\x64\\passwordfox.exe","Product Name": "Microsoft Defender Antivirus","Product Version": "4.18.2205.7","SID": "S-1-5-21-3791101120-654964671-1215073249-1000","Security intelligence Version": "AV: 1.373.94.0, AS: 1.373.94.0","Severity ID": 5,"Severity Name": "Severe","Threat ID": 2147779530,"Threat Name": "Trojan:Script/Phonzy.A!rfn","Unused10": "","Unused11": "","Unused12": "","Unused13": "","Unused2": "","Unused3": "","Unused4": "","Unused5": "","Unused6": "","Unused7": "","Unused8": "","Unused9": "","Unused": "","User": "sansdfir"} }
{ "Timestamp": "2022-08-11 03:17:09.506 +02:00","RuleTitle": "Win Defender Restored Quarantine File","Level": "high","Computer": "SANS-SIFT","Channel": "Defender","EventID": 1009,"RecordID": 567,"Details": {},"ExtraFieldInfo": {"Category ID": 34,"Category Name": "Tool","Domain": "SANS-SIFT","Engine Version": "1.1.19500.2","FWLink": "https://go.microsoft.com/fwlink/?linkid=37020&name=HackTool:Win32/Wirekeyview&threatid=2147657007&enterprise=0","Path": "file:_C:\\Forensic_Program_Files\\NirSoft\\wirelesskeyview.exe","Product Name": "Microsoft Defender Antivirus","Product Version": "4.18.2205.7","SID": "S-1-5-21-3791101120-654964671-1215073249-1000","Security intelligence Version": "AV: 1.373.94.0, AS: 1.373.94.0","Severity ID": 4,"Severity Name": "High","Threat ID": 2147657007,"Threat Name": "HackTool:Win32/Wirekeyview","Unused10": "","Unused11": "","Unused12": "","Unused13": "","Unused2": "","Unused3": "","Unused4": "","Unused5": "","Unused6": "","Unused7": "","Unused8": "","Unused9": "","Unused": "","User": "sansdfir"} }
{ "Timestamp": "2022-08-11 03:17:50.117 +02:00","RuleTitle": "Win Defender Restored Quarantine File","Level": "high","Computer": "SANS-SIFT","Channel": "Defender","EventID": 1009,"RecordID": 569,"Details": {},"ExtraFieldInfo": {"Category ID": 34,"Category Name": "Tool","Domain": "SANS-SIFT","Engine Version": "1.1.19500.2","FWLink": "https://go.microsoft.com/fwlink/?linkid=37020&name=HackTool:Win32/Smartsniff!MTB&threatid=2147753760&enterprise=0","Path": "file:_C:\\Forensic_Program_Files\\NirSoft\\sniffpass.exe","Product Name": "Microsoft Defender Antivirus","Product Version": "4.18.2205.7","SID": "S-1-5-21-3791101120-654964671-1215073249-1000","Security intelligence Version": "AV: 1.373.94.0, AS: 1.373.94.0","Severity ID": 4,"Severity Name": "High","Threat ID": 2147753760,"Threat Name": "HackTool:Win32/Smartsniff!MTB","Unused10": "","Unused11": "","Unused12": "","Unused13": "","Unused2": "","Unused3": "","Unused4": "","Unused5": "","Unused6": "","Unused7": "","Unused8": "","Unused9": "","Unused": "","User": "sansdfir"} }
{ "Timestamp": "2022-08-11 03:18:20.824 +02:00","RuleTitle": "Win Defender Restored Quarantine File","Level": "high","Computer": "SANS-SIFT","Channel": "Defender","EventID": 1009,"RecordID": 571,"Details": {},"ExtraFieldInfo": {"Category ID": 34,"Category Name": "Tool","Domain": "SANS-SIFT","Engine Version": "1.1.19500.2","FWLink": "https://go.microsoft.com/fwlink/?linkid=37020&name=HackTool:Win32/Passview!MSR&threatid=2147744267&enterprise=0","Path": "file:_C:\\Forensic_Program_Files\\NirSoft\\rdpv.exe; file:_C:\\Forensic_Program_Files\\NirSoft\\vncpassview.exe; file:_C:\\Forensic_Program_Files\\NirSoft\\x64\\bulletspassview.exe","Product Name": "Microsoft Defender Antivirus","Product Version": "4.18.2205.7","SID": "S-1-5-21-3791101120-654964671-1215073249-1000","Security intelligence Version": "AV: 1.373.94.0, AS: 1.373.94.0","Severity ID": 4,"Severity Name": "High","Threat ID": 2147744267,"Threat Name": "HackTool:Win32/Passview!MSR","Unused10": "","Unused11": "","Unused12": "","Unused13": "","Unused2": "","Unused3": "","Unused4": "","Unused5": "","Unused6": "","Unused7": "","Unused8": "","Unused9": "","Unused": "","User": "sansdfir"} }
{ "Timestamp": "2022-08-11 03:18:39.228 +02:00","RuleTitle": "Win Defender Restored Quarantine File","Level": "high","Computer": "SANS-SIFT","Channel": "Defender","EventID": 1009,"RecordID": 575,"Details": {},"ExtraFieldInfo": {"Category ID": 34,"Category Name": "Tool","Domain": "SANS-SIFT","Engine Version": "1.1.19500.2","FWLink": "https://go.microsoft.com/fwlink/?linkid=37020&name=HackTool:Win32/ProductKey&threatid=2147658877&enterprise=0","Path": "file:_C:\\Forensic_Program_Files\\NirSoft\\produkey.exe; file:_C:\\Forensic_Program_Files\\NirSoft\\x64\\produkey.exe","Product Name": "Microsoft Defender Antivirus","Product Version": "4.18.2205.7","SID": "S-1-5-21-3791101120-654964671-1215073249-1000","Security intelligence Version": "AV: 1.373.94.0, AS: 1.373.94.0","Severity ID": 4,"Severity Name": "High","Threat ID": 2147658877,"Threat Name": "HackTool:Win32/ProductKey","Unused10": "","Unused11": "","Unused12": "","Unused13": "","Unused2": "","Unused3": "","Unused4": "","Unused5": "","Unused6": "","Unused7": "","Unused8": "","Unused9": "","Unused": "","User": "sansdfir"} }
{ "Timestamp": "2022-08-11 03:18:46.891 +02:00","RuleTitle": "Win Defender Restored Quarantine File","Level": "high","Computer": "SANS-SIFT","Channel": "Defender","EventID": 1009,"RecordID": 578,"Details": {},"ExtraFieldInfo": {"Category ID": 34,"Category Name": "Tool","Domain": "SANS-SIFT","Engine Version": "1.1.19500.2","FWLink": "https://go.microsoft.com/fwlink/?linkid=37020&name=HackTool:Win32/Passview&threatid=2147597639&enterprise=0","Path": "file:_C:\\Forensic_Program_Files\\NirSoft\\passwordscan.exe","Product Name": "Microsoft Defender Antivirus","Product Version": "4.18.2205.7","SID": "S-1-5-21-3791101120-654964671-1215073249-1000","Security intelligence Version": "AV: 1.373.94.0, AS: 1.373.94.0","Severity ID": 4,"Severity Name": "High","Threat ID": 2147597639,"Threat Name": "HackTool:Win32/Passview","Unused10": "","Unused11": "","Unused12": "","Unused13": "","Unused2": "","Unused3": "","Unused4": "","Unused5": "","Unused6": "","Unused7": "","Unused8": "","Unused9": "","Unused": "","User": "sansdfir"} }
{ "Timestamp": "2022-08-11 03:19:03.383 +02:00","RuleTitle": "Win Defender Restored Quarantine File","Level": "high","Computer": "SANS-SIFT","Channel": "Defender","EventID": 1009,"RecordID": 580,"Details": {},"ExtraFieldInfo": {"Category ID": 34,"Category Name": "Tool","Domain": "SANS-SIFT","Engine Version": "1.1.19500.2","FWLink": "https://go.microsoft.com/fwlink/?linkid=37020&name=HackTool:Win32/Netpass!MSR&threatid=2147753759&enterprise=0","Path": "file:_C:\\Forensic_Program_Files\\NirSoft\\operapassview.exe","Product Name": "Microsoft Defender Antivirus","Product Version": "4.18.2205.7","SID": "S-1-5-21-3791101120-654964671-1215073249-1000","Security intelligence Version": "AV: 1.373.94.0, AS: 1.373.94.0","Severity ID": 4,"Severity Name": "High","Threat ID": 2147753759,"Threat Name": "HackTool:Win32/Netpass!MSR","Unused10": "","Unused11": "","Unused12": "","Unused13": "","Unused2": "","Unused3": "","Unused4": "","Unused5": "","Unused6": "","Unused7": "","Unused8": "","Unused9": "","Unused": "","User": "sansdfir"} }
{ "Timestamp": "2022-08-11 03:19:08.403 +02:00","RuleTitle": "Win Defender Restored Quarantine File","Level": "high","Computer": "SANS-SIFT","Channel": "Defender","EventID": 1009,"RecordID": 582,"Details": {},"ExtraFieldInfo": {"Category ID": 34,"Category Name": "Tool","Domain": "SANS-SIFT","Engine Version": "1.1.19500.2","FWLink": "https://go.microsoft.com/fwlink/?linkid=37020&name=HackTool:Win32/Netpasss.AB!MTB&threatid=2147817179&enterprise=0","Path": "file:_C:\\Forensic_Program_Files\\NirSoft\\netpass.exe","Product Name": "Microsoft Defender Antivirus","Product Version": "4.18.2205.7","SID": "S-1-5-21-3791101120-654964671-1215073249-1000","Security intelligence Version": "AV: 1.373.94.0, AS: 1.373.94.0","Severity ID": 4,"Severity Name": "High","Threat ID": 2147817179,"Threat Name": "HackTool:Win32/Netpasss.AB!MTB","Unused10": "","Unused11": "","Unused12": "","Unused13": "","Unused2": "","Unused3": "","Unused4": "","Unused5": "","Unused6": "","Unused7": "","Unused8": "","Unused9": "","Unused": "","User": "sansdfir"} }
{ "Timestamp": "2022-08-11 03:19:12.336 +02:00","RuleTitle": "Win Defender Restored Quarantine File","Level": "high","Computer": "SANS-SIFT","Channel": "Defender","EventID": 1009,"RecordID": 584,"Details": {},"ExtraFieldInfo": {"Category ID": 34,"Category Name": "Tool","Domain": "SANS-SIFT","Engine Version": "1.1.19500.2","FWLink": "https://go.microsoft.com/fwlink/?linkid=37020&name=HackTool:Win32/PasswordRevealer&threatid=2147774129&enterprise=0","Path": "file:_C:\\Forensic_Program_Files\\NirSoft\\mspass.exe","Product Name": "Microsoft Defender Antivirus","Product Version": "4.18.2205.7","SID": "S-1-5-21-3791101120-654964671-1215073249-1000","Security intelligence Version": "AV: 1.373.94.0, AS: 1.373.94.0","Severity ID": 4,"Severity Name": "High","Threat ID": 2147774129,"Threat Name": "HackTool:Win32/PasswordRevealer","Unused10": "","Unused11": "","Unused12": "","Unused13": "","Unused2": "","Unused3": "","Unused4": "","Unused5": "","Unused6": "","Unused7": "","Unused8": "","Unused9": "","Unused": "","User": "sansdfir"} }
{ "Timestamp": "2022-08-11 03:19:18.389 +02:00","RuleTitle": "Win Defender Restored Quarantine File","Level": "high","Computer": "SANS-SIFT","Channel": "Defender","EventID": 1009,"RecordID": 586,"Details": {},"ExtraFieldInfo": {"Category ID": 34,"Category Name": "Tool","Domain": "SANS-SIFT","Engine Version": "1.1.19500.2","FWLink": "https://go.microsoft.com/fwlink/?linkid=37020&name=HackTool:Win32/LSASecretsView.BH&threatid=2147745244&enterprise=0","Path": "file:_C:\\Forensic_Program_Files\\NirSoft\\lsasecretsview.exe","Product Name": "Microsoft Defender Antivirus","Product Version": "4.18.2205.7","SID": "S-1-5-21-3791101120-654964671-1215073249-1000","Security intelligence Version": "AV: 1.373.94.0, AS: 1.373.94.0","Severity ID": 4,"Severity Name": "High","Threat ID": 2147745244,"Threat Name": "HackTool:Win32/LSASecretsView.BH","Unused10": "","Unused11": "","Unused12": "","Unused13": "","Unused2": "","Unused3": "","Unused4": "","Unused5": "","Unused6": "","Unused7": "","Unused8": "","Unused9": "","Unused": "","User": "sansdfir"} }
{ "Timestamp": "2022-08-11 03:19:23.052 +02:00","RuleTitle": "Win Defender Restored Quarantine File","Level": "high","Computer": "SANS-SIFT","Channel": "Defender","EventID": 1009,"RecordID": 588,"Details": {},"ExtraFieldInfo": {"Category ID": 34,"Category Name": "Tool","Domain": "SANS-SIFT","Engine Version": "1.1.19500.2","FWLink": "https://go.microsoft.com/fwlink/?linkid=37020&name=HackTool:Win32/LSASecretsView&threatid=2147757287&enterprise=0","Path": "file:_C:\\Forensic_Program_Files\\NirSoft\\lsasecretsdump.exe","Product Name": "Microsoft Defender Antivirus","Product Version": "4.18.2205.7","SID": "S-1-5-21-3791101120-654964671-1215073249-1000","Security intelligence Version": "AV: 1.373.94.0, AS: 1.373.94.0","Severity ID": 4,"Severity Name": "High","Threat ID": 2147757287,"Threat Name": "HackTool:Win32/LSASecretsView","Unused10": "","Unused11": "","Unused12": "","Unused13": "","Unused2": "","Unused3": "","Unused4": "","Unused5": "","Unused6": "","Unused7": "","Unused8": "","Unused9": "","Unused": "","User": "sansdfir"} }
{ "Timestamp": "2022-08-11 03:19:27.925 +02:00","RuleTitle": "Win Defender Restored Quarantine File","Level": "high","Computer": "SANS-SIFT","Channel": "Defender","EventID": 1009,"RecordID": 590,"Details": {},"ExtraFieldInfo": {"Category ID": 8,"Category Name": "Trojan","Domain": "SANS-SIFT","Engine Version": "1.1.19500.2","FWLink": "https://go.microsoft.com/fwlink/?linkid=37020&name=Trojan:Win32/Generic!rfn&threatid=2147744279&enterprise=0","Path": "file:_C:\\Forensic_Program_Files\\NirSoft\\iepv.exe","Product Name": "Microsoft Defender Antivirus","Product Version": "4.18.2205.7","SID": "S-1-5-21-3791101120-654964671-1215073249-1000","Security intelligence Version": "AV: 1.373.94.0, AS: 1.373.94.0","Severity ID": 5,"Severity Name": "Severe","Threat ID": 2147744279,"Threat Name": "Trojan:Win32/Generic!rfn","Unused10": "","Unused11": "","Unused12": "","Unused13": "","Unused2": "","Unused3": "","Unused4": "","Unused5": "","Unused6": "","Unused7": "","Unused8": "","Unused9": "","Unused": "","User": "sansdfir"} }
{ "Timestamp": "2022-08-11 03:19:31.734 +02:00","RuleTitle": "Win Defender Restored Quarantine File","Level": "high","Computer": "SANS-SIFT","Channel": "Defender","EventID": 1009,"RecordID": 592,"Details": {},"ExtraFieldInfo": {"Category ID": 34,"Category Name": "Tool","Domain": "SANS-SIFT","Engine Version": "1.1.19500.2","FWLink": "https://go.microsoft.com/fwlink/?linkid=37020&name=HackTool:Win32/IEHistoryView&threatid=2147787297&enterprise=0","Path": "file:_C:\\Forensic_Program_Files\\NirSoft\\iehv.exe","Product Name": "Microsoft Defender Antivirus","Product Version": "4.18.2205.7","SID": "S-1-5-21-3791101120-654964671-1215073249-1000","Security intelligence Version": "AV: 1.373.94.0, AS: 1.373.94.0","Severity ID": 4,"Severity Name": "High","Threat ID": 2147787297,"Threat Name": "HackTool:Win32/IEHistoryView","Unused10": "","Unused11": "","Unused12": "","Unused13": "","Unused2": "","Unused3": "","Unused4": "","Unused5": "","Unused6": "","Unused7": "","Unused8": "","Unused9": "","Unused": "","User": "sansdfir"} }
{ "Timestamp": "2022-08-11 03:19:36.921 +02:00","RuleTitle": "Win Defender Restored Quarantine File","Level": "high","Computer": "SANS-SIFT","Channel": "Defender","EventID": 1009,"RecordID": 594,"Details": {},"ExtraFieldInfo": {"Category ID": 8,"Category Name": "Trojan","Domain": "SANS-SIFT","Engine Version": "1.1.19500.2","FWLink": "https://go.microsoft.com/fwlink/?linkid=37020&name=Trojan:Win32/Ymacco.AB59&threatid=2147760122&enterprise=0","Path": "file:_C:\\Forensic_Program_Files\\NirSoft\\dialupass.exe","Product Name": "Microsoft Defender Antivirus","Product Version": "4.18.2205.7","SID": "S-1-5-21-3791101120-654964671-1215073249-1000","Security intelligence Version": "AV: 1.373.94.0, AS: 1.373.94.0","Severity ID": 5,"Severity Name": "Severe","Threat ID": 2147760122,"Threat Name": "Trojan:Win32/Ymacco.AB59","Unused10": "","Unused11": "","Unused12": "","Unused13": "","Unused2": "","Unused3": "","Unused4": "","Unused5": "","Unused6": "","Unused7": "","Unused8": "","Unused9": "","Unused": "","User": "sansdfir"} }
{ "Timestamp": "2022-08-11 03:19:42.129 +02:00","RuleTitle": "Win Defender Restored Quarantine File","Level": "high","Computer": "SANS-SIFT","Channel": "Defender","EventID": 1009,"RecordID": 596,"Details": {},"ExtraFieldInfo": {"Category ID": 34,"Category Name": "Tool","Domain": "SANS-SIFT","Engine Version": "1.1.19500.2","FWLink": "https://go.microsoft.com/fwlink/?linkid=37020&name=HackTool:Win32/Passview!MSR&threatid=2147744267&enterprise=0","Path": "file:_C:\\Forensic_Program_Files\\NirSoft\\bulletspassview.exe","Product Name": "Microsoft Defender Antivirus","Product Version": "4.18.2205.7","SID": "S-1-5-21-3791101120-654964671-1215073249-1000","Security intelligence Version": "AV: 1.373.94.0, AS: 1.373.94.0","Severity ID": 4,"Severity Name": "High","Threat ID": 2147744267,"Threat Name": "HackTool:Win32/Passview!MSR","Unused10": "","Unused11": "","Unused12": "","Unused13": "","Unused2": "","Unused3": "","Unused4": "","Unused5": "","Unused6": "","Unused7": "","Unused8": "","Unused9": "","Unused": "","User": "sansdfir"} }
{ "Timestamp": "2022-07-27 03:54:13.013 +02:00","RuleTitle": "Antivirus Hacktool Detection","Level": "high","Computer": "SANS-SIFT","Channel": "Defender","EventID": 1116,"RecordID": 509,"Details": {"Threat": "HackTool:Win32/Passview!MSR","Severity": "High","Type": "Tool","User": "SANS-SIFT\\sansdfir","Path": "file:_C:\\Forensic_Program_Files\\NirSoft\\bulletspassview.exe","Proc": "C:\\Program Files\\7-Zip\\7zG.exe"},"ExtraFieldInfo": {"Action ID": 9,"Action Name": "Not Applicable","Additional Actions ID": 0,"Additional Actions String": "No additional actions required","Category ID": 34,"Detection ID": "{4B5E672B-606D-4883-9A06-F46C5443E573}","Detection Time": "2022-07-27T01:53:53.216Z","Engine Version": "AM: 1.1.19400.3, NIS: 1.1.19400.3","Error Code": "0x00000000","Error Description": "The operation completed successfully.","Execution ID": 1,"Execution Name": "Suspended","FWLink": "https://go.microsoft.com/fwlink/?linkid=37020&name=HackTool:Win32/Passview!MSR&threatid=2147744267&enterprise=0","Origin ID": 1,"Origin Name": "Local machine","Post Clean Status": 0,"Pre Execution Status": 0,"Product Name": "Microsoft Defender Antivirus","Product Version": "4.18.2205.7","Remediation User": "","Security intelligence Version": "AV: 1.371.889.0, AS: 1.371.889.0, NIS: 1.371.889.0","Severity ID": 4,"Source ID": 3,"Source Name": "Real-Time Protection","State": 1,"Status Code": 1,"Status Description": "","Threat ID": 2147744267,"Type ID": 0,"Type Name": "Concrete","Unused2": "","Unused3": "","Unused4": "","Unused5": "","Unused6": "","Unused": ""} }
{ "Timestamp": "2022-07-27 03:54:25.304 +02:00","RuleTitle": "Antivirus Hacktool Detection","Level": "high","Computer": "SANS-SIFT","Channel": "Defender","EventID": 1116,"RecordID": 511,"Details": {"Threat": "HackTool:Win32/IEHistoryView","Severity": "High","Type": "Tool","User": "SANS-SIFT\\sansdfir","Path": "file:_C:\\Forensic_Program_Files\\NirSoft\\iehv.exe","Proc": "C:\\Program Files\\7-Zip\\7zG.exe"},"ExtraFieldInfo": {"Action ID": 9,"Action Name": "Not Applicable","Additional Actions ID": 0,"Additional Actions String": "No additional actions required","Category ID": 34,"Detection ID": "{FE344895-22F5-4B9A-B2DD-8719DDD2F82F}","Detection Time": "2022-07-27T01:54:01.496Z","Engine Version": "AM: 1.1.19400.3, NIS: 1.1.19400.3","Error Code": "0x00000000","Error Description": "The operation completed successfully.","Execution ID": 1,"Execution Name": "Suspended","FWLink": "https://go.microsoft.com/fwlink/?linkid=37020&name=HackTool:Win32/IEHistoryView&threatid=2147787297&enterprise=0","Origin ID": 1,"Origin Name": "Local machine","Post Clean Status": 0,"Pre Execution Status": 0,"Product Name": "Microsoft Defender Antivirus","Product Version": "4.18.2205.7","Remediation User": "","Security intelligence Version": "AV: 1.371.889.0, AS: 1.371.889.0, NIS: 1.371.889.0","Severity ID": 4,"Source ID": 3,"Source Name": "Real-Time Protection","State": 1,"Status Code": 1,"Status Description": "","Threat ID": 2147787297,"Type ID": 0,"Type Name": "Concrete","Unused2": "","Unused3": "","Unused4": "","Unused5": "","Unused6": "","Unused": ""} }
{ "Timestamp": "2022-07-27 03:54:25.716 +02:00","RuleTitle": "Antivirus Hacktool Detection","Level": "high","Computer": "SANS-SIFT","Channel": "Defender","EventID": 1116,"RecordID": 513,"Details": {"Threat": "HackTool:Win32/LSASecretsView","Severity": "High","Type": "Tool","User": "SANS-SIFT\\sansdfir","Path": "file:_C:\\Forensic_Program_Files\\NirSoft\\lsasecretsdump.exe","Proc": "C:\\Program Files\\7-Zip\\7zG.exe"},"ExtraFieldInfo": {"Action ID": 9,"Action Name": "Not Applicable","Additional Actions ID": 0,"Additional Actions String": "No additional actions required","Category ID": 34,"Detection ID": "{838E6D0C-01AF-4567-BB9D-8281FDB71FCC}","Detection Time": "2022-07-27T01:54:03.341Z","Engine Version": "AM: 1.1.19400.3, NIS: 1.1.19400.3","Error Code": "0x00000000","Error Description": "The operation completed successfully.","Execution ID": 1,"Execution Name": "Suspended","FWLink": "https://go.microsoft.com/fwlink/?linkid=37020&name=HackTool:Win32/LSASecretsView&threatid=2147757287&enterprise=0","Origin ID": 1,"Origin Name": "Local machine","Post Clean Status": 0,"Pre Execution Status": 0,"Product Name": "Microsoft Defender Antivirus","Product Version": "4.18.2205.7","Remediation User": "","Security intelligence Version": "AV: 1.371.889.0, AS: 1.371.889.0, NIS: 1.371.889.0","Severity ID": 4,"Source ID": 3,"Source Name": "Real-Time Protection","State": 1,"Status Code": 1,"Status Description": "","Threat ID": 2147757287,"Type ID": 0,"Type Name": "Concrete","Unused2": "","Unused3": "","Unused4": "","Unused5": "","Unused6": "","Unused": ""} }
{ "Timestamp": "2022-07-27 03:54:26.375 +02:00","RuleTitle": "Antivirus Hacktool Detection","Level": "high","Computer": "SANS-SIFT","Channel": "Defender","EventID": 1116,"RecordID": 514,"Details": {"Threat": "HackTool:Win32/LSASecretsView.BH","Severity": "High","Type": "Tool","User": "SANS-SIFT\\sansdfir","Path": "containerfile:_C:\\Forensic_Program_Files\\NirSoft\\lsasecretsview.exe; file:_C:\\Forensic_Program_Files\\NirSoft\\lsasecretsview.exe->(UPX)","Proc": "C:\\Program Files\\7-Zip\\7zG.exe"},"ExtraFieldInfo": {"Action ID": 9,"Action Name": "Not Applicable","Additional Actions ID": 0,"Additional Actions String": "No additional actions required","Category ID": 34,"Detection ID": "{09F0CC08-F70A-4F3A-BE3D-5C32C8A5D647}","Detection Time": "2022-07-27T01:54:03.575Z","Engine Version": "AM: 1.1.19400.3, NIS: 1.1.19400.3","Error Code": "0x00000000","Error Description": "The operation completed successfully.","Execution ID": 1,"Execution Name": "Suspended","FWLink": "https://go.microsoft.com/fwlink/?linkid=37020&name=HackTool:Win32/LSASecretsView.BH&threatid=2147745244&enterprise=0","Origin ID": 1,"Origin Name": "Local machine","Post Clean Status": 0,"Pre Execution Status": 0,"Product Name": "Microsoft Defender Antivirus","Product Version": "4.18.2205.7","Remediation User": "","Security intelligence Version": "AV: 1.371.889.0, AS: 1.371.889.0, NIS: 1.371.889.0","Severity ID": 4,"Source ID": 3,"Source Name": "Real-Time Protection","State": 1,"Status Code": 1,"Status Description": "","Threat ID": 2147745244,"Type ID": 0,"Type Name": "Concrete","Unused2": "","Unused3": "","Unused4": "","Unused5": "","Unused6": "","Unused": ""} }
{ "Timestamp": "2022-07-27 03:54:26.511 +02:00","RuleTitle": "Antivirus Hacktool Detection","Level": "high","Computer": "SANS-SIFT","Channel": "Defender","EventID": 1116,"RecordID": 515,"Details": {"Threat": "HackTool:Win32/PasswordRevealer","Severity": "High","Type": "Tool","User": "SANS-SIFT\\sansdfir","Path": "file:_C:\\Forensic_Program_Files\\NirSoft\\mspass.exe","Proc": "C:\\Program Files\\7-Zip\\7zG.exe"},"ExtraFieldInfo": {"Action ID": 9,"Action Name": "Not Applicable","Additional Actions ID": 0,"Additional Actions String": "No additional actions required","Category ID": 34,"Detection ID": "{F8FA7A15-7774-4DE6-B1BC-3238D6F67055}","Detection Time": "2022-07-27T01:54:04.778Z","Engine Version": "AM: 1.1.19400.3, NIS: 1.1.19400.3","Error Code": "0x00000000","Error Description": "The operation completed successfully.","Execution ID": 1,"Execution Name": "Suspended","FWLink": "https://go.microsoft.com/fwlink/?linkid=37020&name=HackTool:Win32/PasswordRevealer&threatid=2147774129&enterprise=0","Origin ID": 1,"Origin Name": "Local machine","Post Clean Status": 0,"Pre Execution Status": 0,"Product Name": "Microsoft Defender Antivirus","Product Version": "4.18.2205.7","Remediation User": "","Security intelligence Version": "AV: 1.371.889.0, AS: 1.371.889.0, NIS: 1.371.889.0","Severity ID": 4,"Source ID": 3,"Source Name": "Real-Time Protection","State": 1,"Status Code": 1,"Status Description": "","Threat ID": 2147774129,"Type ID": 0,"Type Name": "Concrete","Unused2": "","Unused3": "","Unused4": "","Unused5": "","Unused6": "","Unused": ""} }
{ "Timestamp": "2022-07-27 03:54:27.085 +02:00","RuleTitle": "Antivirus Hacktool Detection","Level": "high","Computer": "SANS-SIFT","Channel": "Defender","EventID": 1116,"RecordID": 516,"Details": {"Threat": "HackTool:Win32/Netpasss.AB!MTB","Severity": "High","Type": "Tool","User": "SANS-SIFT\\sansdfir","Path": "file:_C:\\Forensic_Program_Files\\NirSoft\\netpass.exe","Proc": "C:\\Program Files\\7-Zip\\7zG.exe"},"ExtraFieldInfo": {"Action ID": 9,"Action Name": "Not Applicable","Additional Actions ID": 0,"Additional Actions String": "No additional actions required","Category ID": 34,"Detection ID": "{2845AE6E-9503-4D91-B2EE-E03E0FD050B4}","Detection Time": "2022-07-27T01:54:06.075Z","Engine Version": "AM: 1.1.19400.3, NIS: 1.1.19400.3","Error Code": "0x00000000","Error Description": "The operation completed successfully.","Execution ID": 1,"Execution Name": "Suspended","FWLink": "https://go.microsoft.com/fwlink/?linkid=37020&name=HackTool:Win32/Netpasss.AB!MTB&threatid=2147817179&enterprise=0","Origin ID": 1,"Origin Name": "Local machine","Post Clean Status": 0,"Pre Execution Status": 0,"Product Name": "Microsoft Defender Antivirus","Product Version": "4.18.2205.7","Remediation User": "","Security intelligence Version": "AV: 1.371.889.0, AS: 1.371.889.0, NIS: 1.371.889.0","Severity ID": 4,"Source ID": 3,"Source Name": "Real-Time Protection","State": 1,"Status Code": 1,"Status Description": "","Threat ID": 2147817179,"Type ID": 0,"Type Name": "Concrete","Unused2": "","Unused3": "","Unused4": "","Unused5": "","Unused6": "","Unused": ""} }
{ "Timestamp": "2022-07-27 03:54:27.191 +02:00","RuleTitle": "Antivirus Hacktool Detection","Level": "high","Computer": "SANS-SIFT","Channel": "Defender","EventID": 1116,"RecordID": 517,"Details": {"Threat": "HackTool:Win32/Netpass!MSR","Severity": "High","Type": "Tool","User": "SANS-SIFT\\sansdfir","Path": "file:_C:\\Forensic_Program_Files\\NirSoft\\operapassview.exe","Proc": "C:\\Program Files\\7-Zip\\7zG.exe"},"ExtraFieldInfo": {"Action ID": 9,"Action Name": "Not Applicable","Additional Actions ID": 0,"Additional Actions String": "No additional actions required","Category ID": 34,"Detection ID": "{F6F53F1E-F6CF-46A0-B9B0-449352C840EE}","Detection Time": "2022-07-27T01:54:09.294Z","Engine Version": "AM: 1.1.19400.3, NIS: 1.1.19400.3","Error Code": "0x00000000","Error Description": "The operation completed successfully.","Execution ID": 1,"Execution Name": "Suspended","FWLink": "https://go.microsoft.com/fwlink/?linkid=37020&name=HackTool:Win32/Netpass!MSR&threatid=2147753759&enterprise=0","Origin ID": 1,"Origin Name": "Local machine","Post Clean Status": 0,"Pre Execution Status": 0,"Product Name": "Microsoft Defender Antivirus","Product Version": "4.18.2205.7","Remediation User": "","Security intelligence Version": "AV: 1.371.889.0, AS: 1.371.889.0, NIS: 1.371.889.0","Severity ID": 4,"Source ID": 3,"Source Name": "Real-Time Protection","State": 1,"Status Code": 1,"Status Description": "","Threat ID": 2147753759,"Type ID": 0,"Type Name": "Concrete","Unused2": "","Unused3": "","Unused4": "","Unused5": "","Unused6": "","Unused": ""} }
{ "Timestamp": "2022-07-27 03:54:27.347 +02:00","RuleTitle": "Antivirus Hacktool Detection","Level": "high","Computer": "SANS-SIFT","Channel": "Defender","EventID": 1116,"RecordID": 518,"Details": {"Threat": "HackTool:Win32/Passview","Severity": "High","Type": "Tool","User": "SANS-SIFT\\sansdfir","Path": "file:_C:\\Forensic_Program_Files\\NirSoft\\passwordscan.exe","Proc": "C:\\Program Files\\7-Zip\\7zG.exe"},"ExtraFieldInfo": {"Action ID": 9,"Action Name": "Not Applicable","Additional Actions ID": 0,"Additional Actions String": "No additional actions required","Category ID": 34,"Detection ID": "{20CCB54F-D0F7-4D5A-9FDE-B67154E21D32}","Detection Time": "2022-07-27T01:54:10.669Z","Engine Version": "AM: 1.1.19400.3, NIS: 1.1.19400.3","Error Code": "0x00000000","Error Description": "The operation completed successfully.","Execution ID": 1,"Execution Name": "Suspended","FWLink": "https://go.microsoft.com/fwlink/?linkid=37020&name=HackTool:Win32/Passview&threatid=2147597639&enterprise=0","Origin ID": 1,"Origin Name": "Local machine","Post Clean Status": 0,"Pre Execution Status": 0,"Product Name": "Microsoft Defender Antivirus","Product Version": "4.18.2205.7","Remediation User": "","Security intelligence Version": "AV: 1.371.889.0, AS: 1.371.889.0, NIS: 1.371.889.0","Severity ID": 4,"Source ID": 3,"Source Name": "Real-Time Protection","State": 1,"Status Code": 1,"Status Description": "","Threat ID": 2147597639,"Type ID": 0,"Type Name": "Concrete","Unused2": "","Unused3": "","Unused4": "","Unused5": "","Unused6": "","Unused": ""} }
{ "Timestamp": "2022-07-27 03:54:27.864 +02:00","RuleTitle": "Antivirus Hacktool Detection","Level": "high","Computer": "SANS-SIFT","Channel": "Defender","EventID": 1116,"RecordID": 519,"Details": {"Threat": "HackTool:Win32/ProductKey","Severity": "High","Type": "Tool","User": "SANS-SIFT\\sansdfir","Path": "file:_C:\\Forensic_Program_Files\\NirSoft\\produkey.exe","Proc": "C:\\Program Files\\7-Zip\\7zG.exe"},"ExtraFieldInfo": {"Action ID": 9,"Action Name": "Not Applicable","Additional Actions ID": 0,"Additional Actions String": "No additional actions required","Category ID": 34,"Detection ID": "{24901BE7-39A4-4B2D-A1A2-2909EAE0E32E}","Detection Time": "2022-07-27T01:54:11.622Z","Engine Version": "AM: 1.1.19400.3, NIS: 1.1.19400.3","Error Code": "0x00000000","Error Description": "The operation completed successfully.","Execution ID": 1,"Execution Name": "Suspended","FWLink": "https://go.microsoft.com/fwlink/?linkid=37020&name=HackTool:Win32/ProductKey&threatid=2147658877&enterprise=0","Origin ID": 1,"Origin Name": "Local machine","Post Clean Status": 0,"Pre Execution Status": 0,"Product Name": "Microsoft Defender Antivirus","Product Version": "4.18.2205.7","Remediation User": "","Security intelligence Version": "AV: 1.371.889.0, AS: 1.371.889.0, NIS: 1.371.889.0","Severity ID": 4,"Source ID": 3,"Source Name": "Real-Time Protection","State": 1,"Status Code": 1,"Status Description": "","Threat ID": 2147658877,"Type ID": 0,"Type Name": "Concrete","Unused2": "","Unused3": "","Unused4": "","Unused5": "","Unused6": "","Unused": ""} }
{ "Timestamp": "2022-07-27 03:54:27.950 +02:00","RuleTitle": "Antivirus Hacktool Detection","Level": "high","Computer": "SANS-SIFT","Channel": "Defender","EventID": 1116,"RecordID": 521,"Details": {"Threat": "HackTool:Win32/Passview!MSR","Severity": "High","Type": "Tool","User": "SANS-SIFT\\sansdfir","Path": "file:_C:\\Forensic_Program_Files\\NirSoft\\rdpv.exe","Proc": "C:\\Program Files\\7-Zip\\7zG.exe"},"ExtraFieldInfo": {"Action ID": 9,"Action Name": "Not Applicable","Additional Actions ID": 0,"Additional Actions String": "No additional actions required","Category ID": 34,"Detection ID": "{4DE7C0B5-CF1B-4EF2-B033-EF788D6C9DF8}","Detection Time": "2022-07-27T01:54:11.731Z","Engine Version": "AM: 1.1.19400.3, NIS: 1.1.19400.3","Error Code": "0x00000000","Error Description": "The operation completed successfully.","Execution ID": 1,"Execution Name": "Suspended","FWLink": "https://go.microsoft.com/fwlink/?linkid=37020&name=HackTool:Win32/Passview!MSR&threatid=2147744267&enterprise=0","Origin ID": 1,"Origin Name": "Local machine","Post Clean Status": 0,"Pre Execution Status": 0,"Product Name": "Microsoft Defender Antivirus","Product Version": "4.18.2205.7","Remediation User": "","Security intelligence Version": "AV: 1.371.889.0, AS: 1.371.889.0, NIS: 1.371.889.0","Severity ID": 4,"Source ID": 3,"Source Name": "Real-Time Protection","State": 1,"Status Code": 1,"Status Description": "","Threat ID": 2147744267,"Type ID": 0,"Type Name": "Concrete","Unused2": "","Unused3": "","Unused4": "","Unused5": "","Unused6": "","Unused": ""} }
{ "Timestamp": "2022-07-27 03:54:28.173 +02:00","RuleTitle": "Antivirus Hacktool Detection","Level": "high","Computer": "SANS-SIFT","Channel": "Defender","EventID": 1116,"RecordID": 522,"Details": {"Threat": "HackTool:Win32/Smartsniff!MTB","Severity": "High","Type": "Tool","User": "SANS-SIFT\\sansdfir","Path": "file:_C:\\Forensic_Program_Files\\NirSoft\\sniffpass.exe","Proc": "C:\\Program Files\\7-Zip\\7zG.exe"},"ExtraFieldInfo": {"Action ID": 9,"Action Name": "Not Applicable","Additional Actions ID": 0,"Additional Actions String": "No additional actions required","Category ID": 34,"Detection ID": "{68D8BD65-EAF5-4393-A093-8EF3A2E9056F}","Detection Time": "2022-07-27T01:54:15.669Z","Engine Version": "AM: 1.1.19400.3, NIS: 1.1.19400.3","Error Code": "0x00000000","Error Description": "The operation completed successfully.","Execution ID": 1,"Execution Name": "Suspended","FWLink": "https://go.microsoft.com/fwlink/?linkid=37020&name=HackTool:Win32/Smartsniff!MTB&threatid=2147753760&enterprise=0","Origin ID": 1,"Origin Name": "Local machine","Post Clean Status": 0,"Pre Execution Status": 0,"Product Name": "Microsoft Defender Antivirus","Product Version": "4.18.2205.7","Remediation User": "","Security intelligence Version": "AV: 1.371.889.0, AS: 1.371.889.0, NIS: 1.371.889.0","Severity ID": 4,"Source ID": 3,"Source Name": "Real-Time Protection","State": 1,"Status Code": 1,"Status Description": "","Threat ID": 2147753760,"Type ID": 0,"Type Name": "Concrete","Unused2": "","Unused3": "","Unused4": "","Unused5": "","Unused6": "","Unused": ""} }
