{ "Timestamp": "2022-07-21 00:10:14.066 +02:00","RuleTitle": "WMI Provider Started","Level": "info","Computer": "SANS-SIFT","Channel": "WMI","EventID": 5857,"RecordID": 859,"Details": {"Provider": "MS_NT_EVENTLOG_PROVIDER","Result": "0x0","Proc": "wmiprvse.exe","Path": "%systemroot%\\system32\\wbem\\ntevt.dll","PID": 3360},"ExtraFieldInfo": {} }
{ "Timestamp": "2022-07-21 00:12:23.791 +02:00","RuleTitle": "WMI Provider Started","Level": "info","Computer": "SANS-SIFT","Channel": "WMI","EventID": 5857,"RecordID": 862,"Details": {"Provider": "VpnClientPSProvider","Result": "0x0","Proc": "wmiprvse.exe","Path": "%SYSTEMROOT%\\System32\\wbem\\vpnclientpsprovider.dll","PID": 3360},"ExtraFieldInfo": {} }
{ "Timestamp": "2022-07-20 23:00:57.212 +02:00","RuleTitle": "WMI Provider Started","Level": "info","Computer": "SANS-SIFT","Channel": "WMI","EventID": 5857,"RecordID": 864,"Details": {"Provider": "UserProfileProvider","Result": "0x0","Proc": "wmiprvse.exe","Path": "%systemroot%\\system32\\profprov.dll","PID": 3360},"ExtraFieldInfo": {} }
{ "Timestamp": "2022-07-22 23:19:44.061 +02:00","RuleTitle": "WMI Provider Started","Level": "info","Computer": "SANS-SIFT","Channel": "WMI","EventID": 5857,"RecordID": 865,"Details": {"Provider": "CIMWin32","Result": "0x0","Proc": "wmiprvse.exe","Path": "%systemroot%\\system32\\wbem\\cimwin32.dll","PID": 4068},"ExtraFieldInfo": {} }
{ "Timestamp": "2022-07-22 23:19:48.682 +02:00","RuleTitle": "WMI Provider Started","Level": "info","Computer": "SANS-SIFT","Channel": "WMI","EventID": 5857,"RecordID": 866,"Details": {"Provider": "VpnClientPSProvider","Result": "0x0","Proc": "wmiprvse.exe","Path": "%SYSTEMROOT%\\System32\\wbem\\vpnclientpsprovider.dll","PID": 4068},"ExtraFieldInfo": {} }
{ "Timestamp": "2022-07-22 23:19:59.441 +02:00","RuleTitle": "WMI Provider Started","Level": "info","Computer": "SANS-SIFT","Channel": "WMI","EventID": 5857,"RecordID": 869,"Details": {"Provider": "WMI Kernel Trace Event Provider","Result": "0x0","Proc": "wmiprvse.exe","Path": "C:\\Windows\\System32\\wbem\\krnlprov.dll","PID": 2944},"ExtraFieldInfo": {} }
{ "Timestamp": "2022-07-22 23:20:02.267 +02:00","RuleTitle": "WMI Provider Started","Level": "info","Computer": "SANS-SIFT","Channel": "WMI","EventID": 5857,"RecordID": 871,"Details": {"Provider": "WmiPerfClass","Result": "0x0","Proc": "wmiprvse.exe","Path": "C:\\Windows\\System32\\wbem\\WmiPerfClass.dll","PID": 1692},"ExtraFieldInfo": {} }
{ "Timestamp": "2022-07-22 23:20:02.987 +02:00","RuleTitle": "WMI Provider Started","Level": "info","Computer": "SANS-SIFT","Channel": "WMI","EventID": 5857,"RecordID": 872,"Details": {"Provider": "WMIProv","Result": "0x0","Proc": "wmiprvse.exe","Path": "%systemroot%\\system32\\wbem\\wmiprov.dll","PID": 1692},"ExtraFieldInfo": {} }
{ "Timestamp": "2022-07-22 23:20:22.686 +02:00","RuleTitle": "WMI Provider Started","Level": "info","Computer": "SANS-SIFT","Channel": "WMI","EventID": 5857,"RecordID": 873,"Details": {"Provider": "MS_NT_EVENTLOG_PROVIDER","Result": "0x0","Proc": "wmiprvse.exe","Path": "%systemroot%\\system32\\wbem\\ntevt.dll","PID": 4068},"ExtraFieldInfo": {} }
{ "Timestamp": "2022-07-22 23:25:11.893 +02:00","RuleTitle": "WMI Provider Started","Level": "info","Computer": "SANS-SIFT","Channel": "WMI","EventID": 5857,"RecordID": 882,"Details": {"Provider": "CIMWin32","Result": "0x0","Proc": "wmiprvse.exe","Path": "%systemroot%\\system32\\wbem\\cimwin32.dll","PID": 3180},"ExtraFieldInfo": {} }
{ "Timestamp": "2022-07-22 23:25:15.489 +02:00","RuleTitle": "WMI Provider Started","Level": "info","Computer": "SANS-SIFT","Channel": "WMI","EventID": 5857,"RecordID": 883,"Details": {"Provider": "VpnClientPSProvider","Result": "0x0","Proc": "wmiprvse.exe","Path": "%SYSTEMROOT%\\System32\\wbem\\vpnclientpsprovider.dll","PID": 3180},"ExtraFieldInfo": {} }
{ "Timestamp": "2022-07-22 23:25:30.751 +02:00","RuleTitle": "WMI Provider Started","Level": "info","Computer": "SANS-SIFT","Channel": "WMI","EventID": 5857,"RecordID": 884,"Details": {"Provider": "WmiPerfClass","Result": "0x0","Proc": "wmiprvse.exe","Path": "C:\\Windows\\System32\\wbem\\WmiPerfClass.dll","PID": 6384},"ExtraFieldInfo": {} }
{ "Timestamp": "2022-07-22 23:25:32.497 +02:00","RuleTitle": "WMI Provider Started","Level": "info","Computer": "SANS-SIFT","Channel": "WMI","EventID": 5857,"RecordID": 887,"Details": {"Provider": "WMI Kernel Trace Event Provider","Result": "0x0","Proc": "wmiprvse.exe","Path": "C:\\Windows\\System32\\wbem\\krnlprov.dll","PID": 2944},"ExtraFieldInfo": {} }
{ "Timestamp": "2022-07-22 23:25:33.138 +02:00","RuleTitle": "WMI Provider Started","Level": "info","Computer": "SANS-SIFT","Channel": "WMI","EventID": 5857,"RecordID": 889,"Details": {"Provider": "WMIProv","Result": "0x0","Proc": "wmiprvse.exe","Path": "%systemroot%\\system32\\wbem\\wmiprov.dll","PID": 6384},"ExtraFieldInfo": {} }
{ "Timestamp": "2022-07-22 23:25:51.171 +02:00","RuleTitle": "WMI Provider Started","Level": "info","Computer": "SANS-SIFT","Channel": "WMI","EventID": 5857,"RecordID": 890,"Details": {"Provider": "MS_NT_EVENTLOG_PROVIDER","Result": "0x0","Proc": "wmiprvse.exe","Path": "%systemroot%\\system32\\wbem\\ntevt.dll","PID": 3180},"ExtraFieldInfo": {} }
{ "Timestamp": "2022-07-22 23:28:12.768 +02:00","RuleTitle": "WMI Provider Started","Level": "info","Computer": "SANS-SIFT","Channel": "WMI","EventID": 5857,"RecordID": 893,"Details": {"Provider": "netnat","Result": "0x0","Proc": "wmiprvse.exe","Path": "%systemroot%\\system32\\wbem\\NetNat.dll","PID": 3180},"ExtraFieldInfo": {} }
{ "Timestamp": "2022-07-22 23:31:10.780 +02:00","RuleTitle": "WMI Provider Started","Level": "info","Computer": "SANS-SIFT","Channel": "WMI","EventID": 5857,"RecordID": 896,"Details": {"Provider": "Win32_TpmProvider","Result": "0x0","Proc": "wmiprvse.exe","Path": "C:\\Windows\\System32\\wbem\\Win32_TPM.dll","PID": 3180},"ExtraFieldInfo": {} }
{ "Timestamp": "2022-07-22 23:31:11.305 +02:00","RuleTitle": "WMI Provider Started","Level": "info","Computer": "SANS-SIFT","Channel": "WMI","EventID": 5857,"RecordID": 897,"Details": {"Provider": "Win32_DeviceGuard","Result": "0x0","Proc": "wmiprvse.exe","Path": "%SystemRoot%\\System32\\Win32_DeviceGuard.dll","PID": 3180},"ExtraFieldInfo": {} }
{ "Timestamp": "2022-07-22 23:31:25.958 +02:00","RuleTitle": "WMI Provider Started","Level": "info","Computer": "SANS-SIFT","Channel": "WMI","EventID": 5857,"RecordID": 899,"Details": {"Provider": "Win32_WIN32_TERMINALSERVICE_Prov","Result": "0x0","Proc": "wmiprvse.exe","Path": "%SystemRoot%\\system32\\tscfgwmi.dll","PID": 3180},"ExtraFieldInfo": {} }
{ "Timestamp": "2022-07-22 23:45:43.369 +02:00","RuleTitle": "WMI Provider Started","Level": "info","Computer": "SANS-SIFT","Channel": "WMI","EventID": 5857,"RecordID": 901,"Details": {"Provider": "UserProfileProvider","Result": "0x0","Proc": "wmiprvse.exe","Path": "%systemroot%\\system32\\profprov.dll","PID": 3180},"ExtraFieldInfo": {} }
{ "Timestamp": "2022-07-27 03:37:42.204 +02:00","RuleTitle": "WMI Provider Started","Level": "info","Computer": "SANS-SIFT","Channel": "WMI","EventID": 5857,"RecordID": 902,"Details": {"Provider": "CIMWin32","Result": "0x0","Proc": "wmiprvse.exe","Path": "%systemroot%\\system32\\wbem\\cimwin32.dll","PID": 4332},"ExtraFieldInfo": {} }
{ "Timestamp": "2022-07-27 03:37:47.072 +02:00","RuleTitle": "WMI Provider Started","Level": "info","Computer": "SANS-SIFT","Channel": "WMI","EventID": 5857,"RecordID": 903,"Details": {"Provider": "VpnClientPSProvider","Result": "0x0","Proc": "wmiprvse.exe","Path": "%SYSTEMROOT%\\System32\\wbem\\vpnclientpsprovider.dll","PID": 4332},"ExtraFieldInfo": {} }
{ "Timestamp": "2022-07-27 03:38:00.536 +02:00","RuleTitle": "WMI Provider Started","Level": "info","Computer": "SANS-SIFT","Channel": "WMI","EventID": 5857,"RecordID": 904,"Details": {"Provider": "WmiPerfClass","Result": "0x0","Proc": "wmiprvse.exe","Path": "C:\\Windows\\System32\\wbem\\WmiPerfClass.dll","PID": 7456},"ExtraFieldInfo": {} }
{ "Timestamp": "2022-07-27 03:38:01.309 +02:00","RuleTitle": "WMI Provider Started","Level": "info","Computer": "SANS-SIFT","Channel": "WMI","EventID": 5857,"RecordID": 907,"Details": {"Provider": "WMI Kernel Trace Event Provider","Result": "0x0","Proc": "wmiprvse.exe","Path": "C:\\Windows\\System32\\wbem\\krnlprov.dll","PID": 3044},"ExtraFieldInfo": {} }
{ "Timestamp": "2022-07-27 03:38:04.862 +02:00","RuleTitle": "WMI Provider Started","Level": "info","Computer": "SANS-SIFT","Channel": "WMI","EventID": 5857,"RecordID": 909,"Details": {"Provider": "CIMWin32a","Result": "0x0","Proc": "wmiprvse.exe","Path": "%systemroot%\\system32\\wbem\\wmipcima.dll","PID": 4332},"ExtraFieldInfo": {} }
{ "Timestamp": "2022-07-27 03:38:12.409 +02:00","RuleTitle": "WMI Provider Started","Level": "info","Computer": "SANS-SIFT","Channel": "WMI","EventID": 5857,"RecordID": 910,"Details": {"Provider": "WMIProv","Result": "0x0","Proc": "wmiprvse.exe","Path": "%systemroot%\\system32\\wbem\\wmiprov.dll","PID": 7456},"ExtraFieldInfo": {} }
{ "Timestamp": "2022-07-27 03:38:21.031 +02:00","RuleTitle": "WMI Provider Started","Level": "info","Computer": "SANS-SIFT","Channel": "WMI","EventID": 5857,"RecordID": 914,"Details": {"Provider": "MS_NT_EVENTLOG_PROVIDER","Result": "0x0","Proc": "wmiprvse.exe","Path": "%systemroot%\\system32\\wbem\\ntevt.dll","PID": 4332},"ExtraFieldInfo": {} }
{ "Timestamp": "2022-07-27 03:43:39.132 +02:00","RuleTitle": "WMI Provider Started","Level": "info","Computer": "SANS-SIFT","Channel": "WMI","EventID": 5857,"RecordID": 919,"Details": {"Provider": "Win32_TpmProvider","Result": "0x0","Proc": "wmiprvse.exe","Path": "C:\\Windows\\System32\\wbem\\Win32_TPM.dll","PID": 4332},"ExtraFieldInfo": {} }
{ "Timestamp": "2022-07-27 03:43:39.327 +02:00","RuleTitle": "WMI Provider Started","Level": "info","Computer": "SANS-SIFT","Channel": "WMI","EventID": 5857,"RecordID": 920,"Details": {"Provider": "WMI Kernel Trace Event Provider","Result": "0x0","Proc": "wmiprvse.exe","Path": "C:\\Windows\\System32\\wbem\\krnlprov.dll","PID": 3044},"ExtraFieldInfo": {} }
{ "Timestamp": "2022-07-27 03:43:39.950 +02:00","RuleTitle": "WMI Provider Started","Level": "info","Computer": "SANS-SIFT","Channel": "WMI","EventID": 5857,"RecordID": 922,"Details": {"Provider": "Win32_DeviceGuard","Result": "0x0","Proc": "wmiprvse.exe","Path": "%SystemRoot%\\System32\\Win32_DeviceGuard.dll","PID": 4332},"ExtraFieldInfo": {} }
{ "Timestamp": "2022-07-27 03:44:16.073 +02:00","RuleTitle": "WMI Provider Started","Level": "info","Computer": "SANS-SIFT","Channel": "WMI","EventID": 5857,"RecordID": 924,"Details": {"Provider": "Win32_WIN32_TERMINALSERVICE_Prov","Result": "0x0","Proc": "wmiprvse.exe","Path": "%SystemRoot%\\system32\\tscfgwmi.dll","PID": 4332},"ExtraFieldInfo": {} }
{ "Timestamp": "2022-07-27 03:54:37.541 +02:00","RuleTitle": "WMI Provider Started","Level": "info","Computer": "SANS-SIFT","Channel": "WMI","EventID": 5857,"RecordID": 927,"Details": {"Provider": "WMI Kernel Trace Event Provider","Result": "0x0","Proc": "wmiprvse.exe","Path": "C:\\Windows\\System32\\wbem\\krnlprov.dll","PID": 3044},"ExtraFieldInfo": {} }
{ "Timestamp": "2022-07-27 04:06:13.981 +02:00","RuleTitle": "WMI Provider Started","Level": "info","Computer": "SANS-SIFT","Channel": "WMI","EventID": 5857,"RecordID": 930,"Details": {"Provider": "netnat","Result": "0x0","Proc": "wmiprvse.exe","Path": "%systemroot%\\system32\\wbem\\NetNat.dll","PID": 4332},"ExtraFieldInfo": {} }
{ "Timestamp": "2022-07-27 04:11:14.056 +02:00","RuleTitle": "WMI Provider Started","Level": "info","Computer": "SANS-SIFT","Channel": "WMI","EventID": 5857,"RecordID": 931,"Details": {"Provider": "CIMWin32a","Result": "0x0","Proc": "wmiprvse.exe","Path": "%systemroot%\\system32\\wbem\\wmipcima.dll","PID": 4332},"ExtraFieldInfo": {} }
{ "Timestamp": "2022-07-27 04:28:18.253 +02:00","RuleTitle": "WMI Provider Started","Level": "info","Computer": "SANS-SIFT","Channel": "WMI","EventID": 5857,"RecordID": 932,"Details": {"Provider": "netnat","Result": "0x0","Proc": "wmiprvse.exe","Path": "%systemroot%\\system32\\wbem\\NetNat.dll","PID": 4332},"ExtraFieldInfo": {} }
{ "Timestamp": "2022-07-27 04:36:35.640 +02:00","RuleTitle": "WMI Provider Started","Level": "info","Computer": "SANS-SIFT","Channel": "WMI","EventID": 5857,"RecordID": 933,"Details": {"Provider": "CIMWin32a","Result": "0x0","Proc": "wmiprvse.exe","Path": "%systemroot%\\system32\\wbem\\wmipcima.dll","PID": 4332},"ExtraFieldInfo": {} }
{ "Timestamp": "2022-07-27 05:01:27.940 +02:00","RuleTitle": "WMI Provider Started","Level": "info","Computer": "SANS-SIFT","Channel": "WMI","EventID": 5857,"RecordID": 934,"Details": {"Provider": "WMI Kernel Trace Event Provider","Result": "0x0","Proc": "wmiprvse.exe","Path": "C:\\Windows\\System32\\wbem\\krnlprov.dll","PID": 3044},"ExtraFieldInfo": {} }
{ "Timestamp": "2022-07-27 05:07:39.696 +02:00","RuleTitle": "WMI Provider Started","Level": "info","Computer": "SANS-SIFT","Channel": "WMI","EventID": 5857,"RecordID": 937,"Details": {"Provider": "CIMWin32","Result": "0x0","Proc": "wmiprvse.exe","Path": "%systemroot%\\system32\\wbem\\cimwin32.dll","PID": 3884},"ExtraFieldInfo": {} }
{ "Timestamp": "2022-07-27 05:07:45.881 +02:00","RuleTitle": "WMI Provider Started","Level": "info","Computer": "SANS-SIFT","Channel": "WMI","EventID": 5857,"RecordID": 938,"Details": {"Provider": "VpnClientPSProvider","Result": "0x0","Proc": "wmiprvse.exe","Path": "%SYSTEMROOT%\\System32\\wbem\\vpnclientpsprovider.dll","PID": 3884},"ExtraFieldInfo": {} }
{ "Timestamp": "2022-07-27 05:07:47.592 +02:00","RuleTitle": "WMI Provider Started","Level": "info","Computer": "SANS-SIFT","Channel": "WMI","EventID": 5857,"RecordID": 939,"Details": {"Provider": "CIMWin32a","Result": "0x0","Proc": "wmiprvse.exe","Path": "%systemroot%\\system32\\wbem\\wmipcima.dll","PID": 3884},"ExtraFieldInfo": {} }
{ "Timestamp": "2022-07-27 05:07:59.975 +02:00","RuleTitle": "WMI Provider Started","Level": "info","Computer": "SANS-SIFT","Channel": "WMI","EventID": 5857,"RecordID": 940,"Details": {"Provider": "WmiPerfClass","Result": "0x0","Proc": "wmiprvse.exe","Path": "C:\\Windows\\System32\\wbem\\WmiPerfClass.dll","PID": 7840},"ExtraFieldInfo": {} }
{ "Timestamp": "2022-07-27 05:08:01.197 +02:00","RuleTitle": "WMI Provider Started","Level": "info","Computer": "SANS-SIFT","Channel": "WMI","EventID": 5857,"RecordID": 943,"Details": {"Provider": "WMI Kernel Trace Event Provider","Result": "0x0","Proc": "wmiprvse.exe","Path": "C:\\Windows\\System32\\wbem\\krnlprov.dll","PID": 2852},"ExtraFieldInfo": {} }
{ "Timestamp": "2022-07-27 05:08:01.887 +02:00","RuleTitle": "WMI Provider Started","Level": "info","Computer": "SANS-SIFT","Channel": "WMI","EventID": 5857,"RecordID": 945,"Details": {"Provider": "WMIProv","Result": "0x0","Proc": "wmiprvse.exe","Path": "%systemroot%\\system32\\wbem\\wmiprov.dll","PID": 7840},"ExtraFieldInfo": {} }
{ "Timestamp": "2022-07-27 05:08:20.463 +02:00","RuleTitle": "WMI Provider Started","Level": "info","Computer": "SANS-SIFT","Channel": "WMI","EventID": 5857,"RecordID": 946,"Details": {"Provider": "MS_NT_EVENTLOG_PROVIDER","Result": "0x0","Proc": "wmiprvse.exe","Path": "%systemroot%\\system32\\wbem\\ntevt.dll","PID": 3884},"ExtraFieldInfo": {} }
{ "Timestamp": "2022-07-27 05:10:36.456 +02:00","RuleTitle": "WMI Provider Started","Level": "info","Computer": "SANS-SIFT","Channel": "WMI","EventID": 5857,"RecordID": 949,"Details": {"Provider": "Win32_TpmProvider","Result": "0x0","Proc": "wmiprvse.exe","Path": "C:\\Windows\\System32\\wbem\\Win32_TPM.dll","PID": 3884},"ExtraFieldInfo": {} }
{ "Timestamp": "2022-07-27 05:10:36.930 +02:00","RuleTitle": "WMI Provider Started","Level": "info","Computer": "SANS-SIFT","Channel": "WMI","EventID": 5857,"RecordID": 950,"Details": {"Provider": "Win32_DeviceGuard","Result": "0x0","Proc": "wmiprvse.exe","Path": "%SystemRoot%\\System32\\Win32_DeviceGuard.dll","PID": 3884},"ExtraFieldInfo": {} }
{ "Timestamp": "2022-07-27 05:10:44.792 +02:00","RuleTitle": "WMI Provider Started","Level": "info","Computer": "SANS-SIFT","Channel": "WMI","EventID": 5857,"RecordID": 954,"Details": {"Provider": "Win32_WIN32_TERMINALSERVICE_Prov","Result": "0x0","Proc": "wmiprvse.exe","Path": "%SystemRoot%\\system32\\tscfgwmi.dll","PID": 3884},"ExtraFieldInfo": {} }
{ "Timestamp": "2022-07-27 05:18:24.033 +02:00","RuleTitle": "WMI Provider Started","Level": "info","Computer": "SANS-SIFT","Channel": "WMI","EventID": 5857,"RecordID": 957,"Details": {"Provider": "CIMWin32","Result": "0x0","Proc": "wmiprvse.exe","Path": "%systemroot%\\system32\\wbem\\cimwin32.dll","PID": 3132},"ExtraFieldInfo": {} }
{ "Timestamp": "2022-07-27 05:18:25.886 +02:00","RuleTitle": "WMI Provider Started","Level": "info","Computer": "SANS-SIFT","Channel": "WMI","EventID": 5857,"RecordID": 959,"Details": {"Provider": "CIMWin32a","Result": "0x0","Proc": "wmiprvse.exe","Path": "%systemroot%\\system32\\wbem\\wmipcima.dll","PID": 3132},"ExtraFieldInfo": {} }
{ "Timestamp": "2022-07-27 05:18:31.787 +02:00","RuleTitle": "WMI Provider Started","Level": "info","Computer": "SANS-SIFT","Channel": "WMI","EventID": 5857,"RecordID": 960,"Details": {"Provider": "VpnClientPSProvider","Result": "0x0","Proc": "wmiprvse.exe","Path": "%SYSTEMROOT%\\System32\\wbem\\vpnclientpsprovider.dll","PID": 3132},"ExtraFieldInfo": {} }
{ "Timestamp": "2022-07-27 05:18:45.556 +02:00","RuleTitle": "WMI Provider Started","Level": "info","Computer": "SANS-SIFT","Channel": "WMI","EventID": 5857,"RecordID": 961,"Details": {"Provider": "WmiPerfClass","Result": "0x0","Proc": "wmiprvse.exe","Path": "C:\\Windows\\System32\\wbem\\WmiPerfClass.dll","PID": 7356},"ExtraFieldInfo": {} }
{ "Timestamp": "2022-07-27 05:18:46.759 +02:00","RuleTitle": "WMI Provider Started","Level": "info","Computer": "SANS-SIFT","Channel": "WMI","EventID": 5857,"RecordID": 964,"Details": {"Provider": "WMI Kernel Trace Event Provider","Result": "0x0","Proc": "wmiprvse.exe","Path": "C:\\Windows\\System32\\wbem\\krnlprov.dll","PID": 2868},"ExtraFieldInfo": {} }
{ "Timestamp": "2022-07-27 05:18:47.380 +02:00","RuleTitle": "WMI Provider Started","Level": "info","Computer": "SANS-SIFT","Channel": "WMI","EventID": 5857,"RecordID": 966,"Details": {"Provider": "WMIProv","Result": "0x0","Proc": "wmiprvse.exe","Path": "%systemroot%\\system32\\wbem\\wmiprov.dll","PID": 7356},"ExtraFieldInfo": {} }
{ "Timestamp": "2022-07-27 05:19:06.030 +02:00","RuleTitle": "WMI Provider Started","Level": "info","Computer": "SANS-SIFT","Channel": "WMI","EventID": 5857,"RecordID": 967,"Details": {"Provider": "MS_NT_EVENTLOG_PROVIDER","Result": "0x0","Proc": "wmiprvse.exe","Path": "%systemroot%\\system32\\wbem\\ntevt.dll","PID": 3132},"ExtraFieldInfo": {} }
{ "Timestamp": "2022-07-27 05:23:24.860 +02:00","RuleTitle": "WMI Provider Started","Level": "info","Computer": "SANS-SIFT","Channel": "WMI","EventID": 5857,"RecordID": 970,"Details": {"Provider": "Win32_DeviceGuard","Result": "0x0","Proc": "wmiprvse.exe","Path": "%SystemRoot%\\System32\\Win32_DeviceGuard.dll","PID": 3132},"ExtraFieldInfo": {} }
{ "Timestamp": "2022-07-27 05:27:56.044 +02:00","RuleTitle": "WMI Provider Started","Level": "info","Computer": "SANS-SIFT","Channel": "WMI","EventID": 5857,"RecordID": 973,"Details": {"Provider": "CIMWin32","Result": "0x0","Proc": "wmiprvse.exe","Path": "%systemroot%\\system32\\wbem\\cimwin32.dll","PID": 3252},"ExtraFieldInfo": {} }
{ "Timestamp": "2022-07-27 05:28:00.868 +02:00","RuleTitle": "WMI Provider Started","Level": "info","Computer": "SANS-SIFT","Channel": "WMI","EventID": 5857,"RecordID": 974,"Details": {"Provider": "VpnClientPSProvider","Result": "0x0","Proc": "wmiprvse.exe","Path": "%SYSTEMROOT%\\System32\\wbem\\vpnclientpsprovider.dll","PID": 3252},"ExtraFieldInfo": {} }
{ "Timestamp": "2022-07-27 05:28:04.090 +02:00","RuleTitle": "WMI Provider Started","Level": "info","Computer": "SANS-SIFT","Channel": "WMI","EventID": 5857,"RecordID": 975,"Details": {"Provider": "CIMWin32a","Result": "0x0","Proc": "wmiprvse.exe","Path": "%systemroot%\\system32\\wbem\\wmipcima.dll","PID": 3252},"ExtraFieldInfo": {} }
{ "Timestamp": "2022-07-27 05:28:16.219 +02:00","RuleTitle": "WMI Provider Started","Level": "info","Computer": "SANS-SIFT","Channel": "WMI","EventID": 5857,"RecordID": 976,"Details": {"Provider": "WmiPerfClass","Result": "0x0","Proc": "wmiprvse.exe","Path": "C:\\Windows\\System32\\wbem\\WmiPerfClass.dll","PID": 7244},"ExtraFieldInfo": {} }
{ "Timestamp": "2022-07-27 05:28:17.137 +02:00","RuleTitle": "WMI Provider Started","Level": "info","Computer": "SANS-SIFT","Channel": "WMI","EventID": 5857,"RecordID": 979,"Details": {"Provider": "WMI Kernel Trace Event Provider","Result": "0x0","Proc": "wmiprvse.exe","Path": "C:\\Windows\\System32\\wbem\\krnlprov.dll","PID": 2900},"ExtraFieldInfo": {} }
{ "Timestamp": "2022-07-27 05:28:18.508 +02:00","RuleTitle": "WMI Provider Started","Level": "info","Computer": "SANS-SIFT","Channel": "WMI","EventID": 5857,"RecordID": 981,"Details": {"Provider": "WMIProv","Result": "0x0","Proc": "wmiprvse.exe","Path": "%systemroot%\\system32\\wbem\\wmiprov.dll","PID": 7244},"ExtraFieldInfo": {} }
{ "Timestamp": "2022-07-27 05:28:36.645 +02:00","RuleTitle": "WMI Provider Started","Level": "info","Computer": "SANS-SIFT","Channel": "WMI","EventID": 5857,"RecordID": 982,"Details": {"Provider": "MS_NT_EVENTLOG_PROVIDER","Result": "0x0","Proc": "wmiprvse.exe","Path": "%systemroot%\\system32\\wbem\\ntevt.dll","PID": 3252},"ExtraFieldInfo": {} }
{ "Timestamp": "2022-08-11 02:03:34.286 +02:00","RuleTitle": "WMI Provider Started","Level": "info","Computer": "SANS-SIFT","Channel": "WMI","EventID": 5857,"RecordID": 984,"Details": {"Provider": "CIMWin32","Result": "0x0","Proc": "wmiprvse.exe","Path": "%systemroot%\\system32\\wbem\\cimwin32.dll","PID": 3792},"ExtraFieldInfo": {} }
{ "Timestamp": "2022-08-11 02:03:40.461 +02:00","RuleTitle": "WMI Provider Started","Level": "info","Computer": "SANS-SIFT","Channel": "WMI","EventID": 5857,"RecordID": 986,"Details": {"Provider": "VpnClientPSProvider","Result": "0x0","Proc": "wmiprvse.exe","Path": "%SYSTEMROOT%\\System32\\wbem\\vpnclientpsprovider.dll","PID": 3792},"ExtraFieldInfo": {} }
{ "Timestamp": "2022-08-11 02:03:41.441 +02:00","RuleTitle": "WMI Provider Started","Level": "info","Computer": "SANS-SIFT","Channel": "WMI","EventID": 5857,"RecordID": 987,"Details": {"Provider": "CIMWin32a","Result": "0x0","Proc": "wmiprvse.exe","Path": "%systemroot%\\system32\\wbem\\wmipcima.dll","PID": 3792},"ExtraFieldInfo": {} }
{ "Timestamp": "2022-08-11 02:03:53.990 +02:00","RuleTitle": "WMI Provider Started","Level": "info","Computer": "SANS-SIFT","Channel": "WMI","EventID": 5857,"RecordID": 988,"Details": {"Provider": "WmiPerfClass","Result": "0x0","Proc": "wmiprvse.exe","Path": "C:\\Windows\\System32\\wbem\\WmiPerfClass.dll","PID": 8356},"ExtraFieldInfo": {} }
{ "Timestamp": "2022-08-11 02:03:55.149 +02:00","RuleTitle": "WMI Provider Started","Level": "info","Computer": "SANS-SIFT","Channel": "WMI","EventID": 5857,"RecordID": 991,"Details": {"Provider": "WMI Kernel Trace Event Provider","Result": "0x0","Proc": "wmiprvse.exe","Path": "C:\\Windows\\System32\\wbem\\krnlprov.dll","PID": 2044},"ExtraFieldInfo": {} }
{ "Timestamp": "2022-08-11 02:03:56.229 +02:00","RuleTitle": "WMI Provider Started","Level": "info","Computer": "SANS-SIFT","Channel": "WMI","EventID": 5857,"RecordID": 993,"Details": {"Provider": "WMIProv","Result": "0x0","Proc": "wmiprvse.exe","Path": "%systemroot%\\system32\\wbem\\wmiprov.dll","PID": 8356},"ExtraFieldInfo": {} }
{ "Timestamp": "2022-08-11 02:04:05.227 +02:00","RuleTitle": "WMI Provider Started","Level": "info","Computer": "SANS-SIFT","Channel": "WMI","EventID": 5857,"RecordID": 994,"Details": {"Provider": "WhqlProvider","Result": "0x0","Proc": "wmiprvse.exe","Path": "%systemroot%\\system32\\signdrv.dll","PID": 3792},"ExtraFieldInfo": {} }
{ "Timestamp": "2022-08-11 02:04:13.274 +02:00","RuleTitle": "WMI Provider Started","Level": "info","Computer": "SANS-SIFT","Channel": "WMI","EventID": 5857,"RecordID": 996,"Details": {"Provider": "SppProvider","Result": "0x0","Proc": "wmiprvse.exe","Path": "%SystemRoot%\\System32\\sppwmi.dll","PID": 3792},"ExtraFieldInfo": {} }
{ "Timestamp": "2022-08-11 02:04:14.632 +02:00","RuleTitle": "WMI Provider Started","Level": "info","Computer": "SANS-SIFT","Channel": "WMI","EventID": 5857,"RecordID": 997,"Details": {"Provider": "MS_NT_EVENTLOG_PROVIDER","Result": "0x0","Proc": "wmiprvse.exe","Path": "%systemroot%\\system32\\wbem\\ntevt.dll","PID": 3792},"ExtraFieldInfo": {} }
{ "Timestamp": "2022-08-11 02:10:32.004 +02:00","RuleTitle": "WMI Provider Started","Level": "info","Computer": "SANS-SIFT","Channel": "WMI","EventID": 5857,"RecordID": 1001,"Details": {"Provider": "WMI Kernel Trace Event Provider","Result": "0x0","Proc": "wmiprvse.exe","Path": "C:\\Windows\\System32\\wbem\\krnlprov.dll","PID": 2044},"ExtraFieldInfo": {} }
{ "Timestamp": "2022-08-11 02:10:32.643 +02:00","RuleTitle": "WMI Provider Started","Level": "info","Computer": "SANS-SIFT","Channel": "WMI","EventID": 5857,"RecordID": 1003,"Details": {"Provider": "Win32_TpmProvider","Result": "0x0","Proc": "wmiprvse.exe","Path": "C:\\Windows\\System32\\wbem\\Win32_TPM.dll","PID": 3792},"ExtraFieldInfo": {} }
{ "Timestamp": "2022-08-11 02:10:34.289 +02:00","RuleTitle": "WMI Provider Started","Level": "info","Computer": "SANS-SIFT","Channel": "WMI","EventID": 5857,"RecordID": 1004,"Details": {"Provider": "Win32_DeviceGuard","Result": "0x0","Proc": "wmiprvse.exe","Path": "%SystemRoot%\\System32\\Win32_DeviceGuard.dll","PID": 3792},"ExtraFieldInfo": {} }
{ "Timestamp": "2022-08-11 02:10:59.713 +02:00","RuleTitle": "WMI Provider Started","Level": "info","Computer": "SANS-SIFT","Channel": "WMI","EventID": 5857,"RecordID": 1005,"Details": {"Provider": "Win32_WIN32_TERMINALSERVICE_Prov","Result": "0x0","Proc": "wmiprvse.exe","Path": "%SystemRoot%\\system32\\tscfgwmi.dll","PID": 3792},"ExtraFieldInfo": {} }
{ "Timestamp": "2022-08-11 02:25:44.859 +02:00","RuleTitle": "WMI Provider Started","Level": "info","Computer": "SANS-SIFT","Channel": "WMI","EventID": 5857,"RecordID": 1008,"Details": {"Provider": "netnat","Result": "0x0","Proc": "wmiprvse.exe","Path": "%systemroot%\\system32\\wbem\\NetNat.dll","PID": 3792},"ExtraFieldInfo": {} }
{ "Timestamp": "2022-08-11 02:31:51.455 +02:00","RuleTitle": "WMI Provider Started","Level": "info","Computer": "SANS-SIFT","Channel": "WMI","EventID": 5857,"RecordID": 1010,"Details": {"Provider": "CIMWin32","Result": "0x0","Proc": "wmiprvse.exe","Path": "%systemroot%\\system32\\wbem\\cimwin32.dll","PID": 4280},"ExtraFieldInfo": {} }
{ "Timestamp": "2022-08-11 02:32:01.876 +02:00","RuleTitle": "WMI Provider Started","Level": "info","Computer": "SANS-SIFT","Channel": "WMI","EventID": 5857,"RecordID": 1011,"Details": {"Provider": "CIMWin32a","Result": "0x0","Proc": "wmiprvse.exe","Path": "%systemroot%\\system32\\wbem\\wmipcima.dll","PID": 4280},"ExtraFieldInfo": {} }
{ "Timestamp": "2022-08-11 02:32:09.726 +02:00","RuleTitle": "WMI Provider Started","Level": "info","Computer": "SANS-SIFT","Channel": "WMI","EventID": 5857,"RecordID": 1012,"Details": {"Provider": "WmiPerfClass","Result": "0x0","Proc": "wmiprvse.exe","Path": "C:\\Windows\\System32\\wbem\\WmiPerfClass.dll","PID": 5344},"ExtraFieldInfo": {} }
{ "Timestamp": "2022-08-11 02:32:10.495 +02:00","RuleTitle": "WMI Provider Started","Level": "info","Computer": "SANS-SIFT","Channel": "WMI","EventID": 5857,"RecordID": 1015,"Details": {"Provider": "WMI Kernel Trace Event Provider","Result": "0x0","Proc": "wmiprvse.exe","Path": "C:\\Windows\\System32\\wbem\\krnlprov.dll","PID": 3060},"ExtraFieldInfo": {} }
{ "Timestamp": "2022-08-11 02:32:11.317 +02:00","RuleTitle": "WMI Provider Started","Level": "info","Computer": "SANS-SIFT","Channel": "WMI","EventID": 5857,"RecordID": 1017,"Details": {"Provider": "WMIProv","Result": "0x0","Proc": "wmiprvse.exe","Path": "%systemroot%\\system32\\wbem\\wmiprov.dll","PID": 5344},"ExtraFieldInfo": {} }
{ "Timestamp": "2022-08-11 02:32:30.181 +02:00","RuleTitle": "WMI Provider Started","Level": "info","Computer": "SANS-SIFT","Channel": "WMI","EventID": 5857,"RecordID": 1018,"Details": {"Provider": "MS_NT_EVENTLOG_PROVIDER","Result": "0x0","Proc": "wmiprvse.exe","Path": "%systemroot%\\system32\\wbem\\ntevt.dll","PID": 4280},"ExtraFieldInfo": {} }
{ "Timestamp": "2022-08-11 02:40:11.331 +02:00","RuleTitle": "WMI Provider Started","Level": "info","Computer": "SANS-SIFT","Channel": "WMI","EventID": 5857,"RecordID": 1020,"Details": {"Provider": "WMIProv","Result": "0x0","Proc": "wmiprvse.exe","Path": "%systemroot%\\system32\\wbem\\wmiprov.dll","PID": 5344},"ExtraFieldInfo": {} }
{ "Timestamp": "2022-08-11 02:43:19.368 +02:00","RuleTitle": "WMI Provider Started","Level": "info","Computer": "SANS-SIFT","Channel": "WMI","EventID": 5857,"RecordID": 1021,"Details": {"Provider": "netnat","Result": "0x0","Proc": "wmiprvse.exe","Path": "%systemroot%\\system32\\wbem\\NetNat.dll","PID": 4280},"ExtraFieldInfo": {} }
{ "Timestamp": "2022-08-11 03:07:03.568 +02:00","RuleTitle": "WMI Provider Started","Level": "info","Computer": "SANS-SIFT","Channel": "WMI","EventID": 5857,"RecordID": 1023,"Details": {"Provider": "CIMWin32","Result": "0x0","Proc": "wmiprvse.exe","Path": "%systemroot%\\system32\\wbem\\cimwin32.dll","PID": 2052},"ExtraFieldInfo": {} }
{ "Timestamp": "2022-08-11 03:07:09.314 +02:00","RuleTitle": "WMI Provider Started","Level": "info","Computer": "SANS-SIFT","Channel": "WMI","EventID": 5857,"RecordID": 1024,"Details": {"Provider": "CIMWin32a","Result": "0x0","Proc": "wmiprvse.exe","Path": "%systemroot%\\system32\\wbem\\wmipcima.dll","PID": 2052},"ExtraFieldInfo": {} }
{ "Timestamp": "2022-08-11 03:07:10.869 +02:00","RuleTitle": "WMI Provider Started","Level": "info","Computer": "SANS-SIFT","Channel": "WMI","EventID": 5857,"RecordID": 1025,"Details": {"Provider": "VpnClientPSProvider","Result": "0x0","Proc": "wmiprvse.exe","Path": "%SYSTEMROOT%\\System32\\wbem\\vpnclientpsprovider.dll","PID": 2052},"ExtraFieldInfo": {} }
{ "Timestamp": "2022-08-11 03:07:24.671 +02:00","RuleTitle": "WMI Provider Started","Level": "info","Computer": "SANS-SIFT","Channel": "WMI","EventID": 5857,"RecordID": 1026,"Details": {"Provider": "WmiPerfClass","Result": "0x0","Proc": "wmiprvse.exe","Path": "C:\\Windows\\System32\\wbem\\WmiPerfClass.dll","PID": 7016},"ExtraFieldInfo": {} }
{ "Timestamp": "2022-08-11 03:07:26.349 +02:00","RuleTitle": "WMI Provider Started","Level": "info","Computer": "SANS-SIFT","Channel": "WMI","EventID": 5857,"RecordID": 1029,"Details": {"Provider": "WMI Kernel Trace Event Provider","Result": "0x0","Proc": "wmiprvse.exe","Path": "C:\\Windows\\System32\\wbem\\krnlprov.dll","PID": 2892},"ExtraFieldInfo": {} }
{ "Timestamp": "2022-08-11 03:07:27.737 +02:00","RuleTitle": "WMI Provider Started","Level": "info","Computer": "SANS-SIFT","Channel": "WMI","EventID": 5857,"RecordID": 1031,"Details": {"Provider": "WMIProv","Result": "0x0","Proc": "wmiprvse.exe","Path": "%systemroot%\\system32\\wbem\\wmiprov.dll","PID": 7016},"ExtraFieldInfo": {} }
{ "Timestamp": "2022-08-11 03:07:45.139 +02:00","RuleTitle": "WMI Provider Started","Level": "info","Computer": "SANS-SIFT","Channel": "WMI","EventID": 5857,"RecordID": 1032,"Details": {"Provider": "MS_NT_EVENTLOG_PROVIDER","Result": "0x0","Proc": "wmiprvse.exe","Path": "%systemroot%\\system32\\wbem\\ntevt.dll","PID": 2052},"ExtraFieldInfo": {} }
{ "Timestamp": "2022-08-11 03:15:59.865 +02:00","RuleTitle": "WMI Provider Started","Level": "info","Computer": "SANS-SIFT","Channel": "WMI","EventID": 5857,"RecordID": 1036,"Details": {"Provider": "Win32_DeviceGuard","Result": "0x0","Proc": "wmiprvse.exe","Path": "%SystemRoot%\\System32\\Win32_DeviceGuard.dll","PID": 2052},"ExtraFieldInfo": {} }
{ "Timestamp": "2022-08-11 03:21:15.230 +02:00","RuleTitle": "WMI Provider Started","Level": "info","Computer": "SANS-SIFT","Channel": "WMI","EventID": 5857,"RecordID": 1039,"Details": {"Provider": "Win32_DeviceGuard","Result": "0x0","Proc": "wmiprvse.exe","Path": "%SystemRoot%\\System32\\Win32_DeviceGuard.dll","PID": 2052},"ExtraFieldInfo": {} }
{ "Timestamp": "2022-08-11 03:28:38.017 +02:00","RuleTitle": "WMI Provider Started","Level": "info","Computer": "SANS-SIFT","Channel": "WMI","EventID": 5857,"RecordID": 1092,"Details": {"Provider": "CIMWin32a","Result": "0x0","Proc": "wmiprvse.exe","Path": "%systemroot%\\system32\\wbem\\wmipcima.dll","PID": 2052},"ExtraFieldInfo": {} }
{ "Timestamp": "2022-08-11 03:29:06.799 +02:00","RuleTitle": "WMI Provider Started","Level": "info","Computer": "SANS-SIFT","Channel": "WMI","EventID": 5857,"RecordID": 1093,"Details": {"Provider": "netnat","Result": "0x0","Proc": "wmiprvse.exe","Path": "%systemroot%\\system32\\wbem\\NetNat.dll","PID": 2052},"ExtraFieldInfo": {} }
{ "Timestamp": "2022-08-13 18:31:03.192 +02:00","RuleTitle": "WMI Provider Started","Level": "info","Computer": "SANS-SIFT","Channel": "WMI","EventID": 5857,"RecordID": 1094,"Details": {"Provider": "CIMWin32","Result": "0x0","Proc": "wmiprvse.exe","Path": "%systemroot%\\system32\\wbem\\cimwin32.dll","PID": 3124},"ExtraFieldInfo": {} }
{ "Timestamp": "2022-08-13 18:31:03.871 +02:00","RuleTitle": "WMI Provider Started","Level": "info","Computer": "SANS-SIFT","Channel": "WMI","EventID": 5857,"RecordID": 1095,"Details": {"Provider": "CIMWin32a","Result": "0x0","Proc": "wmiprvse.exe","Path": "%systemroot%\\system32\\wbem\\wmipcima.dll","PID": 3124},"ExtraFieldInfo": {} }
{ "Timestamp": "2022-08-13 18:31:24.077 +02:00","RuleTitle": "WMI Provider Started","Level": "info","Computer": "SANS-SIFT","Channel": "WMI","EventID": 5857,"RecordID": 1096,"Details": {"Provider": "WmiPerfClass","Result": "0x0","Proc": "wmiprvse.exe","Path": "C:\\Windows\\System32\\wbem\\WmiPerfClass.dll","PID": 4912},"ExtraFieldInfo": {} }
{ "Timestamp": "2022-08-13 18:31:24.939 +02:00","RuleTitle": "WMI Provider Started","Level": "info","Computer": "SANS-SIFT","Channel": "WMI","EventID": 5857,"RecordID": 1099,"Details": {"Provider": "WMI Kernel Trace Event Provider","Result": "0x0","Proc": "wmiprvse.exe","Path": "C:\\Windows\\System32\\wbem\\krnlprov.dll","PID": 2832},"ExtraFieldInfo": {} }
{ "Timestamp": "2022-08-13 18:31:25.659 +02:00","RuleTitle": "WMI Provider Started","Level": "info","Computer": "SANS-SIFT","Channel": "WMI","EventID": 5857,"RecordID": 1101,"Details": {"Provider": "WMIProv","Result": "0x0","Proc": "wmiprvse.exe","Path": "%systemroot%\\system32\\wbem\\wmiprov.dll","PID": 4912},"ExtraFieldInfo": {} }
{ "Timestamp": "2022-08-13 18:31:44.465 +02:00","RuleTitle": "WMI Provider Started","Level": "info","Computer": "SANS-SIFT","Channel": "WMI","EventID": 5857,"RecordID": 1102,"Details": {"Provider": "MS_NT_EVENTLOG_PROVIDER","Result": "0x0","Proc": "wmiprvse.exe","Path": "%systemroot%\\system32\\wbem\\ntevt.dll","PID": 3124},"ExtraFieldInfo": {} }
{ "Timestamp": "2022-08-13 18:33:10.347 +02:00","RuleTitle": "WMI Provider Started","Level": "info","Computer": "SANS-SIFT","Channel": "WMI","EventID": 5857,"RecordID": 1105,"Details": {"Provider": "WhqlProvider","Result": "0x0","Proc": "wmiprvse.exe","Path": "%systemroot%\\system32\\signdrv.dll","PID": 3124},"ExtraFieldInfo": {} }
{ "Timestamp": "2022-08-13 18:34:00.661 +02:00","RuleTitle": "WMI Provider Started","Level": "info","Computer": "SANS-SIFT","Channel": "WMI","EventID": 5857,"RecordID": 1107,"Details": {"Provider": "Win32_TpmProvider","Result": "0x0","Proc": "wmiprvse.exe","Path": "C:\\Windows\\System32\\wbem\\Win32_TPM.dll","PID": 3124},"ExtraFieldInfo": {} }
{ "Timestamp": "2022-08-13 18:34:01.365 +02:00","RuleTitle": "WMI Provider Started","Level": "info","Computer": "SANS-SIFT","Channel": "WMI","EventID": 5857,"RecordID": 1108,"Details": {"Provider": "Win32_DeviceGuard","Result": "0x0","Proc": "wmiprvse.exe","Path": "%SystemRoot%\\System32\\Win32_DeviceGuard.dll","PID": 3124},"ExtraFieldInfo": {} }
{ "Timestamp": "2022-08-13 18:34:21.262 +02:00","RuleTitle": "WMI Provider Started","Level": "info","Computer": "SANS-SIFT","Channel": "WMI","EventID": 5857,"RecordID": 1112,"Details": {"Provider": "Win32_WIN32_TERMINALSERVICE_Prov","Result": "0x0","Proc": "wmiprvse.exe","Path": "%SystemRoot%\\system32\\tscfgwmi.dll","PID": 3124},"ExtraFieldInfo": {} }
{ "Timestamp": "2022-08-13 19:01:08.184 +02:00","RuleTitle": "WMI Provider Started","Level": "info","Computer": "SANS-SIFT","Channel": "WMI","EventID": 5857,"RecordID": 1115,"Details": {"Provider": "CIMWin32a","Result": "0x0","Proc": "wmiprvse.exe","Path": "%systemroot%\\system32\\wbem\\wmipcima.dll","PID": 3124},"ExtraFieldInfo": {} }
{ "Timestamp": "2022-08-13 19:02:22.789 +02:00","RuleTitle": "WMI Provider Started","Level": "info","Computer": "SANS-SIFT","Channel": "WMI","EventID": 5857,"RecordID": 1116,"Details": {"Provider": "UserProfileProvider","Result": "0x0","Proc": "wmiprvse.exe","Path": "%systemroot%\\system32\\profprov.dll","PID": 3124},"ExtraFieldInfo": {} }
{ "Timestamp": "2022-08-13 19:58:05.495 +02:00","RuleTitle": "WMI Provider Started","Level": "info","Computer": "SANS-SIFT","Channel": "WMI","EventID": 5857,"RecordID": 1117,"Details": {"Provider": "CIMWin32a","Result": "0x0","Proc": "wmiprvse.exe","Path": "%systemroot%\\system32\\wbem\\wmipcima.dll","PID": 3124},"ExtraFieldInfo": {} }
{ "Timestamp": "2022-08-13 20:04:50.822 +02:00","RuleTitle": "WMI Provider Started","Level": "info","Computer": "SANS-SIFT","Channel": "WMI","EventID": 5857,"RecordID": 1118,"Details": {"Provider": "netnat","Result": "0x0","Proc": "wmiprvse.exe","Path": "%systemroot%\\system32\\wbem\\NetNat.dll","PID": 3124},"ExtraFieldInfo": {} }
{ "Timestamp": "2022-08-13 20:29:18.317 +02:00","RuleTitle": "WMI Provider Started","Level": "info","Computer": "SANS-SIFT","Channel": "WMI","EventID": 5857,"RecordID": 1119,"Details": {"Provider": "CIMWin32","Result": "0x0","Proc": "wmiprvse.exe","Path": "%systemroot%\\system32\\wbem\\cimwin32.dll","PID": 4120},"ExtraFieldInfo": {} }
{ "Timestamp": "2022-08-13 20:29:22.043 +02:00","RuleTitle": "WMI Provider Started","Level": "info","Computer": "SANS-SIFT","Channel": "WMI","EventID": 5857,"RecordID": 1120,"Details": {"Provider": "CIMWin32a","Result": "0x0","Proc": "wmiprvse.exe","Path": "%systemroot%\\system32\\wbem\\wmipcima.dll","PID": 4120},"ExtraFieldInfo": {} }
{ "Timestamp": "2022-08-13 20:29:36.707 +02:00","RuleTitle": "WMI Provider Started","Level": "info","Computer": "SANS-SIFT","Channel": "WMI","EventID": 5857,"RecordID": 1121,"Details": {"Provider": "WmiPerfClass","Result": "0x0","Proc": "wmiprvse.exe","Path": "C:\\Windows\\System32\\wbem\\WmiPerfClass.dll","PID": 7188},"ExtraFieldInfo": {} }
{ "Timestamp": "2022-08-13 20:29:37.377 +02:00","RuleTitle": "WMI Provider Started","Level": "info","Computer": "SANS-SIFT","Channel": "WMI","EventID": 5857,"RecordID": 1124,"Details": {"Provider": "WMI Kernel Trace Event Provider","Result": "0x0","Proc": "wmiprvse.exe","Path": "C:\\Windows\\System32\\wbem\\krnlprov.dll","PID": 3008},"ExtraFieldInfo": {} }
{ "Timestamp": "2022-08-13 20:29:38.009 +02:00","RuleTitle": "WMI Provider Started","Level": "info","Computer": "SANS-SIFT","Channel": "WMI","EventID": 5857,"RecordID": 1126,"Details": {"Provider": "WMIProv","Result": "0x0","Proc": "wmiprvse.exe","Path": "%systemroot%\\system32\\wbem\\wmiprov.dll","PID": 7188},"ExtraFieldInfo": {} }
{ "Timestamp": "2022-08-13 20:29:57.145 +02:00","RuleTitle": "WMI Provider Started","Level": "info","Computer": "SANS-SIFT","Channel": "WMI","EventID": 5857,"RecordID": 1127,"Details": {"Provider": "MS_NT_EVENTLOG_PROVIDER","Result": "0x0","Proc": "wmiprvse.exe","Path": "%systemroot%\\system32\\wbem\\ntevt.dll","PID": 4120},"ExtraFieldInfo": {} }
{ "Timestamp": "2022-08-13 20:53:43.615 +02:00","RuleTitle": "WMI Provider Started","Level": "info","Computer": "SANS-SIFT","Channel": "WMI","EventID": 5857,"RecordID": 1130,"Details": {"Provider": "WMI Kernel Trace Event Provider","Result": "0x0","Proc": "wmiprvse.exe","Path": "C:\\Windows\\System32\\wbem\\krnlprov.dll","PID": 3008},"ExtraFieldInfo": {} }
{ "Timestamp": "2022-08-13 20:53:52.182 +02:00","RuleTitle": "WMI Provider Started","Level": "info","Computer": "SANS-SIFT","Channel": "WMI","EventID": 5857,"RecordID": 1132,"Details": {"Provider": "WMIProv","Result": "0x0","Proc": "wmiprvse.exe","Path": "%systemroot%\\system32\\wbem\\wmiprov.dll","PID": 4576},"ExtraFieldInfo": {} }
{ "Timestamp": "2022-07-18 15:44:29.167 +02:00","RuleTitle": "Permanent WMI Event Consumer","Level": "info","Computer": "SANS-SIFT","Channel": "WMI","EventID": 5861,"RecordID": 681,"Details": {"Namespace": "//./root/subscription","Consumer": "NTEventLogEventConsumer=\"SCM Event Log Consumer\"","Details": "Binding EventFilter: \\ninstance of __EventFilter\\n{\\n\\tCreatorSID = {1, 2, 0, 0, 0, 0, 0, 5, 32, 0, 0, 0, 32, 2, 0, 0};\\n\\tEventNamespace = \"root\\\\cimv2\";\\n\\tName = \"SCM Event Log Filter\";\\n\\tQuery = \"select * from MSFT_SCMEventLogEvent\";\\n\\tQueryLanguage = \"WQL\";\\n};\\nPerm. Consumer: \\ninstance of NTEventLogEventConsumer\\n{\\n\\tCategory = 0;\\n\\tCreatorSID = {1, 2, 0, 0, 0, 0, 0, 5, 32, 0, 0, 0, 32, 2, 0, 0};\\n\\tEventType = 1;\\n\\tName = \"SCM Event Log Consumer\";\\n\\tNameOfUserSIDProperty = \"sid\";\\n\\tSourceName = \"Service Control Manager\";\\n};\\n"},"ExtraFieldInfo": {"ESS": "SCM Event Log Filter","PossibleCause": "Binding EventFilter: \\ninstance of __EventFilter\\n{\\n\\tCreatorSID = {1, 2, 0, 0, 0, 0, 0, 5, 32, 0, 0, 0, 32, 2, 0, 0};\\n\\tEventNamespace = \"root\\\\cimv2\";\\n\\tName = \"SCM Event Log Filter\";\\n\\tQuery = \"select * from MSFT_SCMEventLogEvent\";\\n\\tQueryLanguage = \"WQL\";\\n};\\nPerm. Consumer: \\ninstance of NTEventLogEventConsumer\\n{\\n\\tCategory = 0;\\n\\tCreatorSID = {1, 2, 0, 0, 0, 0, 0, 5, 32, 0, 0, 0, 32, 2, 0, 0};\\n\\tEventType = 1;\\n\\tName = \"SCM Event Log Consumer\";\\n\\tNameOfUserSIDProperty = \"sid\";\\n\\tSourceName = \"Service Control Manager\";\\n};"} }
{ "Timestamp": "2022-07-20 22:13:02.817 +02:00","RuleTitle": "Permanent WMI Event Consumer","Level": "info","Computer": "SANS-SIFT","Channel": "WMI","EventID": 5861,"RecordID": 689,"Details": {"Namespace": "//./root/subscription","Consumer": "NTEventLogEventConsumer=\"SCM Event Log Consumer\"","Details": "Binding EventFilter: \\ninstance of __EventFilter\\n{\\n\\tCreatorSID = {1, 2, 0, 0, 0, 0, 0, 5, 32, 0, 0, 0, 32, 2, 0, 0};\\n\\tEventNamespace = \"root\\\\cimv2\";\\n\\tName = \"SCM Event Log Filter\";\\n\\tQuery = \"select * from MSFT_SCMEventLogEvent\";\\n\\tQueryLanguage = \"WQL\";\\n};\\nPerm. Consumer: \\ninstance of NTEventLogEventConsumer\\n{\\n\\tCategory = 0;\\n\\tCreatorSID = {1, 2, 0, 0, 0, 0, 0, 5, 32, 0, 0, 0, 32, 2, 0, 0};\\n\\tEventType = 1;\\n\\tName = \"SCM Event Log Consumer\";\\n\\tNameOfUserSIDProperty = \"sid\";\\n\\tSourceName = \"Service Control Manager\";\\n};\\n"},"ExtraFieldInfo": {"ESS": "SCM Event Log Filter","PossibleCause": "Binding EventFilter: \\ninstance of __EventFilter\\n{\\n\\tCreatorSID = {1, 2, 0, 0, 0, 0, 0, 5, 32, 0, 0, 0, 32, 2, 0, 0};\\n\\tEventNamespace = \"root\\\\cimv2\";\\n\\tName = \"SCM Event Log Filter\";\\n\\tQuery = \"select * from MSFT_SCMEventLogEvent\";\\n\\tQueryLanguage = \"WQL\";\\n};\\nPerm. Consumer: \\ninstance of NTEventLogEventConsumer\\n{\\n\\tCategory = 0;\\n\\tCreatorSID = {1, 2, 0, 0, 0, 0, 0, 5, 32, 0, 0, 0, 32, 2, 0, 0};\\n\\tEventType = 1;\\n\\tName = \"SCM Event Log Consumer\";\\n\\tNameOfUserSIDProperty = \"sid\";\\n\\tSourceName = \"Service Control Manager\";\\n};"} }
{ "Timestamp": "2022-07-20 23:00:35.215 +02:00","RuleTitle": "Permanent WMI Event Consumer","Level": "info","Computer": "SANS-SIFT","Channel": "WMI","EventID": 5861,"RecordID": 823,"Details": {"Namespace": "//./root/subscription","Consumer": "NTEventLogEventConsumer=\"SCM Event Log Consumer\"","Details": "Binding EventFilter: \\ninstance of __EventFilter\\n{\\n\\tCreatorSID = {1, 2, 0, 0, 0, 0, 0, 5, 32, 0, 0, 0, 32, 2, 0, 0};\\n\\tEventNamespace = \"root\\\\cimv2\";\\n\\tName = \"SCM Event Log Filter\";\\n\\tQuery = \"select * from MSFT_SCMEventLogEvent\";\\n\\tQueryLanguage = \"WQL\";\\n};\\nPerm. Consumer: \\ninstance of NTEventLogEventConsumer\\n{\\n\\tCategory = 0;\\n\\tCreatorSID = {1, 2, 0, 0, 0, 0, 0, 5, 32, 0, 0, 0, 32, 2, 0, 0};\\n\\tEventType = 1;\\n\\tName = \"SCM Event Log Consumer\";\\n\\tNameOfUserSIDProperty = \"sid\";\\n\\tSourceName = \"Service Control Manager\";\\n};\\n"},"ExtraFieldInfo": {"ESS": "SCM Event Log Filter","PossibleCause": "Binding EventFilter: \\ninstance of __EventFilter\\n{\\n\\tCreatorSID = {1, 2, 0, 0, 0, 0, 0, 5, 32, 0, 0, 0, 32, 2, 0, 0};\\n\\tEventNamespace = \"root\\\\cimv2\";\\n\\tName = \"SCM Event Log Filter\";\\n\\tQuery = \"select * from MSFT_SCMEventLogEvent\";\\n\\tQueryLanguage = \"WQL\";\\n};\\nPerm. Consumer: \\ninstance of NTEventLogEventConsumer\\n{\\n\\tCategory = 0;\\n\\tCreatorSID = {1, 2, 0, 0, 0, 0, 0, 5, 32, 0, 0, 0, 32, 2, 0, 0};\\n\\tEventType = 1;\\n\\tName = \"SCM Event Log Consumer\";\\n\\tNameOfUserSIDProperty = \"sid\";\\n\\tSourceName = \"Service Control Manager\";\\n};"} }
{ "Timestamp": "2022-07-20 23:06:26.434 +02:00","RuleTitle": "Permanent WMI Event Consumer","Level": "info","Computer": "SANS-SIFT","Channel": "WMI","EventID": 5861,"RecordID": 832,"Details": {"Namespace": "//./root/subscription","Consumer": "NTEventLogEventConsumer=\"SCM Event Log Consumer\"","Details": "Binding EventFilter: \\ninstance of __EventFilter\\n{\\n\\tCreatorSID = {1, 2, 0, 0, 0, 0, 0, 5, 32, 0, 0, 0, 32, 2, 0, 0};\\n\\tEventNamespace = \"root\\\\cimv2\";\\n\\tName = \"SCM Event Log Filter\";\\n\\tQuery = \"select * from MSFT_SCMEventLogEvent\";\\n\\tQueryLanguage = \"WQL\";\\n};\\nPerm. Consumer: \\ninstance of NTEventLogEventConsumer\\n{\\n\\tCategory = 0;\\n\\tCreatorSID = {1, 2, 0, 0, 0, 0, 0, 5, 32, 0, 0, 0, 32, 2, 0, 0};\\n\\tEventType = 1;\\n\\tName = \"SCM Event Log Consumer\";\\n\\tNameOfUserSIDProperty = \"sid\";\\n\\tSourceName = \"Service Control Manager\";\\n};\\n"},"ExtraFieldInfo": {"ESS": "SCM Event Log Filter","PossibleCause": "Binding EventFilter: \\ninstance of __EventFilter\\n{\\n\\tCreatorSID = {1, 2, 0, 0, 0, 0, 0, 5, 32, 0, 0, 0, 32, 2, 0, 0};\\n\\tEventNamespace = \"root\\\\cimv2\";\\n\\tName = \"SCM Event Log Filter\";\\n\\tQuery = \"select * from MSFT_SCMEventLogEvent\";\\n\\tQueryLanguage = \"WQL\";\\n};\\nPerm. Consumer: \\ninstance of NTEventLogEventConsumer\\n{\\n\\tCategory = 0;\\n\\tCreatorSID = {1, 2, 0, 0, 0, 0, 0, 5, 32, 0, 0, 0, 32, 2, 0, 0};\\n\\tEventType = 1;\\n\\tName = \"SCM Event Log Consumer\";\\n\\tNameOfUserSIDProperty = \"sid\";\\n\\tSourceName = \"Service Control Manager\";\\n};"} }
{ "Timestamp": "2022-07-20 23:08:50.492 +02:00","RuleTitle": "Permanent WMI Event Consumer","Level": "info","Computer": "SANS-SIFT","Channel": "WMI","EventID": 5861,"RecordID": 842,"Details": {"Namespace": "//./root/subscription","Consumer": "NTEventLogEventConsumer=\"SCM Event Log Consumer\"","Details": "Binding EventFilter: \\ninstance of __EventFilter\\n{\\n\\tCreatorSID = {1, 2, 0, 0, 0, 0, 0, 5, 32, 0, 0, 0, 32, 2, 0, 0};\\n\\tEventNamespace = \"root\\\\cimv2\";\\n\\tName = \"SCM Event Log Filter\";\\n\\tQuery = \"select * from MSFT_SCMEventLogEvent\";\\n\\tQueryLanguage = \"WQL\";\\n};\\nPerm. Consumer: \\ninstance of NTEventLogEventConsumer\\n{\\n\\tCategory = 0;\\n\\tCreatorSID = {1, 2, 0, 0, 0, 0, 0, 5, 32, 0, 0, 0, 32, 2, 0, 0};\\n\\tEventType = 1;\\n\\tName = \"SCM Event Log Consumer\";\\n\\tNameOfUserSIDProperty = \"sid\";\\n\\tSourceName = \"Service Control Manager\";\\n};\\n"},"ExtraFieldInfo": {"ESS": "SCM Event Log Filter","PossibleCause": "Binding EventFilter: \\ninstance of __EventFilter\\n{\\n\\tCreatorSID = {1, 2, 0, 0, 0, 0, 0, 5, 32, 0, 0, 0, 32, 2, 0, 0};\\n\\tEventNamespace = \"root\\\\cimv2\";\\n\\tName = \"SCM Event Log Filter\";\\n\\tQuery = \"select * from MSFT_SCMEventLogEvent\";\\n\\tQueryLanguage = \"WQL\";\\n};\\nPerm. Consumer: \\ninstance of NTEventLogEventConsumer\\n{\\n\\tCategory = 0;\\n\\tCreatorSID = {1, 2, 0, 0, 0, 0, 0, 5, 32, 0, 0, 0, 32, 2, 0, 0};\\n\\tEventType = 1;\\n\\tName = \"SCM Event Log Consumer\";\\n\\tNameOfUserSIDProperty = \"sid\";\\n\\tSourceName = \"Service Control Manager\";\\n};"} }
{ "Timestamp": "2022-07-21 00:09:54.450 +02:00","RuleTitle": "Permanent WMI Event Consumer","Level": "info","Computer": "SANS-SIFT","Channel": "WMI","EventID": 5861,"RecordID": 854,"Details": {"Namespace": "//./root/subscription","Consumer": "NTEventLogEventConsumer=\"SCM Event Log Consumer\"","Details": "Binding EventFilter: \\ninstance of __EventFilter\\n{\\n\\tCreatorSID = {1, 2, 0, 0, 0, 0, 0, 5, 32, 0, 0, 0, 32, 2, 0, 0};\\n\\tEventNamespace = \"root\\\\cimv2\";\\n\\tName = \"SCM Event Log Filter\";\\n\\tQuery = \"select * from MSFT_SCMEventLogEvent\";\\n\\tQueryLanguage = \"WQL\";\\n};\\nPerm. Consumer: \\ninstance of NTEventLogEventConsumer\\n{\\n\\tCategory = 0;\\n\\tCreatorSID = {1, 2, 0, 0, 0, 0, 0, 5, 32, 0, 0, 0, 32, 2, 0, 0};\\n\\tEventType = 1;\\n\\tName = \"SCM Event Log Consumer\";\\n\\tNameOfUserSIDProperty = \"sid\";\\n\\tSourceName = \"Service Control Manager\";\\n};\\n"},"ExtraFieldInfo": {"ESS": "SCM Event Log Filter","PossibleCause": "Binding EventFilter: \\ninstance of __EventFilter\\n{\\n\\tCreatorSID = {1, 2, 0, 0, 0, 0, 0, 5, 32, 0, 0, 0, 32, 2, 0, 0};\\n\\tEventNamespace = \"root\\\\cimv2\";\\n\\tName = \"SCM Event Log Filter\";\\n\\tQuery = \"select * from MSFT_SCMEventLogEvent\";\\n\\tQueryLanguage = \"WQL\";\\n};\\nPerm. Consumer: \\ninstance of NTEventLogEventConsumer\\n{\\n\\tCategory = 0;\\n\\tCreatorSID = {1, 2, 0, 0, 0, 0, 0, 5, 32, 0, 0, 0, 32, 2, 0, 0};\\n\\tEventType = 1;\\n\\tName = \"SCM Event Log Consumer\";\\n\\tNameOfUserSIDProperty = \"sid\";\\n\\tSourceName = \"Service Control Manager\";\\n};"} }
